<?xml version="1.0" encoding="UTF-8"?>
<!-- Generated by org.testng.reporters.JUnitReportReporter -->
<testsuite hostname="fv-az1241-211" failures="0" tests="1" name="Tests.WebTest" time="17.784" errors="0" timestamp="2023-09-25T08:23:40 UTC" skipped="0">
  <testcase classname="Tests.WebTest" name="testGoogleSearchUsingSelenoid" time="17.784"/>
  <system-out/>
</testsuite> <!-- Tests.WebTest -->
