<?xml version="1.0" encoding="UTF-8"?>
<!-- Generated by org.testng.reporters.JUnitReportReporter -->
<testsuite hostname="fv-az298-723" failures="0" tests="1" name="Tests.WebTest" time="3.353" errors="0" timestamp="2023-03-12T08:15:00 UTC" skipped="0">
  <testcase classname="Tests.WebTest" name="testGoogleSearchUsingSelenoid" time="3.353"/>
  <system-out/>
</testsuite> <!-- Tests.WebTest -->
