<?xml version="1.0" encoding="UTF-8"?>
<!-- Generated by org.testng.reporters.JUnitReportReporter -->
<testsuite hostname="fv-az444-238" failures="0" tests="1" name="Tests.WebTest" time="6.271" errors="0" timestamp="2023-03-27T08:24:50 UTC" skipped="0">
  <testcase classname="Tests.WebTest" name="testGoogleSearchUsingSelenoid" time="6.271"/>
  <system-out/>
</testsuite> <!-- Tests.WebTest -->
