<?xml version="1.0" encoding="UTF-8"?>
<!-- Generated by org.testng.reporters.JUnitReportReporter -->
<testsuite hostname="fv-az617-29" failures="0" tests="1" name="Tests.WebTest" time="16.378" errors="0" timestamp="2023-07-23T08:20:51 UTC" skipped="0">
  <testcase classname="Tests.WebTest" name="testGoogleSearchUsingSelenoid" time="16.378"/>
  <system-out/>
</testsuite> <!-- Tests.WebTest -->
