<?xml version="1.0" encoding="UTF-8"?>
<!-- Generated by org.testng.reporters.JUnitReportReporter -->
<testsuite hostname="fv-az576-285" failures="0" tests="1" name="Tests.WebTest" time="6.422" errors="0" timestamp="2023-06-15T08:21:18 UTC" skipped="0">
  <testcase classname="Tests.WebTest" name="testGoogleSearchUsingSelenoid" time="6.422"/>
  <system-out/>
</testsuite> <!-- Tests.WebTest -->
