<?xml version="1.0" encoding="UTF-8"?>
<!-- Generated by org.testng.reporters.JUnitReportReporter -->
<testsuite hostname="fv-az241-768" failures="0" tests="1" name="Tests.WebTest" time="6.268" errors="0" timestamp="2022-09-10T13:50:40 UTC" skipped="0">
  <testcase classname="Tests.WebTest" name="testGoogleSearchUsingSelenoid" time="6.268"/>
  <system-out/>
</testsuite> <!-- Tests.WebTest -->
