<?xml version="1.0" encoding="UTF-8"?>
<!-- Generated by org.testng.reporters.JUnitReportReporter -->
<testsuite hostname="fv-az203-195" failures="0" tests="1" name="Tests.WebTest" time="2.997" errors="0" timestamp="2022-11-01T08:21:02 UTC" skipped="0">
  <testcase classname="Tests.WebTest" name="testGoogleSearchUsingSelenoid" time="2.997"/>
  <system-out/>
</testsuite> <!-- Tests.WebTest -->
