<?xml version="1.0" encoding="UTF-8"?>
<!-- Generated by org.testng.reporters.JUnitReportReporter -->
<testsuite hostname="fv-az447-715" failures="0" tests="1" name="Tests.WebTest" time="4.826" errors="0" timestamp="2023-09-16T08:19:39 UTC" skipped="0">
  <testcase classname="Tests.WebTest" name="testGoogleSearchUsingSelenoid" time="4.826"/>
  <system-out/>
</testsuite> <!-- Tests.WebTest -->
