<?xml version="1.0" encoding="UTF-8"?>
<!-- Generated by org.testng.reporters.JUnitReportReporter -->
<testsuite hostname="fv-az470-865" failures="0" tests="1" name="Tests.WebTest" time="4.128" errors="0" timestamp="2023-10-11T08:15:50 UTC" skipped="0">
  <testcase classname="Tests.WebTest" name="testGoogleSearchUsingSelenoid" time="4.128"/>
  <system-out/>
</testsuite> <!-- Tests.WebTest -->
