<?xml version="1.0" encoding="UTF-8"?>
<!-- Generated by org.testng.reporters.JUnitReportReporter -->
<testsuite skipped="0" hostname="in-sriramku.local" name="Tests.LoginTest" tests="2" failures="0" timestamp="14 Jun 2019 08:54:57 GMT" time="7.276" errors="0">
  <testcase name="loginTest_ValidCase" time="2.690" classname="Tests.LoginTest"/>
  <testcase name="loginTest_InValidCase" time="4.586" classname="Tests.LoginTest"/>
</testsuite> <!-- Tests.LoginTest -->
