<?xml version="1.0" encoding="UTF-8"?>
<!-- Generated by org.testng.reporters.JUnitReportReporter -->
<testsuite hostname="fv-az851-536" failures="0" tests="1" name="Tests.WebTest" time="3.369" errors="0" timestamp="2023-05-26T08:21:25 UTC" skipped="0">
  <testcase classname="Tests.WebTest" name="testGoogleSearchUsingSelenoid" time="3.369"/>
  <system-out/>
</testsuite> <!-- Tests.WebTest -->
