<?xml version="1.0" encoding="UTF-8"?>
<!-- Generated by org.testng.reporters.JUnitReportReporter -->
<testsuite hostname="fv-az398-385" failures="0" tests="1" name="Tests.WebTest" time="3.518" errors="0" timestamp="2023-03-14T08:19:11 UTC" skipped="0">
  <testcase classname="Tests.WebTest" name="testGoogleSearchUsingSelenoid" time="3.518"/>
  <system-out/>
</testsuite> <!-- Tests.WebTest -->
