<?xml version="1.0" encoding="UTF-8"?>
<!-- Generated by org.testng.reporters.JUnitReportReporter -->
<testsuite hostname="fv-az162-390" failures="0" tests="1" name="Tests.WebTest" time="3.624" errors="0" timestamp="2023-08-15T08:14:11 UTC" skipped="0">
  <testcase classname="Tests.WebTest" name="testGoogleSearchUsingSelenoid" time="3.624"/>
  <system-out/>
</testsuite> <!-- Tests.WebTest -->
