<?xml version="1.0" encoding="UTF-8"?>
<!-- Generated by org.testng.reporters.JUnitReportReporter -->
<testsuite hostname="fv-az190-462" failures="0" tests="1" name="Tests.WebTest" time="5.389" errors="0" timestamp="2022-10-18T07:21:32 UTC" skipped="0">
  <testcase classname="Tests.WebTest" name="testGoogleSearchUsingSelenoid" time="5.389"/>
  <system-out/>
</testsuite> <!-- Tests.WebTest -->
