<?xml version="1.0" encoding="UTF-8"?>
<!-- Generated by org.testng.reporters.JUnitReportReporter -->
<testsuite hostname="fv-az575-466" failures="0" tests="1" name="Tests.WebTest" time="3.223" errors="0" timestamp="2023-09-13T08:14:57 UTC" skipped="0">
  <testcase classname="Tests.WebTest" name="testGoogleSearchUsingSelenoid" time="3.223"/>
  <system-out/>
</testsuite> <!-- Tests.WebTest -->
