<?xml version="1.0" encoding="UTF-8"?>
<!-- Generated by org.testng.reporters.JUnitReportReporter -->
<testsuite hostname="fv-az82-812" failures="0" tests="1" name="Tests.WebTest" time="4.863" errors="0" timestamp="2022-10-08T08:33:54 UTC" skipped="0">
  <testcase classname="Tests.WebTest" name="testGoogleSearchUsingSelenoid" time="4.863"/>
  <system-out/>
</testsuite> <!-- Tests.WebTest -->
