<?xml version="1.0" encoding="UTF-8"?>
<!-- Generated by org.testng.reporters.JUnitReportReporter -->
<testsuite hostname="fv-az460-773" failures="0" tests="1" name="Tests.WebTest" time="4.003" errors="0" timestamp="2022-09-17T08:19:50 UTC" skipped="0">
  <testcase classname="Tests.WebTest" name="testGoogleSearchUsingSelenoid" time="4.003"/>
  <system-out/>
</testsuite> <!-- Tests.WebTest -->
