<?xml version="1.0" encoding="UTF-8"?>
<!-- Generated by org.testng.reporters.JUnitReportReporter -->
<testsuite hostname="fv-az168-318" failures="0" tests="1" name="Tests.WebTest" time="3.200" errors="0" timestamp="2023-04-03T08:15:51 UTC" skipped="0">
  <testcase classname="Tests.WebTest" name="testGoogleSearchUsingSelenoid" time="3.200"/>
  <system-out/>
</testsuite> <!-- Tests.WebTest -->
