<?xml version="1.0" encoding="UTF-8"?>
<!-- Generated by org.testng.reporters.JUnitReportReporter -->
<testsuite hostname="fv-az577-132" failures="0" tests="1" name="Tests.WebTest" time="16.729" errors="0" timestamp="2023-03-10T08:27:24 UTC" skipped="0">
  <testcase classname="Tests.WebTest" name="testGoogleSearchUsingSelenoid" time="16.729"/>
  <system-out/>
</testsuite> <!-- Tests.WebTest -->
