<?xml version="1.0" encoding="UTF-8"?>
<!-- Generated by org.testng.reporters.JUnitReportReporter -->
<testsuite hostname="fv-az308-785" failures="0" tests="1" name="Tests.WebTest" time="7.638" errors="0" timestamp="2022-10-29T08:30:22 UTC" skipped="0">
  <testcase classname="Tests.WebTest" name="testGoogleSearchUsingSelenoid" time="7.638"/>
  <system-out/>
</testsuite> <!-- Tests.WebTest -->
