<?xml version="1.0" encoding="UTF-8"?>
<!-- Generated by org.testng.reporters.JUnitReportReporter -->
<testsuite hostname="fv-az83-748" failures="0" tests="1" name="Tests.WebTest" time="7.237" errors="0" timestamp="2022-09-08T08:30:51 UTC" skipped="0">
  <testcase classname="Tests.WebTest" name="testGoogleSearchUsingSelenoid" time="7.237"/>
  <system-out/>
</testsuite> <!-- Tests.WebTest -->
