<?xml version="1.0" encoding="UTF-8"?>
<!-- Generated by org.testng.reporters.JUnitReportReporter -->
<testsuite hostname="fv-az620-118" failures="0" tests="1" name="Tests.WebTest" time="4.283" errors="0" timestamp="2023-06-21T08:15:35 UTC" skipped="0">
  <testcase classname="Tests.WebTest" name="testGoogleSearchUsingSelenoid" time="4.283"/>
  <system-out/>
</testsuite> <!-- Tests.WebTest -->
