<?xml version="1.0" encoding="UTF-8"?>
<!-- Generated by org.testng.reporters.JUnitReportReporter -->
<testsuite hostname="fv-az364-816" failures="0" tests="1" name="Tests.WebTest" time="5.219" errors="0" timestamp="2023-05-17T08:22:11 UTC" skipped="0">
  <testcase classname="Tests.WebTest" name="testGoogleSearchUsingSelenoid" time="5.219"/>
  <system-out/>
</testsuite> <!-- Tests.WebTest -->
