<?xml version="1.0" encoding="UTF-8"?>
<!-- Generated by org.testng.reporters.JUnitReportReporter -->
<testsuite hostname="fv-az805-611" failures="0" tests="1" name="Tests.WebTest" time="3.062" errors="0" timestamp="2023-08-29T08:14:56 UTC" skipped="0">
  <testcase classname="Tests.WebTest" name="testGoogleSearchUsingSelenoid" time="3.062"/>
  <system-out/>
</testsuite> <!-- Tests.WebTest -->
