<?xml version="1.0" encoding="UTF-8"?>
<!-- Generated by org.testng.reporters.JUnitReportReporter -->
<testsuite hostname="fv-az378-265" failures="0" tests="1" name="Tests.WebTest" time="7.649" errors="0" timestamp="2022-11-02T08:31:36 UTC" skipped="0">
  <testcase classname="Tests.WebTest" name="testGoogleSearchUsingSelenoid" time="7.649"/>
  <system-out/>
</testsuite> <!-- Tests.WebTest -->
