<?xml version="1.0" encoding="UTF-8"?>
<!-- Generated by org.testng.reporters.JUnitReportReporter -->
<testsuite hostname="fv-az298-723" failures="0" tests="1" name="Tests.WebTest" time="3.202" errors="0" timestamp="2023-03-11T08:15:35 UTC" skipped="0">
  <testcase classname="Tests.WebTest" name="testGoogleSearchUsingSelenoid" time="3.202"/>
  <system-out/>
</testsuite> <!-- Tests.WebTest -->
