<?xml version="1.0" encoding="UTF-8"?>
<!-- Generated by org.testng.reporters.JUnitReportReporter -->
<testsuite hostname="fv-az613-527" failures="0" tests="1" name="Tests.WebTest" time="3.852" errors="0" timestamp="2022-12-01T08:18:27 UTC" skipped="0">
  <testcase classname="Tests.WebTest" name="testGoogleSearchUsingSelenoid" time="3.852"/>
  <system-out/>
</testsuite> <!-- Tests.WebTest -->
