<?xml version="1.0" encoding="UTF-8"?>
<!-- Generated by org.testng.reporters.JUnitReportReporter -->
<testsuite hostname="fv-az447-287" failures="0" tests="1" name="Tests.WebTest" time="3.875" errors="0" timestamp="2022-09-23T08:22:05 UTC" skipped="0">
  <testcase classname="Tests.WebTest" name="testGoogleSearchUsingSelenoid" time="3.875"/>
  <system-out/>
</testsuite> <!-- Tests.WebTest -->
