<?xml version="1.0" encoding="UTF-8"?>
<!-- Generated by org.testng.reporters.JUnitReportReporter -->
<testsuite hostname="fv-az561-426" failures="0" tests="1" name="Tests.WebTest" time="2.946" errors="0" timestamp="2023-05-16T08:14:44 UTC" skipped="0">
  <testcase classname="Tests.WebTest" name="testGoogleSearchUsingSelenoid" time="2.946"/>
  <system-out/>
</testsuite> <!-- Tests.WebTest -->
