<?xml version="1.0" encoding="UTF-8"?>
<!-- Generated by org.testng.reporters.JUnitReportReporter -->
<testsuite hostname="fv-az471-786" failures="0" tests="1" name="Tests.WebTest" time="3.843" errors="0" timestamp="2023-04-02T08:14:00 UTC" skipped="0">
  <testcase classname="Tests.WebTest" name="testGoogleSearchUsingSelenoid" time="3.843"/>
  <system-out/>
</testsuite> <!-- Tests.WebTest -->
