<?xml version="1.0" encoding="UTF-8"?>
<!-- Generated by org.testng.reporters.JUnitReportReporter -->
<testsuite hostname="fv-az313-526" failures="0" tests="1" name="Tests.WebTest" time="3.067" errors="0" timestamp="2023-06-04T08:13:11 UTC" skipped="0">
  <testcase classname="Tests.WebTest" name="testGoogleSearchUsingSelenoid" time="3.067"/>
  <system-out/>
</testsuite> <!-- Tests.WebTest -->
