<?xml version="1.0" encoding="UTF-8"?>
<!-- Generated by org.testng.reporters.JUnitReportReporter -->
<testsuite hostname="fv-az162-719" failures="0" tests="1" name="Tests.WebTest" time="3.669" errors="0" timestamp="2023-07-10T08:17:59 UTC" skipped="0">
  <testcase classname="Tests.WebTest" name="testGoogleSearchUsingSelenoid" time="3.669"/>
  <system-out/>
</testsuite> <!-- Tests.WebTest -->
