<?xml version="1.0" encoding="UTF-8"?>
<!-- Generated by org.testng.reporters.JUnitReportReporter -->
<testsuite hostname="fv-az162-425" failures="0" tests="1" name="Tests.WebTest" time="5.868" errors="0" timestamp="2023-05-02T08:21:46 UTC" skipped="0">
  <testcase classname="Tests.WebTest" name="testGoogleSearchUsingSelenoid" time="5.868"/>
  <system-out/>
</testsuite> <!-- Tests.WebTest -->
