<?xml version="1.0" encoding="UTF-8"?>
<!-- Generated by org.testng.reporters.JUnitReportReporter -->
<testsuite hostname="fv-az363-607" failures="0" tests="1" name="Tests.WebTest" time="3.113" errors="0" timestamp="2023-02-19T08:15:44 UTC" skipped="0">
  <testcase classname="Tests.WebTest" name="testGoogleSearchUsingSelenoid" time="3.113"/>
  <system-out/>
</testsuite> <!-- Tests.WebTest -->
