<?xml version="1.0" encoding="UTF-8"?>
<!-- Generated by org.testng.reporters.JUnitReportReporter -->
<testsuite hostname="fv-az395-860" failures="0" tests="1" name="Tests.WebTest" time="3.710" errors="0" timestamp="2023-09-04T08:15:24 UTC" skipped="0">
  <testcase classname="Tests.WebTest" name="testGoogleSearchUsingSelenoid" time="3.710"/>
  <system-out/>
</testsuite> <!-- Tests.WebTest -->
