<?xml version="1.0" encoding="UTF-8"?>
<!-- Generated by org.testng.reporters.JUnitReportReporter -->
<testsuite hostname="fv-az529-248" failures="0" tests="1" name="Tests.WebTest" time="5.360" errors="0" timestamp="2023-11-23T08:21:54 UTC" skipped="0">
  <testcase classname="Tests.WebTest" name="testGoogleSearchUsingSelenoid" time="5.360"/>
  <system-out/>
</testsuite> <!-- Tests.WebTest -->
