<?xml version="1.0" encoding="UTF-8"?>
<!-- Generated by org.testng.reporters.JUnitReportReporter -->
<testsuite hostname="fv-az791-267" failures="0" tests="1" name="Tests.WebTest" time="10.390" errors="0" timestamp="2023-10-30T08:15:55 UTC" skipped="0">
  <testcase classname="Tests.WebTest" name="testGoogleSearchUsingSelenoid" time="10.390"/>
  <system-out/>
</testsuite> <!-- Tests.WebTest -->
