<?xml version="1.0" encoding="UTF-8"?>
<!-- Generated by org.testng.reporters.JUnitReportReporter -->
<testsuite hostname="fv-az408-611" failures="0" tests="1" name="Tests.WebTest" time="4.380" errors="0" timestamp="2023-06-11T08:20:23 UTC" skipped="0">
  <testcase classname="Tests.WebTest" name="testGoogleSearchUsingSelenoid" time="4.380"/>
  <system-out/>
</testsuite> <!-- Tests.WebTest -->
