<?xml version="1.0" encoding="UTF-8"?>
<!-- Generated by org.testng.reporters.JUnitReportReporter -->
<testsuite hostname="fv-az173-170" failures="0" tests="1" name="Tests.WebTest" time="3.407" errors="0" timestamp="2022-10-18T07:20:47 UTC" skipped="0">
  <testcase classname="Tests.WebTest" name="testGoogleSearchUsingSelenoid" time="3.407"/>
  <system-out/>
</testsuite> <!-- Tests.WebTest -->
