<?xml version="1.0" encoding="UTF-8"?>
<!-- Generated by org.testng.reporters.JUnitReportReporter -->
<testsuite hostname="fv-az576-191" failures="0" tests="1" name="Tests.WebTest" time="18.050" errors="0" timestamp="2023-03-18T08:23:28 UTC" skipped="0">
  <testcase classname="Tests.WebTest" name="testGoogleSearchUsingSelenoid" time="18.050"/>
  <system-out/>
</testsuite> <!-- Tests.WebTest -->
