<?xml version="1.0" encoding="UTF-8"?>
<!-- Generated by org.testng.reporters.JUnitReportReporter -->
<testsuite hostname="fv-az1256-584" failures="0" tests="1" name="Tests.WebTest" time="3.481" errors="0" timestamp="2023-06-04T08:19:59 UTC" skipped="0">
  <testcase classname="Tests.WebTest" name="testGoogleSearchUsingSelenoid" time="3.481"/>
  <system-out/>
</testsuite> <!-- Tests.WebTest -->
