<?xml version="1.0" encoding="UTF-8"?>
<!-- Generated by org.testng.reporters.JUnitReportReporter -->
<testsuite hostname="fv-az137-41" failures="0" tests="1" name="Tests.WebTest" time="3.137" errors="0" timestamp="2022-09-27T08:28:28 UTC" skipped="0">
  <testcase classname="Tests.WebTest" name="testGoogleSearchUsingSelenoid" time="3.137"/>
  <system-out/>
</testsuite> <!-- Tests.WebTest -->
