<?xml version="1.0" encoding="UTF-8"?>
<!-- Generated by org.testng.reporters.JUnitReportReporter -->
<testsuite hostname="fv-az351-571" failures="0" tests="1" name="Tests.WebTest" time="7.902" errors="0" timestamp="2022-11-28T08:27:36 UTC" skipped="0">
  <testcase classname="Tests.WebTest" name="testGoogleSearchUsingSelenoid" time="7.902"/>
  <system-out/>
</testsuite> <!-- Tests.WebTest -->
