<?xml version="1.0" encoding="UTF-8"?>
<!-- Generated by org.testng.reporters.JUnitReportReporter -->
<testsuite hostname="fv-az400-756" failures="0" tests="1" name="Tests.WebTest" time="15.114" errors="0" timestamp="2023-07-04T08:26:13 UTC" skipped="0">
  <testcase classname="Tests.WebTest" name="testGoogleSearchUsingSelenoid" time="15.114"/>
  <system-out/>
</testsuite> <!-- Tests.WebTest -->
