<?xml version="1.0" encoding="UTF-8"?>
<!-- Generated by org.testng.reporters.JUnitReportReporter -->
<testsuite skipped="0" hostname="in-sriramku.local" name="Tests.SingleTonDriverClassEx" tests="1" failures="0" timestamp="12 Apr 2020 09:33:38 GMT" time="4.674" errors="0">
  <testcase name="testMethod" time="4.674" classname="Tests.SingleTonDriverClassEx"/>
</testsuite> <!-- Tests.SingleTonDriverClassEx -->
