<?xml version="1.0" encoding="UTF-8"?>
<!-- Generated by org.testng.reporters.JUnitReportReporter -->
<testsuite hostname="fv-az442-667" failures="0" tests="1" name="Tests.WebTest" time="3.285" errors="0" timestamp="2023-05-04T08:15:02 UTC" skipped="0">
  <testcase classname="Tests.WebTest" name="testGoogleSearchUsingSelenoid" time="3.285"/>
  <system-out/>
</testsuite> <!-- Tests.WebTest -->
