<?xml version="1.0" encoding="UTF-8"?>
<!-- Generated by org.testng.reporters.JUnitReportReporter -->
<testsuite hostname="fv-az438-772" failures="0" tests="1" name="Tests.WebTest" time="3.019" errors="0" timestamp="2023-03-04T08:24:01 UTC" skipped="0">
  <testcase classname="Tests.WebTest" name="testGoogleSearchUsingSelenoid" time="3.019"/>
  <system-out/>
</testsuite> <!-- Tests.WebTest -->
