<?xml version="1.0" encoding="UTF-8"?>
<!-- Generated by org.testng.reporters.JUnitReportReporter -->
<testsuite hostname="fv-az395-487" failures="0" tests="1" name="Tests.WebTest" time="3.491" errors="0" timestamp="2023-03-29T08:16:29 UTC" skipped="0">
  <testcase classname="Tests.WebTest" name="testGoogleSearchUsingSelenoid" time="3.491"/>
  <system-out/>
</testsuite> <!-- Tests.WebTest -->
