<?xml version="1.0" encoding="UTF-8"?>
<!-- Generated by org.testng.reporters.JUnitReportReporter -->
<testsuite hostname="fv-az358-643" failures="0" tests="1" name="Tests.WebTest" time="3.167" errors="0" timestamp="2023-08-13T08:12:44 UTC" skipped="0">
  <testcase classname="Tests.WebTest" name="testGoogleSearchUsingSelenoid" time="3.167"/>
  <system-out/>
</testsuite> <!-- Tests.WebTest -->
