<?xml version="1.0" encoding="UTF-8"?>
<!-- Generated by org.testng.reporters.JUnitReportReporter -->
<testsuite hostname="fv-az365-296" failures="0" tests="1" name="Tests.WebTest" time="2.956" errors="0" timestamp="2022-12-04T08:15:35 UTC" skipped="0">
  <testcase classname="Tests.WebTest" name="testGoogleSearchUsingSelenoid" time="2.956"/>
  <system-out/>
</testsuite> <!-- Tests.WebTest -->
