<?xml version="1.0" encoding="UTF-8"?>
<!-- Generated by org.testng.reporters.JUnitReportReporter -->
<testsuite hostname="fv-az208-438" failures="0" tests="1" name="Tests.WebTest" time="7.707" errors="0" timestamp="2022-11-07T08:31:50 UTC" skipped="0">
  <testcase classname="Tests.WebTest" name="testGoogleSearchUsingSelenoid" time="7.707"/>
  <system-out/>
</testsuite> <!-- Tests.WebTest -->
