<?xml version="1.0" encoding="UTF-8"?>
<!-- Generated by org.testng.reporters.JUnitReportReporter -->
<testsuite skipped="0" hostname="OF011DT3NSMD6NI" name="SeleniumGridBrowserOptions.Three" tests="1" failures="0" timestamp="2022-01-30T11:07:30 CST" time="8.527" errors="0">
  <testcase name="testThree" time="8.527" classname="SeleniumGridBrowserOptions.Three"/>
  <system-out/>
</testsuite> <!-- SeleniumGridBrowserOptions.Three -->
