<?xml version="1.0" encoding="UTF-8"?>
<!-- Generated by org.testng.reporters.JUnitReportReporter -->
<testsuite hostname="fv-az214-350" failures="0" tests="1" name="Tests.WebTest" time="3.825" errors="0" timestamp="2022-10-02T08:21:06 UTC" skipped="0">
  <testcase classname="Tests.WebTest" name="testGoogleSearchUsingSelenoid" time="3.825"/>
  <system-out/>
</testsuite> <!-- Tests.WebTest -->
