<?xml version="1.0" encoding="UTF-8"?>
<!-- Generated by org.testng.reporters.JUnitReportReporter -->
<testsuite skipped="0" hostname="OF011DT3NSMD6NI" name="SeleniumGridBrowserOptions.One" tests="1" failures="0" timestamp="2022-01-30T11:07:30 CST" time="7.822" errors="0">
  <testcase name="testOne" time="7.822" classname="SeleniumGridBrowserOptions.One"/>
  <system-out/>
</testsuite> <!-- SeleniumGridBrowserOptions.One -->
