<?xml version="1.0" encoding="UTF-8"?>
<!-- Generated by org.testng.reporters.JUnitReportReporter -->
<testsuite hostname="fv-az450-616" failures="0" tests="1" name="Tests.WebTest" time="18.336" errors="0" timestamp="2023-08-19T08:19:11 UTC" skipped="0">
  <testcase classname="Tests.WebTest" name="testGoogleSearchUsingSelenoid" time="18.336"/>
  <system-out/>
</testsuite> <!-- Tests.WebTest -->
