<?xml version="1.0" encoding="UTF-8"?>
<!-- Generated by org.testng.reporters.JUnitReportReporter -->
<testsuite hostname="fv-az216-95" failures="0" tests="1" name="Tests.WebTest" time="3.232" errors="0" timestamp="2023-07-17T08:17:35 UTC" skipped="0">
  <testcase classname="Tests.WebTest" name="testGoogleSearchUsingSelenoid" time="3.232"/>
  <system-out/>
</testsuite> <!-- Tests.WebTest -->
