<?xml version="1.0" encoding="UTF-8"?>
<!-- Generated by org.testng.reporters.JUnitReportReporter -->
<testsuite hostname="fv-az471-626" failures="0" tests="1" name="Tests.WebTest" time="16.937" errors="0" timestamp="2023-08-17T08:21:13 UTC" skipped="0">
  <testcase classname="Tests.WebTest" name="testGoogleSearchUsingSelenoid" time="16.937"/>
  <system-out/>
</testsuite> <!-- Tests.WebTest -->
