<?xml version="1.0" encoding="UTF-8"?>
<!-- Generated by org.testng.reporters.JUnitReportReporter -->
<testsuite hostname="fv-az1241-799" failures="0" tests="1" name="Tests.WebTest" time="12.255" errors="0" timestamp="2023-06-05T08:22:42 UTC" skipped="0">
  <testcase classname="Tests.WebTest" name="testGoogleSearchUsingSelenoid" time="12.255"/>
  <system-out/>
</testsuite> <!-- Tests.WebTest -->
