<?xml version="1.0" encoding="UTF-8"?>
<!-- Generated by org.testng.reporters.JUnitReportReporter -->
<testsuite hostname="fv-az349-121" failures="0" tests="1" name="Tests.WebTest" time="3.273" errors="0" timestamp="2023-10-09T08:23:21 UTC" skipped="0">
  <testcase classname="Tests.WebTest" name="testGoogleSearchUsingSelenoid" time="3.273"/>
  <system-out/>
</testsuite> <!-- Tests.WebTest -->
