<?xml version="1.0" encoding="UTF-8"?>
<!-- Generated by org.testng.reporters.JUnitReportReporter -->
<testsuite hostname="fv-az351-881" failures="0" tests="1" name="Tests.WebTest" time="3.042" errors="0" timestamp="2023-03-02T08:17:08 UTC" skipped="0">
  <testcase classname="Tests.WebTest" name="testGoogleSearchUsingSelenoid" time="3.042"/>
  <system-out/>
</testsuite> <!-- Tests.WebTest -->
