<?xml version="1.0" encoding="UTF-8"?>
<!-- Generated by org.testng.reporters.JUnitReportReporter -->
<testsuite hostname="fv-az417-850" failures="0" tests="1" name="Tests.WebTest" time="14.017" errors="0" timestamp="2023-10-30T08:22:24 UTC" skipped="0">
  <testcase classname="Tests.WebTest" name="testGoogleSearchUsingSelenoid" time="14.017"/>
  <system-out/>
</testsuite> <!-- Tests.WebTest -->
