<?xml version="1.0" encoding="UTF-8"?>
<!-- Generated by org.testng.reporters.JUnitReportReporter -->
<testsuite hostname="fv-az471-970" failures="0" tests="1" name="Tests.WebTest" time="14.770" errors="0" timestamp="2023-09-30T08:20:35 UTC" skipped="0">
  <testcase classname="Tests.WebTest" name="testGoogleSearchUsingSelenoid" time="14.770"/>
  <system-out/>
</testsuite> <!-- Tests.WebTest -->
