<?xml version="1.0" encoding="UTF-8"?>
<!-- Generated by org.testng.reporters.JUnitReportReporter -->
<testsuite hostname="fv-az565-364" failures="0" tests="1" name="Tests.WebTest" time="5.580" errors="0" timestamp="2022-12-22T08:24:06 UTC" skipped="0">
  <testcase classname="Tests.WebTest" name="testGoogleSearchUsingSelenoid" time="5.580"/>
  <system-out/>
</testsuite> <!-- Tests.WebTest -->
