<?xml version="1.0" encoding="UTF-8"?>
<!-- Generated by org.testng.reporters.JUnitReportReporter -->
<testsuite hostname="fv-az555-10" failures="0" tests="1" name="Tests.WebTest" time="3.339" errors="0" timestamp="2023-03-03T08:16:54 UTC" skipped="0">
  <testcase classname="Tests.WebTest" name="testGoogleSearchUsingSelenoid" time="3.339"/>
  <system-out/>
</testsuite> <!-- Tests.WebTest -->
