<?xml version="1.0" encoding="UTF-8"?>
<!-- Generated by org.testng.reporters.JUnitReportReporter -->
<testsuite hostname="fv-az565-486" failures="0" tests="1" name="Tests.WebTest" time="4.227" errors="0" timestamp="2022-12-13T08:17:29 UTC" skipped="0">
  <testcase classname="Tests.WebTest" name="testGoogleSearchUsingSelenoid" time="4.227"/>
  <system-out/>
</testsuite> <!-- Tests.WebTest -->
