<?xml version="1.0" encoding="UTF-8"?>
<!-- Generated by org.testng.reporters.JUnitReportReporter -->
<testsuite hostname="fv-az421-631" failures="0" tests="1" name="Tests.WebTest" time="3.000" errors="0" timestamp="2022-08-29T08:19:10 UTC" skipped="0">
  <testcase classname="Tests.WebTest" name="testGoogleSearchUsingSelenoid" time="3.000"/>
  <system-out/>
</testsuite> <!-- Tests.WebTest -->
