<?xml version="1.0" encoding="UTF-8"?>
<!-- Generated by org.testng.reporters.JUnitReportReporter -->
<testsuite hostname="fv-az417-420" failures="0" tests="1" name="Tests.WebTest" time="5.021" errors="0" timestamp="2023-07-01T08:22:25 UTC" skipped="0">
  <testcase classname="Tests.WebTest" name="testGoogleSearchUsingSelenoid" time="5.021"/>
  <system-out/>
</testsuite> <!-- Tests.WebTest -->
