<?xml version="1.0" encoding="UTF-8"?>
<!-- Generated by org.testng.reporters.JUnitReportReporter -->
<testsuite hostname="fv-az206-698" failures="0" tests="1" name="Tests.WebTest" time="5.159" errors="0" timestamp="2023-06-18T08:20:38 UTC" skipped="0">
  <testcase classname="Tests.WebTest" name="testGoogleSearchUsingSelenoid" time="5.159"/>
  <system-out/>
</testsuite> <!-- Tests.WebTest -->
