<?xml version="1.0" encoding="UTF-8"?>
<!-- Generated by org.testng.reporters.JUnitReportReporter -->
<testsuite hostname="fv-az299-331" failures="0" tests="1" name="Tests.WebTest" time="4.067" errors="0" timestamp="2022-08-27T08:18:28 UTC" skipped="0">
  <testcase classname="Tests.WebTest" name="testGoogleSearchUsingSelenoid" time="4.067"/>
  <system-out/>
</testsuite> <!-- Tests.WebTest -->
