<?xml version="1.0" encoding="UTF-8"?>
<!-- Generated by org.testng.reporters.JUnitReportReporter -->
<testsuite hostname="fv-az167-975" failures="0" tests="1" name="Tests.WebTest" time="3.675" errors="0" timestamp="2022-10-04T08:24:18 UTC" skipped="0">
  <testcase classname="Tests.WebTest" name="testGoogleSearchUsingSelenoid" time="3.675"/>
  <system-out/>
</testsuite> <!-- Tests.WebTest -->
