<?xml version="1.0" encoding="UTF-8"?>
<!-- Generated by org.testng.reporters.JUnitReportReporter -->
<testsuite hostname="fv-az301-763" failures="0" tests="1" name="Tests.WebTest" time="3.004" errors="0" timestamp="2022-12-16T08:15:48 UTC" skipped="0">
  <testcase classname="Tests.WebTest" name="testGoogleSearchUsingSelenoid" time="3.004"/>
  <system-out/>
</testsuite> <!-- Tests.WebTest -->
