<?xml version="1.0" encoding="UTF-8"?>
<!-- Generated by org.testng.reporters.JUnitReportReporter -->
<testsuite hostname="fv-az306-290" failures="0" tests="1" name="Tests.WebTest" time="2.998" errors="0" timestamp="2023-02-13T08:17:36 UTC" skipped="0">
  <testcase classname="Tests.WebTest" name="testGoogleSearchUsingSelenoid" time="2.998"/>
  <system-out/>
</testsuite> <!-- Tests.WebTest -->
