<?xml version="1.0" encoding="UTF-8"?>
<!-- Generated by org.testng.reporters.JUnitReportReporter -->
<testsuite hostname="fv-az298-939" failures="0" tests="1" name="Tests.WebTest" time="15.179" errors="0" timestamp="2023-07-21T08:22:14 UTC" skipped="0">
  <testcase classname="Tests.WebTest" name="testGoogleSearchUsingSelenoid" time="15.179"/>
  <system-out/>
</testsuite> <!-- Tests.WebTest -->
