<?xml version="1.0" encoding="UTF-8"?>
<!-- Generated by org.testng.reporters.JUnitReportReporter -->
<testsuite hostname="fv-az571-405" failures="0" tests="1" name="Tests.WebTest" time="4.029" errors="0" timestamp="2022-09-01T08:22:51 UTC" skipped="0">
  <testcase classname="Tests.WebTest" name="testGoogleSearchUsingSelenoid" time="4.029"/>
  <system-out/>
</testsuite> <!-- Tests.WebTest -->
