<?xml version="1.0" encoding="UTF-8"?>
<!-- Generated by org.testng.reporters.JUnitReportReporter -->
<testsuite hostname="fv-az571-649" failures="0" tests="1" name="Tests.WebTest" time="2.978" errors="0" timestamp="2023-02-06T08:16:48 UTC" skipped="0">
  <testcase classname="Tests.WebTest" name="testGoogleSearchUsingSelenoid" time="2.978"/>
  <system-out/>
</testsuite> <!-- Tests.WebTest -->
