<?xml version="1.0" encoding="UTF-8"?>
<!-- Generated by org.testng.reporters.JUnitReportReporter -->
<testsuite hostname="fv-az213-899" failures="0" tests="1" name="Tests.WebTest" time="6.758" errors="0" timestamp="2022-09-03T08:28:19 UTC" skipped="0">
  <testcase classname="Tests.WebTest" name="testGoogleSearchUsingSelenoid" time="6.758"/>
  <system-out/>
</testsuite> <!-- Tests.WebTest -->
