<?xml version="1.0" encoding="UTF-8"?>
<!-- Generated by org.testng.reporters.JUnitReportReporter -->
<testsuite hostname="fv-az592-145" failures="0" tests="1" name="Tests.WebTest" time="3.026" errors="0" timestamp="2023-06-22T08:14:30 UTC" skipped="0">
  <testcase classname="Tests.WebTest" name="testGoogleSearchUsingSelenoid" time="3.026"/>
  <system-out/>
</testsuite> <!-- Tests.WebTest -->
