<?xml version="1.0" encoding="UTF-8"?>
<!-- Generated by org.testng.reporters.JUnitReportReporter -->
<testsuite hostname="fv-az360-352" failures="0" tests="1" name="Tests.WebTest" time="5.944" errors="0" timestamp="2023-03-23T08:23:19 UTC" skipped="0">
  <testcase classname="Tests.WebTest" name="testGoogleSearchUsingSelenoid" time="5.944"/>
  <system-out/>
</testsuite> <!-- Tests.WebTest -->
