<?xml version="1.0" encoding="UTF-8"?>
<!-- Generated by org.testng.reporters.JUnitReportReporter -->
<testsuite hostname="fv-az41-721" failures="0" tests="1" name="Tests.WebTest" time="4.589" errors="0" timestamp="2022-11-04T08:32:56 UTC" skipped="0">
  <testcase classname="Tests.WebTest" name="testGoogleSearchUsingSelenoid" time="4.589"/>
  <system-out/>
</testsuite> <!-- Tests.WebTest -->
