<?xml version="1.0" encoding="UTF-8"?>
<!-- Generated by org.testng.reporters.JUnitReportReporter -->
<testsuite hostname="fv-az221-166" failures="0" tests="1" name="Tests.WebTest" time="16.993" errors="0" timestamp="2023-09-24T08:19:55 UTC" skipped="0">
  <testcase classname="Tests.WebTest" name="testGoogleSearchUsingSelenoid" time="16.993"/>
  <system-out/>
</testsuite> <!-- Tests.WebTest -->
