<?xml version="1.0" encoding="UTF-8"?>
<!-- Generated by org.testng.reporters.JUnitReportReporter -->
<testsuite hostname="fv-az577-255" failures="0" tests="1" name="Tests.WebTest" time="5.981" errors="0" timestamp="2023-10-28T08:13:28 UTC" skipped="0">
  <testcase classname="Tests.WebTest" name="testGoogleSearchUsingSelenoid" time="5.981"/>
  <system-out/>
</testsuite> <!-- Tests.WebTest -->
