<?xml version="1.0" encoding="UTF-8"?>
<!-- Generated by org.testng.reporters.JUnitReportReporter -->
<testsuite hostname="fv-az189-548" failures="0" tests="1" name="Tests.WebTest" time="4.060" errors="0" timestamp="2023-02-05T08:23:02 UTC" skipped="0">
  <testcase classname="Tests.WebTest" name="testGoogleSearchUsingSelenoid" time="4.060"/>
  <system-out/>
</testsuite> <!-- Tests.WebTest -->
