<?xml version="1.0" encoding="UTF-8"?>
<!-- Generated by org.testng.reporters.JUnitReportReporter -->
<testsuite hostname="fv-az133-390" failures="0" tests="1" name="Tests.WebTest" time="7.180" errors="0" timestamp="2022-10-26T08:30:52 UTC" skipped="0">
  <testcase classname="Tests.WebTest" name="testGoogleSearchUsingSelenoid" time="7.180"/>
  <system-out/>
</testsuite> <!-- Tests.WebTest -->
