<?xml version="1.0" encoding="UTF-8"?>
<!-- Generated by org.testng.reporters.JUnitReportReporter -->
<testsuite hostname="fv-az402-807" failures="0" tests="1" name="Tests.WebTest" time="6.156" errors="0" timestamp="2023-08-06T08:19:32 UTC" skipped="0">
  <testcase classname="Tests.WebTest" name="testGoogleSearchUsingSelenoid" time="6.156"/>
  <system-out/>
</testsuite> <!-- Tests.WebTest -->
