<?xml version="1.0" encoding="UTF-8"?>
<!-- Generated by org.testng.reporters.JUnitReportReporter -->
<testsuite hostname="fv-az446-964" failures="0" tests="1" name="Tests.WebTest" time="3.942" errors="0" timestamp="2023-03-29T08:24:23 UTC" skipped="0">
  <testcase classname="Tests.WebTest" name="testGoogleSearchUsingSelenoid" time="3.942"/>
  <system-out/>
</testsuite> <!-- Tests.WebTest -->
