<?xml version="1.0" encoding="UTF-8"?>
<!-- Generated by org.testng.reporters.JUnitReportReporter -->
<testsuite hostname="fv-az290-555" failures="0" tests="1" name="Tests.WebTest" time="3.831" errors="0" timestamp="2022-08-12T23:24:18 UTC" skipped="0">
  <testcase classname="Tests.WebTest" name="testGoogleSearchUsingSelenoid" time="3.831"/>
  <system-out/>
</testsuite> <!-- Tests.WebTest -->
