<?xml version="1.0" encoding="UTF-8"?>
<!-- Generated by org.testng.reporters.JUnitReportReporter -->
<testsuite hostname="fv-az210-387" failures="0" tests="1" name="Tests.WebTest" time="6.712" errors="0" timestamp="2023-02-09T08:25:27 UTC" skipped="0">
  <testcase classname="Tests.WebTest" name="testGoogleSearchUsingSelenoid" time="6.712"/>
  <system-out/>
</testsuite> <!-- Tests.WebTest -->
