<?xml version="1.0" encoding="UTF-8"?>
<!-- Generated by org.testng.reporters.JUnitReportReporter -->
<testsuite hostname="fv-az299-926" failures="0" tests="1" name="Tests.WebTest" time="15.493" errors="0" timestamp="2022-09-04T08:28:06 UTC" skipped="0">
  <testcase classname="Tests.WebTest" name="testGoogleSearchUsingSelenoid" time="15.493"/>
  <system-out/>
</testsuite> <!-- Tests.WebTest -->
