<?xml version="1.0" encoding="UTF-8"?>
<!-- Generated by org.testng.reporters.JUnitReportReporter -->
<testsuite hostname="fv-az548-953" failures="0" tests="1" name="Tests.WebTest" time="4.437" errors="0" timestamp="2022-12-02T08:24:38 UTC" skipped="0">
  <testcase classname="Tests.WebTest" name="testGoogleSearchUsingSelenoid" time="4.437"/>
  <system-out/>
</testsuite> <!-- Tests.WebTest -->
