<?xml version="1.0" encoding="UTF-8"?>
<!-- Generated by org.testng.reporters.JUnitReportReporter -->
<testsuite hostname="fv-az256-52" failures="0" tests="1" name="Tests.WebTest" time="13.112" errors="0" timestamp="2023-11-04T08:20:31 UTC" skipped="0">
  <testcase classname="Tests.WebTest" name="testGoogleSearchUsingSelenoid" time="13.112"/>
  <system-out/>
</testsuite> <!-- Tests.WebTest -->
