<?xml version="1.0" encoding="UTF-8"?>
<!-- Generated by org.testng.reporters.JUnitReportReporter -->
<testsuite hostname="fv-az173-312" failures="0" tests="1" name="Tests.WebTest" time="5.833" errors="0" timestamp="2022-09-12T08:33:11 UTC" skipped="0">
  <testcase classname="Tests.WebTest" name="testGoogleSearchUsingSelenoid" time="5.833"/>
  <system-out/>
</testsuite> <!-- Tests.WebTest -->
