<?xml version="1.0" encoding="UTF-8"?>
<!-- Generated by org.testng.reporters.JUnitReportReporter -->
<testsuite hostname="fv-az470-964" failures="0" tests="1" name="Tests.WebTest" time="4.191" errors="0" timestamp="2023-02-20T08:18:03 UTC" skipped="0">
  <testcase classname="Tests.WebTest" name="testGoogleSearchUsingSelenoid" time="4.191"/>
  <system-out/>
</testsuite> <!-- Tests.WebTest -->
