<?xml version="1.0" encoding="UTF-8"?>
<!-- Generated by org.testng.reporters.JUnitReportReporter -->
<testsuite hostname="fv-az214-783" failures="0" tests="1" name="Tests.WebTest" time="3.857" errors="0" timestamp="2022-08-30T08:20:14 UTC" skipped="0">
  <testcase classname="Tests.WebTest" name="testGoogleSearchUsingSelenoid" time="3.857"/>
  <system-out/>
</testsuite> <!-- Tests.WebTest -->
