<?xml version="1.0" encoding="UTF-8"?>
<!-- Generated by org.testng.reporters.JUnitReportReporter -->
<testsuite skipped="0" hostname="OF011DT3NSMD6NI" name="framework.FrameWorkTest1" tests="1" failures="0" timestamp="2022-04-24T08:17:56 CDT" time="3.229" errors="0">
  <testcase name="test" time="3.229" classname="framework.FrameWorkTest1"/>
  <system-out/>
</testsuite> <!-- framework.FrameWorkTest1 -->
