<?xml version="1.0" encoding="UTF-8"?>
<!-- Generated by org.testng.reporters.JUnitReportReporter -->
<testsuite hostname="fv-az180-768" failures="0" tests="1" name="Tests.WebTest" time="8.522" errors="0" timestamp="2022-10-02T09:32:15 UTC" skipped="0">
  <testcase classname="Tests.WebTest" name="testGoogleSearchUsingSelenoid" time="8.522"/>
  <system-out/>
</testsuite> <!-- Tests.WebTest -->
