<?xml version="1.0" encoding="UTF-8"?>
<!-- Generated by org.testng.reporters.JUnitReportReporter -->
<testsuite hostname="fv-az487-99" failures="0" tests="1" name="Tests.WebTest" time="8.013" errors="0" timestamp="2023-08-31T08:22:02 UTC" skipped="0">
  <testcase classname="Tests.WebTest" name="testGoogleSearchUsingSelenoid" time="8.013"/>
  <system-out/>
</testsuite> <!-- Tests.WebTest -->
