<?xml version="1.0" encoding="UTF-8"?>
<!-- Generated by org.testng.reporters.JUnitReportReporter -->
<testsuite hostname="fv-az190-402" failures="0" tests="1" name="Tests.WebTest" time="17.144" errors="0" timestamp="2022-09-25T08:30:51 UTC" skipped="0">
  <testcase classname="Tests.WebTest" name="testGoogleSearchUsingSelenoid" time="17.144"/>
  <system-out/>
</testsuite> <!-- Tests.WebTest -->
