<?xml version="1.0" encoding="UTF-8"?>
<!-- Generated by org.testng.reporters.JUnitReportReporter -->
<testsuite hostname="fv-az985-545" failures="0" tests="1" name="Tests.WebTest" time="3.102" errors="0" timestamp="2023-11-07T08:14:43 UTC" skipped="0">
  <testcase classname="Tests.WebTest" name="testGoogleSearchUsingSelenoid" time="3.102"/>
  <system-out/>
</testsuite> <!-- Tests.WebTest -->
