<?xml version="1.0" encoding="UTF-8"?>
<!-- Generated by org.testng.reporters.JUnitReportReporter -->
<testsuite hostname="fv-az451-541" failures="0" tests="1" name="Tests.WebTest" time="3.541" errors="0" timestamp="2022-09-16T08:20:36 UTC" skipped="0">
  <testcase classname="Tests.WebTest" name="testGoogleSearchUsingSelenoid" time="3.541"/>
  <system-out/>
</testsuite> <!-- Tests.WebTest -->
