<?xml version="1.0" encoding="UTF-8"?>
<!-- Generated by org.testng.reporters.JUnitReportReporter -->
<testsuite hostname="fv-az642-71" failures="0" tests="1" name="Tests.WebTest" time="6.737" errors="0" timestamp="2023-01-28T08:23:19 UTC" skipped="0">
  <testcase classname="Tests.WebTest" name="testGoogleSearchUsingSelenoid" time="6.737"/>
  <system-out/>
</testsuite> <!-- Tests.WebTest -->
