<?xml version="1.0" encoding="UTF-8"?>
<!-- Generated by org.testng.reporters.JUnitReportReporter -->
<testsuite hostname="fv-az206-799" failures="0" tests="1" name="Tests.WebTest" time="3.928" errors="0" timestamp="2023-08-06T08:12:53 UTC" skipped="0">
  <testcase classname="Tests.WebTest" name="testGoogleSearchUsingSelenoid" time="3.928"/>
  <system-out/>
</testsuite> <!-- Tests.WebTest -->
