<?xml version="1.0" encoding="UTF-8"?>
<!-- Generated by org.testng.reporters.JUnitReportReporter -->
<testsuite hostname="fv-az163-36" failures="0" tests="1" name="Tests.WebTest" time="5.444" errors="0" timestamp="2022-09-17T08:31:22 UTC" skipped="0">
  <testcase classname="Tests.WebTest" name="testGoogleSearchUsingSelenoid" time="5.444"/>
  <system-out/>
</testsuite> <!-- Tests.WebTest -->
