<?xml version="1.0" encoding="UTF-8"?>
<!-- Generated by org.testng.reporters.JUnitReportReporter -->
<testsuite hostname="fv-az39-303" failures="0" tests="1" name="Tests.WebTest" time="3.436" errors="0" timestamp="2022-08-26T08:19:40 UTC" skipped="0">
  <testcase classname="Tests.WebTest" name="testGoogleSearchUsingSelenoid" time="3.436"/>
  <system-out/>
</testsuite> <!-- Tests.WebTest -->
