<?xml version="1.0" encoding="UTF-8"?>
<!-- Generated by org.testng.reporters.JUnitReportReporter -->
<testsuite hostname="fv-az851-858" failures="0" tests="1" name="Tests.WebTest" time="4.369" errors="0" timestamp="2023-01-11T08:25:52 UTC" skipped="0">
  <testcase classname="Tests.WebTest" name="testGoogleSearchUsingSelenoid" time="4.369"/>
  <system-out/>
</testsuite> <!-- Tests.WebTest -->
