<?xml version="1.0" encoding="UTF-8"?>
<!-- Generated by org.testng.reporters.JUnitReportReporter -->
<testsuite hostname="fv-az343-984" failures="0" tests="1" name="Tests.WebTest" time="6.062" errors="0" timestamp="2023-07-13T08:24:58 UTC" skipped="0">
  <testcase classname="Tests.WebTest" name="testGoogleSearchUsingSelenoid" time="6.062"/>
  <system-out/>
</testsuite> <!-- Tests.WebTest -->
