<?xml version="1.0" encoding="UTF-8"?>
<!-- Generated by org.testng.reporters.JUnitReportReporter -->
<testsuite hostname="fv-az951-697" failures="0" tests="1" name="Tests.WebTest" time="13.547" errors="0" timestamp="2023-10-21T08:20:32 UTC" skipped="0">
  <testcase classname="Tests.WebTest" name="testGoogleSearchUsingSelenoid" time="13.547"/>
  <system-out/>
</testsuite> <!-- Tests.WebTest -->
