<?xml version="1.0" encoding="UTF-8"?>
<!-- Generated by org.testng.reporters.JUnitReportReporter -->
<testsuite hostname="fv-az174-309" failures="0" tests="1" name="Tests.WebTest" time="5.710" errors="0" timestamp="2023-08-13T08:18:37 UTC" skipped="0">
  <testcase classname="Tests.WebTest" name="testGoogleSearchUsingSelenoid" time="5.710"/>
  <system-out/>
</testsuite> <!-- Tests.WebTest -->
