<?xml version="1.0" encoding="UTF-8"?>
<!-- Generated by org.testng.reporters.JUnitReportReporter -->
<testsuite hostname="fv-az421-786" failures="0" tests="1" name="Tests.WebTest" time="3.069" errors="0" timestamp="2022-11-07T08:21:34 UTC" skipped="0">
  <testcase classname="Tests.WebTest" name="testGoogleSearchUsingSelenoid" time="3.069"/>
  <system-out/>
</testsuite> <!-- Tests.WebTest -->
