<?xml version="1.0" encoding="UTF-8"?>
<!-- Generated by org.testng.reporters.JUnitReportReporter -->
<testsuite hostname="fv-az166-692" failures="0" tests="1" name="Tests.WebTest" time="13.978" errors="0" timestamp="2023-06-09T08:21:46 UTC" skipped="0">
  <testcase classname="Tests.WebTest" name="testGoogleSearchUsingSelenoid" time="13.978"/>
  <system-out/>
</testsuite> <!-- Tests.WebTest -->
