<?xml version="1.0" encoding="UTF-8"?>
<!-- Generated by org.testng.reporters.JUnitReportReporter -->
<testsuite hostname="fv-az620-236" failures="0" tests="1" name="Tests.WebTest" time="3.912" errors="0" timestamp="2023-05-08T08:15:43 UTC" skipped="0">
  <testcase classname="Tests.WebTest" name="testGoogleSearchUsingSelenoid" time="3.912"/>
  <system-out/>
</testsuite> <!-- Tests.WebTest -->
