<?xml version="1.0" encoding="UTF-8"?>
<!-- Generated by org.testng.reporters.JUnitReportReporter -->
<testsuite hostname="fv-az562-961" failures="0" tests="1" name="Tests.WebTest" time="17.398" errors="0" timestamp="2023-09-18T08:22:49 UTC" skipped="0">
  <testcase classname="Tests.WebTest" name="testGoogleSearchUsingSelenoid" time="17.398"/>
  <system-out/>
</testsuite> <!-- Tests.WebTest -->
