<?xml version="1.0" encoding="UTF-8"?>
<!-- Generated by org.testng.reporters.JUnitReportReporter -->
<testsuite hostname="fv-az1231-719" failures="0" tests="1" name="Tests.WebTest" time="3.717" errors="0" timestamp="2023-04-24T08:16:06 UTC" skipped="0">
  <testcase classname="Tests.WebTest" name="testGoogleSearchUsingSelenoid" time="3.717"/>
  <system-out/>
</testsuite> <!-- Tests.WebTest -->
