<?xml version="1.0" encoding="UTF-8"?>
<!-- Generated by org.testng.reporters.JUnitReportReporter -->
<testsuite hostname="fv-az426-778" failures="0" tests="1" name="Tests.WebTest" time="3.256" errors="0" timestamp="2022-09-11T13:53:25 UTC" skipped="0">
  <testcase classname="Tests.WebTest" name="testGoogleSearchUsingSelenoid" time="3.256"/>
  <system-out/>
</testsuite> <!-- Tests.WebTest -->
