<?xml version="1.0" encoding="UTF-8"?>
<!-- Generated by org.testng.reporters.JUnitReportReporter -->
<testsuite hostname="fv-az627-144" failures="0" tests="1" name="Tests.WebTest" time="2.891" errors="0" timestamp="2023-04-11T08:15:02 UTC" skipped="0">
  <testcase classname="Tests.WebTest" name="testGoogleSearchUsingSelenoid" time="2.891"/>
  <system-out/>
</testsuite> <!-- Tests.WebTest -->
