<?xml version="1.0" encoding="UTF-8"?>
<!-- Generated by org.testng.reporters.JUnitReportReporter -->
<testsuite hostname="fv-az438-953" failures="0" tests="1" name="Tests.WebTest" time="3.185" errors="0" timestamp="2023-07-12T08:17:00 UTC" skipped="0">
  <testcase classname="Tests.WebTest" name="testGoogleSearchUsingSelenoid" time="3.185"/>
  <system-out/>
</testsuite> <!-- Tests.WebTest -->
