<?xml version="1.0" encoding="UTF-8"?>
<!-- Generated by org.testng.reporters.JUnitReportReporter -->
<testsuite hostname="fv-az622-731" failures="0" tests="1" name="Tests.WebTest" time="18.589" errors="0" timestamp="2023-03-13T08:25:56 UTC" skipped="0">
  <testcase classname="Tests.WebTest" name="testGoogleSearchUsingSelenoid" time="18.589"/>
  <system-out/>
</testsuite> <!-- Tests.WebTest -->
