<?xml version="1.0" encoding="UTF-8"?>
<!-- Generated by org.testng.reporters.JUnitReportReporter -->
<testsuite hostname="fv-az121-966" failures="0" tests="1" name="Tests.WebTest" time="7.574" errors="0" timestamp="2022-10-09T08:32:25 UTC" skipped="0">
  <testcase classname="Tests.WebTest" name="testGoogleSearchUsingSelenoid" time="7.574"/>
  <system-out/>
</testsuite> <!-- Tests.WebTest -->
