<?xml version="1.0" encoding="UTF-8"?>
<!-- Generated by org.testng.reporters.JUnitReportReporter -->
<testsuite hostname="fv-az459-764" failures="0" tests="1" name="Tests.WebTest" time="3.392" errors="0" timestamp="2022-08-13T21:21:10 UTC" skipped="0">
  <testcase classname="Tests.WebTest" name="testGoogleSearchUsingSelenoid" time="3.392"/>
  <system-out/>
</testsuite> <!-- Tests.WebTest -->
