<?xml version="1.0" encoding="UTF-8"?>
<!-- Generated by org.testng.reporters.JUnitReportReporter -->
<testsuite hostname="fv-az616-651" failures="0" tests="1" name="Tests.WebTest" time="3.535" errors="0" timestamp="2023-09-05T08:15:16 UTC" skipped="0">
  <testcase classname="Tests.WebTest" name="testGoogleSearchUsingSelenoid" time="3.535"/>
  <system-out/>
</testsuite> <!-- Tests.WebTest -->
