<?xml version="1.0" encoding="UTF-8"?>
<!-- Generated by org.testng.reporters.JUnitReportReporter -->
<testsuite hostname="fv-az453-214" failures="0" tests="1" name="Tests.WebTest" time="5.651" errors="0" timestamp="2022-08-28T08:28:15 UTC" skipped="0">
  <testcase classname="Tests.WebTest" name="testGoogleSearchUsingSelenoid" time="5.651"/>
  <system-out/>
</testsuite> <!-- Tests.WebTest -->
