<?xml version="1.0" encoding="UTF-8"?>
<!-- Generated by org.testng.reporters.JUnitReportReporter -->
<testsuite hostname="fv-az583-316" failures="0" tests="1" name="Tests.WebTest" time="5.894" errors="0" timestamp="2023-06-14T08:22:00 UTC" skipped="0">
  <testcase classname="Tests.WebTest" name="testGoogleSearchUsingSelenoid" time="5.894"/>
  <system-out/>
</testsuite> <!-- Tests.WebTest -->
