<?xml version="1.0" encoding="UTF-8"?>
<!-- Generated by org.testng.reporters.JUnitReportReporter -->
<testsuite hostname="fd65c9382784" failures="0" tests="2" name="FrameworkWithoutPageFactoryParallelMethodsGridExample.TestCaseParallelMethods" time="49.835" errors="0" timestamp="2022-10-24T14:42:50 GMT" skipped="0">
  <testcase classname="FrameworkWithoutPageFactoryParallelMethodsGridExample.TestCaseParallelMethods" name="test2" time="25.082"/>
  <system-out/>
  <testcase classname="FrameworkWithoutPageFactoryParallelMethodsGridExample.TestCaseParallelMethods" name="test1" time="24.753"/>
  <system-out/>
</testsuite> <!-- FrameworkWithoutPageFactoryParallelMethodsGridExample.TestCaseParallelMethods -->
