<?xml version="1.0" encoding="UTF-8"?>
<!-- Generated by org.testng.reporters.JUnitReportReporter -->
<testsuite hostname="fv-az215-346" failures="0" tests="1" name="Tests.WebTest" time="6.209" errors="0" timestamp="2022-10-23T08:33:38 UTC" skipped="0">
  <testcase classname="Tests.WebTest" name="testGoogleSearchUsingSelenoid" time="6.209"/>
  <system-out/>
</testsuite> <!-- Tests.WebTest -->
