<?xml version="1.0" encoding="UTF-8"?>
<!-- Generated by org.testng.reporters.JUnitReportReporter -->
<testsuite hostname="fv-az626-979" failures="0" tests="1" name="Tests.WebTest" time="13.823" errors="0" timestamp="2022-09-19T08:35:56 UTC" skipped="0">
  <testcase classname="Tests.WebTest" name="testGoogleSearchUsingSelenoid" time="13.823"/>
  <system-out/>
</testsuite> <!-- Tests.WebTest -->
