<?xml version="1.0" encoding="UTF-8"?>
<!-- Generated by org.testng.reporters.JUnitReportReporter -->
<testsuite hostname="fv-az47-163" failures="0" tests="1" name="Tests.WebTest" time="12.163" errors="0" timestamp="2022-08-11T06:34:16 UTC" skipped="0">
  <testcase classname="Tests.WebTest" name="testGoogleSearchUsingSelenoid" time="12.163"/>
  <system-out/>
</testsuite> <!-- Tests.WebTest -->
