<?xml version="1.0" encoding="UTF-8"?>
<!-- Generated by org.testng.reporters.JUnitReportReporter -->
<testsuite hostname="fv-az344-344" failures="0" tests="1" name="Tests.WebTest" time="4.517" errors="0" timestamp="2023-08-05T08:19:24 UTC" skipped="0">
  <testcase classname="Tests.WebTest" name="testGoogleSearchUsingSelenoid" time="4.517"/>
  <system-out/>
</testsuite> <!-- Tests.WebTest -->
