<?xml version="1.0" encoding="UTF-8"?>
<!-- Generated by org.testng.reporters.JUnitReportReporter -->
<testsuite hostname="fv-az1246-610" failures="0" tests="1" name="Tests.WebTest" time="18.311" errors="0" timestamp="2023-07-02T08:23:39 UTC" skipped="0">
  <testcase classname="Tests.WebTest" name="testGoogleSearchUsingSelenoid" time="18.311"/>
  <system-out/>
</testsuite> <!-- Tests.WebTest -->
