<?xml version="1.0" encoding="UTF-8"?>
<!-- Generated by org.testng.reporters.JUnitReportReporter -->
<testsuite hostname="fv-az1250-992" failures="0" tests="1" name="Tests.WebTest" time="4.196" errors="0" timestamp="2023-07-03T08:17:08 UTC" skipped="0">
  <testcase classname="Tests.WebTest" name="testGoogleSearchUsingSelenoid" time="4.196"/>
  <system-out/>
</testsuite> <!-- Tests.WebTest -->
