<?xml version="1.0" encoding="UTF-8"?>
<!-- Generated by org.testng.reporters.JUnitReportReporter -->
<testsuite hostname="fv-az361-123" failures="0" tests="1" name="Tests.WebTest" time="3.039" errors="0" timestamp="2022-12-19T08:16:13 UTC" skipped="0">
  <testcase classname="Tests.WebTest" name="testGoogleSearchUsingSelenoid" time="3.039"/>
  <system-out/>
</testsuite> <!-- Tests.WebTest -->
