<?xml version="1.0" encoding="UTF-8"?>
<!-- Generated by org.testng.reporters.JUnitReportReporter -->
<testsuite hostname="fv-az397-837" failures="0" tests="1" name="Tests.WebTest" time="17.710" errors="0" timestamp="2023-08-28T08:22:16 UTC" skipped="0">
  <testcase classname="Tests.WebTest" name="testGoogleSearchUsingSelenoid" time="17.710"/>
  <system-out/>
</testsuite> <!-- Tests.WebTest -->
