<?xml version="1.0" encoding="UTF-8"?>
<!-- Generated by org.testng.reporters.JUnitReportReporter -->
<testsuite hostname="fv-az419-941" failures="0" tests="1" name="Tests.WebTest" time="3.087" errors="0" timestamp="2023-04-04T08:15:19 UTC" skipped="0">
  <testcase classname="Tests.WebTest" name="testGoogleSearchUsingSelenoid" time="3.087"/>
  <system-out/>
</testsuite> <!-- Tests.WebTest -->
