<?xml version="1.0" encoding="UTF-8"?>
<!-- Generated by org.testng.reporters.JUnitReportReporter -->
<testsuite hostname="fv-az587-938" failures="0" tests="1" name="Tests.WebTest" time="4.039" errors="0" timestamp="2023-03-08T08:26:21 UTC" skipped="0">
  <testcase classname="Tests.WebTest" name="testGoogleSearchUsingSelenoid" time="4.039"/>
  <system-out/>
</testsuite> <!-- Tests.WebTest -->
