<?xml version="1.0" encoding="UTF-8"?>
<!-- Generated by org.testng.reporters.JUnitReportReporter -->
<testsuite hostname="fv-az359-982" failures="0" tests="1" name="Tests.WebTest" time="3.029" errors="0" timestamp="2023-06-24T08:15:20 UTC" skipped="0">
  <testcase classname="Tests.WebTest" name="testGoogleSearchUsingSelenoid" time="3.029"/>
  <system-out/>
</testsuite> <!-- Tests.WebTest -->
