<?xml version="1.0" encoding="UTF-8"?>
<!-- Generated by org.testng.reporters.JUnitReportReporter -->
<testsuite hostname="fv-az309-857" failures="0" tests="1" name="Tests.WebTest" time="16.137" errors="0" timestamp="2023-10-02T08:22:30 UTC" skipped="0">
  <testcase classname="Tests.WebTest" name="testGoogleSearchUsingSelenoid" time="16.137"/>
  <system-out/>
</testsuite> <!-- Tests.WebTest -->
