<?xml version="1.0" encoding="UTF-8"?>
<!-- Generated by org.testng.reporters.JUnitReportReporter -->
<testsuite hostname="fv-az343-800" failures="0" tests="1" name="Tests.WebTest" time="18.955" errors="0" timestamp="2023-04-28T08:22:38 UTC" skipped="0">
  <testcase classname="Tests.WebTest" name="testGoogleSearchUsingSelenoid" time="18.955"/>
  <system-out/>
</testsuite> <!-- Tests.WebTest -->
