<?xml version="1.0" encoding="UTF-8"?>
<!-- Generated by org.testng.reporters.JUnitReportReporter -->
<testsuite hostname="fv-az1251-57" failures="0" tests="1" name="Tests.WebTest" time="2.624" errors="0" timestamp="2023-11-17T08:15:00 UTC" skipped="0">
  <testcase classname="Tests.WebTest" name="testGoogleSearchUsingSelenoid" time="2.624"/>
  <system-out/>
</testsuite> <!-- Tests.WebTest -->
