<?xml version="1.0" encoding="UTF-8"?>
<!-- Generated by org.testng.reporters.JUnitReportReporter -->
<testsuite hostname="fv-az162-909" failures="0" tests="1" name="Tests.WebTest" time="3.420" errors="0" timestamp="2023-07-26T08:15:03 UTC" skipped="0">
  <testcase classname="Tests.WebTest" name="testGoogleSearchUsingSelenoid" time="3.420"/>
  <system-out/>
</testsuite> <!-- Tests.WebTest -->
