<?xml version="1.0" encoding="UTF-8"?>
<!-- Generated by org.testng.reporters.JUnitReportReporter -->
<testsuite hostname="fv-az348-953" failures="0" tests="1" name="Tests.WebTest" time="8.602" errors="0" timestamp="2022-09-29T08:35:09 UTC" skipped="0">
  <testcase classname="Tests.WebTest" name="testGoogleSearchUsingSelenoid" time="8.602"/>
  <system-out/>
</testsuite> <!-- Tests.WebTest -->
