<?xml version="1.0" encoding="UTF-8"?>
<!-- Generated by org.testng.reporters.JUnitReportReporter -->
<testsuite hostname="fv-az71-608" failures="0" tests="1" name="Tests.WebTest" time="18.386" errors="0" timestamp="2022-10-14T08:35:52 UTC" skipped="0">
  <testcase classname="Tests.WebTest" name="testGoogleSearchUsingSelenoid" time="18.386"/>
  <system-out/>
</testsuite> <!-- Tests.WebTest -->
