<?xml version="1.0" encoding="UTF-8"?>
<!-- Generated by org.testng.reporters.JUnitReportReporter -->
<testsuite hostname="fv-az577-978" failures="0" tests="1" name="Tests.WebTest" time="3.480" errors="0" timestamp="2023-06-30T08:15:45 UTC" skipped="0">
  <testcase classname="Tests.WebTest" name="testGoogleSearchUsingSelenoid" time="3.480"/>
  <system-out/>
</testsuite> <!-- Tests.WebTest -->
