<?xml version="1.0" encoding="UTF-8"?>
<!-- Generated by org.testng.reporters.JUnitReportReporter -->
<testsuite hostname="fv-az190-843" failures="0" tests="1" name="Tests.WebTest" time="3.786" errors="0" timestamp="2022-08-11T21:23:28 UTC" skipped="0">
  <testcase classname="Tests.WebTest" name="testGoogleSearchUsingSelenoid" time="3.786"/>
  <system-out/>
</testsuite> <!-- Tests.WebTest -->
