<?xml version="1.0" encoding="UTF-8"?>
<!-- Generated by org.testng.reporters.JUnitReportReporter -->
<testsuite hostname="fv-az449-183" failures="0" tests="1" name="Tests.WebTest" time="17.348" errors="0" timestamp="2022-11-06T08:28:45 UTC" skipped="0">
  <testcase classname="Tests.WebTest" name="testGoogleSearchUsingSelenoid" time="17.348"/>
  <system-out/>
</testsuite> <!-- Tests.WebTest -->
