<?xml version="1.0" encoding="UTF-8"?>
<!-- Generated by org.testng.reporters.JUnitReportReporter -->
<testsuite hostname="fv-az626-200" failures="0" tests="1" name="Tests.WebTest" time="3.199" errors="0" timestamp="2023-05-27T08:13:23 UTC" skipped="0">
  <testcase classname="Tests.WebTest" name="testGoogleSearchUsingSelenoid" time="3.199"/>
  <system-out/>
</testsuite> <!-- Tests.WebTest -->
