<?xml version="1.0" encoding="UTF-8"?>
<!-- Generated by org.testng.reporters.JUnitReportReporter -->
<testsuite hostname="fv-az1098-997" failures="0" tests="1" name="Tests.WebTest" time="16.075" errors="0" timestamp="2023-04-16T08:21:11 UTC" skipped="0">
  <testcase classname="Tests.WebTest" name="testGoogleSearchUsingSelenoid" time="16.075"/>
  <system-out/>
</testsuite> <!-- Tests.WebTest -->
