<?xml version="1.0" encoding="UTF-8"?>
<!-- Generated by org.testng.reporters.JUnitReportReporter -->
<testsuite hostname="fv-az614-864" failures="0" tests="1" name="Tests.WebTest" time="2.880" errors="0" timestamp="2023-06-08T08:14:26 UTC" skipped="0">
  <testcase classname="Tests.WebTest" name="testGoogleSearchUsingSelenoid" time="2.880"/>
  <system-out/>
</testsuite> <!-- Tests.WebTest -->
