<?xml version="1.0" encoding="UTF-8"?>
<!-- Generated by org.testng.reporters.JUnitReportReporter -->
<testsuite hostname="fv-az565-768" failures="0" tests="1" name="Tests.WebTest" time="12.940" errors="0" timestamp="2023-10-27T08:21:51 UTC" skipped="0">
  <testcase classname="Tests.WebTest" name="testGoogleSearchUsingSelenoid" time="12.940"/>
  <system-out/>
</testsuite> <!-- Tests.WebTest -->
