<?xml version="1.0" encoding="UTF-8"?>
<!-- Generated by org.testng.reporters.JUnitReportReporter -->
<testsuite hostname="fv-az449-183" failures="0" tests="1" name="Tests.WebTest" time="16.952" errors="0" timestamp="2022-11-11T08:32:58 UTC" skipped="0">
  <testcase classname="Tests.WebTest" name="testGoogleSearchUsingSelenoid" time="16.952"/>
  <system-out/>
</testsuite> <!-- Tests.WebTest -->
