<?xml version="1.0" encoding="UTF-8"?>
<!-- Generated by org.testng.reporters.JUnitReportReporter -->
<testsuite hostname="fv-az619-355" failures="0" tests="1" name="Tests.WebTest" time="18.191" errors="0" timestamp="2022-10-12T08:34:43 UTC" skipped="0">
  <testcase classname="Tests.WebTest" name="testGoogleSearchUsingSelenoid" time="18.191"/>
  <system-out/>
</testsuite> <!-- Tests.WebTest -->
