<?xml version="1.0" encoding="UTF-8"?>
<!-- Generated by org.testng.reporters.JUnitReportReporter -->
<testsuite hostname="fv-az127-784" failures="0" tests="1" name="Tests.WebTest" time="2.887" errors="0" timestamp="2022-10-06T08:23:15 UTC" skipped="0">
  <testcase classname="Tests.WebTest" name="testGoogleSearchUsingSelenoid" time="2.887"/>
  <system-out/>
</testsuite> <!-- Tests.WebTest -->
