<?xml version="1.0" encoding="UTF-8"?>
<!-- Generated by org.testng.reporters.JUnitReportReporter -->
<testsuite hostname="fv-az137-283" failures="0" tests="1" name="Tests.WebTest" time="3.704" errors="0" timestamp="2022-08-12T08:30:46 UTC" skipped="0">
  <testcase classname="Tests.WebTest" name="testGoogleSearchUsingSelenoid" time="3.704"/>
  <system-out/>
</testsuite> <!-- Tests.WebTest -->
