<?xml version="1.0" encoding="UTF-8"?>
<!-- Generated by org.testng.reporters.JUnitReportReporter -->
<testsuite hostname="fv-az410-917" failures="0" tests="1" name="Tests.WebTest" time="3.412" errors="0" timestamp="2023-05-27T08:20:16 UTC" skipped="0">
  <testcase classname="Tests.WebTest" name="testGoogleSearchUsingSelenoid" time="3.412"/>
  <system-out/>
</testsuite> <!-- Tests.WebTest -->
