<?xml version="1.0" encoding="UTF-8"?>
<!-- Generated by org.testng.reporters.JUnitReportReporter -->
<testsuite hostname="fv-az507-967" failures="0" tests="1" name="Tests.WebTest" time="4.497" errors="0" timestamp="2023-03-25T08:22:12 UTC" skipped="0">
  <testcase classname="Tests.WebTest" name="testGoogleSearchUsingSelenoid" time="4.497"/>
  <system-out/>
</testsuite> <!-- Tests.WebTest -->
