<?xml version="1.0" encoding="UTF-8"?>
<!-- Generated by org.testng.reporters.JUnitReportReporter -->
<testsuite hostname="fv-az210-12" failures="0" tests="1" name="Tests.WebTest" time="3.676" errors="0" timestamp="2023-08-14T08:14:38 UTC" skipped="0">
  <testcase classname="Tests.WebTest" name="testGoogleSearchUsingSelenoid" time="3.676"/>
  <system-out/>
</testsuite> <!-- Tests.WebTest -->
