<?xml version="1.0" encoding="UTF-8"?>
<!-- Generated by org.testng.reporters.JUnitReportReporter -->
<testsuite hostname="fv-az267-920" failures="0" tests="1" name="Tests.WebTest" time="5.652" errors="0" timestamp="2022-12-13T08:26:09 UTC" skipped="0">
  <testcase classname="Tests.WebTest" name="testGoogleSearchUsingSelenoid" time="5.652"/>
  <system-out/>
</testsuite> <!-- Tests.WebTest -->
