<?xml version="1.0" encoding="UTF-8"?>
<!-- Generated by org.testng.reporters.JUnitReportReporter -->
<testsuite hostname="fv-az343-524" failures="0" tests="1" name="Tests.WebTest" time="18.414" errors="0" timestamp="2023-06-24T08:24:04 UTC" skipped="0">
  <testcase classname="Tests.WebTest" name="testGoogleSearchUsingSelenoid" time="18.414"/>
  <system-out/>
</testsuite> <!-- Tests.WebTest -->
