<?xml version="1.0" encoding="UTF-8"?>
<!-- Generated by org.testng.reporters.JUnitReportReporter -->
<testsuite hostname="fv-az577-468" failures="0" tests="1" name="Tests.WebTest" time="4.379" errors="0" timestamp="2023-03-19T08:23:10 UTC" skipped="0">
  <testcase classname="Tests.WebTest" name="testGoogleSearchUsingSelenoid" time="4.379"/>
  <system-out/>
</testsuite> <!-- Tests.WebTest -->
