<?xml version="1.0" encoding="UTF-8"?>
<!-- Generated by org.testng.reporters.JUnitReportReporter -->
<testsuite hostname="fv-az180-114" failures="0" tests="1" name="Tests.WebTest" time="3.444" errors="0" timestamp="2022-10-03T08:22:43 UTC" skipped="0">
  <testcase classname="Tests.WebTest" name="testGoogleSearchUsingSelenoid" time="3.444"/>
  <system-out/>
</testsuite> <!-- Tests.WebTest -->
