<?xml version="1.0" encoding="UTF-8"?>
<!-- Generated by org.testng.reporters.JUnitReportReporter -->
<testsuite hostname="fv-az409-178" failures="0" tests="1" name="Tests.WebTest" time="18.470" errors="0" timestamp="2023-05-10T08:22:01 UTC" skipped="0">
  <testcase classname="Tests.WebTest" name="testGoogleSearchUsingSelenoid" time="18.470"/>
  <system-out/>
</testsuite> <!-- Tests.WebTest -->
