<?xml version="1.0" encoding="UTF-8"?>
<!-- Generated by org.testng.reporters.JUnitReportReporter -->
<testsuite hostname="fv-az571-757" failures="0" tests="1" name="Tests.WebTest" time="3.713" errors="0" timestamp="2022-09-20T08:22:28 UTC" skipped="0">
  <testcase classname="Tests.WebTest" name="testGoogleSearchUsingSelenoid" time="3.713"/>
  <system-out/>
</testsuite> <!-- Tests.WebTest -->
