<?xml version="1.0" encoding="UTF-8"?>
<!-- Generated by org.testng.reporters.JUnitReportReporter -->
<testsuite hostname="fv-az189-713" failures="0" tests="1" name="Tests.WebTest" time="5.914" errors="0" timestamp="2023-04-26T08:22:42 UTC" skipped="0">
  <testcase classname="Tests.WebTest" name="testGoogleSearchUsingSelenoid" time="5.914"/>
  <system-out/>
</testsuite> <!-- Tests.WebTest -->
