<?xml version="1.0" encoding="UTF-8"?>
<!-- Generated by org.testng.reporters.JUnitReportReporter -->
<testsuite hostname="fv-az362-814" failures="0" tests="1" name="Tests.WebTest" time="3.036" errors="0" timestamp="2023-02-25T08:24:06 UTC" skipped="0">
  <testcase classname="Tests.WebTest" name="testGoogleSearchUsingSelenoid" time="3.036"/>
  <system-out/>
</testsuite> <!-- Tests.WebTest -->
