<?xml version="1.0" encoding="UTF-8"?>
<!-- Generated by org.testng.reporters.JUnitReportReporter -->
<testsuite skipped="0" hostname="OF011DT3NSMD6NI" name="ExtentReports.TestExtentReportsForFailedAndSuccessfulTests" tests="1" failures="0" timestamp="2022-05-03T09:20:03 CDT" time="0.769" errors="0">
  <testcase name="f" time="0.769" classname="ExtentReports.TestExtentReportsForFailedAndSuccessfulTests"/>
  <system-out/>
</testsuite> <!-- ExtentReports.TestExtentReportsForFailedAndSuccessfulTests -->
