<?xml version="1.0" encoding="UTF-8"?>
<!-- Generated by org.testng.reporters.JUnitReportReporter -->
<testsuite hostname="fv-az882-436" failures="0" tests="1" name="Tests.WebTest" time="14.279" errors="0" timestamp="2023-09-29T08:22:03 UTC" skipped="0">
  <testcase classname="Tests.WebTest" name="testGoogleSearchUsingSelenoid" time="14.279"/>
  <system-out/>
</testsuite> <!-- Tests.WebTest -->
