<?xml version="1.0" encoding="UTF-8"?>
<!-- Generated by org.testng.reporters.JUnitReportReporter -->
<testsuite hostname="fv-az559-738" failures="0" tests="1" name="Tests.WebTest" time="4.042" errors="0" timestamp="2023-02-16T08:25:33 UTC" skipped="0">
  <testcase classname="Tests.WebTest" name="testGoogleSearchUsingSelenoid" time="4.042"/>
  <system-out/>
</testsuite> <!-- Tests.WebTest -->
