<?xml version="1.0" encoding="UTF-8"?>
<!-- Generated by org.testng.reporters.JUnitReportReporter -->
<testsuite hostname="fv-az136-255" failures="0" tests="1" name="Tests.WebTest" time="7.572" errors="0" timestamp="2022-09-13T08:31:45 UTC" skipped="0">
  <testcase classname="Tests.WebTest" name="testGoogleSearchUsingSelenoid" time="7.572"/>
  <system-out/>
</testsuite> <!-- Tests.WebTest -->
