<?xml version="1.0" encoding="UTF-8"?>
<!-- Generated by org.testng.reporters.JUnitReportReporter -->
<testsuite hostname="fv-az1241-897" failures="0" tests="1" name="Tests.WebTest" time="5.037" errors="0" timestamp="2023-07-28T08:20:52 UTC" skipped="0">
  <testcase classname="Tests.WebTest" name="testGoogleSearchUsingSelenoid" time="5.037"/>
  <system-out/>
</testsuite> <!-- Tests.WebTest -->
