<?xml version="1.0" encoding="UTF-8"?>
<!-- Generated by org.testng.reporters.JUnitReportReporter -->
<testsuite hostname="fv-az335-524" failures="0" tests="1" name="Tests.WebTest" time="3.644" errors="0" timestamp="2022-09-12T17:27:39 UTC" skipped="0">
  <testcase classname="Tests.WebTest" name="testGoogleSearchUsingSelenoid" time="3.644"/>
  <system-out/>
</testsuite> <!-- Tests.WebTest -->
