<?xml version="1.0" encoding="UTF-8"?>
<!-- Generated by org.testng.reporters.JUnitReportReporter -->
<testsuite hostname="fv-az573-358" failures="0" tests="1" name="Tests.WebTest" time="5.782" errors="0" timestamp="2023-04-02T08:20:45 UTC" skipped="0">
  <testcase classname="Tests.WebTest" name="testGoogleSearchUsingSelenoid" time="5.782"/>
  <system-out/>
</testsuite> <!-- Tests.WebTest -->
