<?xml version="1.0" encoding="UTF-8"?>
<!-- Generated by org.testng.reporters.JUnitReportReporter -->
<testsuite hostname="fv-az646-54" failures="0" tests="1" name="Tests.WebTest" time="17.028" errors="0" timestamp="2023-10-16T08:23:30 UTC" skipped="0">
  <testcase classname="Tests.WebTest" name="testGoogleSearchUsingSelenoid" time="17.028"/>
  <system-out/>
</testsuite> <!-- Tests.WebTest -->
