<?xml version="1.0" encoding="UTF-8"?>
<!-- Generated by org.testng.reporters.JUnitReportReporter -->
<testsuite hostname="fv-az336-847" failures="0" tests="1" name="Tests.WebTest" time="4.438" errors="0" timestamp="2023-09-06T08:22:03 UTC" skipped="0">
  <testcase classname="Tests.WebTest" name="testGoogleSearchUsingSelenoid" time="4.438"/>
  <system-out/>
</testsuite> <!-- Tests.WebTest -->
