<?xml version="1.0" encoding="UTF-8"?>
<!-- Generated by org.testng.reporters.JUnitReportReporter -->
<testsuite hostname="6a8bc23ed9cb" failures="0" tests="2" name="FrameworkWithoutPageFactoryParallelMethodsGridExample.TestCaseParallelMethods" time="39.273" errors="0" timestamp="2022-10-23T14:09:32 GMT" skipped="0">
  <testcase classname="FrameworkWithoutPageFactoryParallelMethodsGridExample.TestCaseParallelMethods" name="test2" time="31.805"/>
  <system-out/>
  <testcase classname="FrameworkWithoutPageFactoryParallelMethodsGridExample.TestCaseParallelMethods" name="test1" time="7.468"/>
  <system-out/>
</testsuite> <!-- FrameworkWithoutPageFactoryParallelMethodsGridExample.TestCaseParallelMethods -->
