<?xml version="1.0" encoding="UTF-8"?>
<!-- Generated by org.testng.reporters.JUnitReportReporter -->
<testsuite hostname="fv-az613-674" failures="0" tests="1" name="Tests.WebTest" time="17.632" errors="0" timestamp="2023-10-10T08:22:32 UTC" skipped="0">
  <testcase classname="Tests.WebTest" name="testGoogleSearchUsingSelenoid" time="17.632"/>
  <system-out/>
</testsuite> <!-- Tests.WebTest -->
