<?xml version="1.0" encoding="UTF-8"?>
<!-- Generated by org.testng.reporters.JUnitReportReporter -->
<testsuite hostname="fv-az573-737" failures="0" tests="1" name="Tests.WebTest" time="3.918" errors="0" timestamp="2022-11-29T08:18:23 UTC" skipped="0">
  <testcase classname="Tests.WebTest" name="testGoogleSearchUsingSelenoid" time="3.918"/>
  <system-out/>
</testsuite> <!-- Tests.WebTest -->
