<?xml version="1.0" encoding="UTF-8"?>
<!-- Generated by org.testng.reporters.JUnitReportReporter -->
<testsuite hostname="fv-az244-816" failures="0" tests="1" name="Tests.WebTest" time="3.650" errors="0" timestamp="2023-08-20T08:12:54 UTC" skipped="0">
  <testcase classname="Tests.WebTest" name="testGoogleSearchUsingSelenoid" time="3.650"/>
  <system-out/>
</testsuite> <!-- Tests.WebTest -->
