<?xml version="1.0" encoding="UTF-8"?>
<!-- Generated by org.testng.reporters.JUnitReportReporter -->
<testsuite hostname="fv-az529-666" failures="0" tests="1" name="Tests.WebTest" time="14.824" errors="0" timestamp="2023-11-18T08:20:43 UTC" skipped="0">
  <testcase classname="Tests.WebTest" name="testGoogleSearchUsingSelenoid" time="14.824"/>
  <system-out/>
</testsuite> <!-- Tests.WebTest -->
