<?xml version="1.0" encoding="UTF-8"?>
<!-- Generated by org.testng.reporters.JUnitReportReporter -->
<testsuite hostname="fv-az502-143" failures="0" tests="1" name="Tests.WebTest" time="3.919" errors="0" timestamp="2023-07-16T08:15:15 UTC" skipped="0">
  <testcase classname="Tests.WebTest" name="testGoogleSearchUsingSelenoid" time="3.919"/>
  <system-out/>
</testsuite> <!-- Tests.WebTest -->
