<?xml version="1.0" encoding="UTF-8"?>
<!-- Generated by org.testng.reporters.JUnitReportReporter -->
<testsuite hostname="fv-az408-12" failures="0" tests="1" name="Tests.WebTest" time="4.777" errors="0" timestamp="2023-04-19T08:23:09 UTC" skipped="0">
  <testcase classname="Tests.WebTest" name="testGoogleSearchUsingSelenoid" time="4.777"/>
  <system-out/>
</testsuite> <!-- Tests.WebTest -->
