<?xml version="1.0" encoding="UTF-8"?>
<!-- Generated by org.testng.reporters.JUnitReportReporter -->
<testsuite hostname="fv-az1233-978" failures="0" tests="1" name="Tests.WebTest" time="3.333" errors="0" timestamp="2023-09-22T08:14:50 UTC" skipped="0">
  <testcase classname="Tests.WebTest" name="testGoogleSearchUsingSelenoid" time="3.333"/>
  <system-out/>
</testsuite> <!-- Tests.WebTest -->
