<?xml version="1.0" encoding="UTF-8"?>
<!-- Generated by org.testng.reporters.JUnitReportReporter -->
<testsuite hostname="fv-az408-574" failures="0" tests="1" name="Tests.WebTest" time="3.314" errors="0" timestamp="2023-03-22T08:15:38 UTC" skipped="0">
  <testcase classname="Tests.WebTest" name="testGoogleSearchUsingSelenoid" time="3.314"/>
  <system-out/>
</testsuite> <!-- Tests.WebTest -->
