<?xml version="1.0" encoding="UTF-8"?>
<!-- Generated by org.testng.reporters.JUnitReportReporter -->
<testsuite hostname="fv-az575-716" failures="0" tests="1" name="Tests.WebTest" time="8.103" errors="0" timestamp="2023-11-17T08:22:12 UTC" skipped="0">
  <testcase classname="Tests.WebTest" name="testGoogleSearchUsingSelenoid" time="8.103"/>
  <system-out/>
</testsuite> <!-- Tests.WebTest -->
