<?xml version="1.0" encoding="UTF-8"?>
<!-- Generated by org.testng.reporters.JUnitReportReporter -->
<testsuite hostname="fv-az255-580" failures="0" tests="1" name="Tests.WebTest" time="11.238" errors="0" timestamp="2023-10-06T08:22:42 UTC" skipped="0">
  <testcase classname="Tests.WebTest" name="testGoogleSearchUsingSelenoid" time="11.238"/>
  <system-out/>
</testsuite> <!-- Tests.WebTest -->
