<?xml version="1.0" encoding="UTF-8"?>
<!-- Generated by org.testng.reporters.JUnitReportReporter -->
<testsuite hostname="fv-az465-491" failures="0" tests="1" name="Tests.WebTest" time="13.730" errors="0" timestamp="2023-07-16T08:22:42 UTC" skipped="0">
  <testcase classname="Tests.WebTest" name="testGoogleSearchUsingSelenoid" time="13.730"/>
  <system-out/>
</testsuite> <!-- Tests.WebTest -->
