<?xml version="1.0" encoding="UTF-8"?>
<!-- Generated by org.testng.reporters.JUnitReportReporter -->
<testsuite hostname="fv-az478-415" failures="0" tests="1" name="Tests.WebTest" time="3.573" errors="0" timestamp="2023-03-07T08:18:23 UTC" skipped="0">
  <testcase classname="Tests.WebTest" name="testGoogleSearchUsingSelenoid" time="3.573"/>
  <system-out/>
</testsuite> <!-- Tests.WebTest -->
