<?xml version="1.0" encoding="UTF-8"?>
<!-- Generated by org.testng.reporters.JUnitReportReporter -->
<testsuite hostname="fv-az576-10" failures="0" tests="1" name="Tests.WebTest" time="4.943" errors="0" timestamp="2023-03-06T08:18:11 UTC" skipped="0">
  <testcase classname="Tests.WebTest" name="testGoogleSearchUsingSelenoid" time="4.943"/>
  <system-out/>
</testsuite> <!-- Tests.WebTest -->
