<?xml version="1.0" encoding="UTF-8"?>
<!-- Generated by org.testng.reporters.JUnitReportReporter -->
<testsuite hostname="fv-az790-867" failures="0" tests="1" name="Tests.WebTest" time="6.174" errors="0" timestamp="2023-07-12T08:25:00 UTC" skipped="0">
  <testcase classname="Tests.WebTest" name="testGoogleSearchUsingSelenoid" time="6.174"/>
  <system-out/>
</testsuite> <!-- Tests.WebTest -->
