<?xml version="1.0" encoding="UTF-8"?>
<!-- Generated by org.testng.reporters.JUnitReportReporter -->
<testsuite hostname="fv-az173-551" failures="0" tests="1" name="Tests.WebTest" time="14.728" errors="0" timestamp="2023-08-23T08:21:24 UTC" skipped="0">
  <testcase classname="Tests.WebTest" name="testGoogleSearchUsingSelenoid" time="14.728"/>
  <system-out/>
</testsuite> <!-- Tests.WebTest -->
