<?xml version="1.0" encoding="UTF-8"?>
<!-- Generated by org.testng.reporters.JUnitReportReporter -->
<testsuite hostname="fv-az583-678" failures="0" tests="1" name="Tests.WebTest" time="3.797" errors="0" timestamp="2023-09-27T08:22:12 UTC" skipped="0">
  <testcase classname="Tests.WebTest" name="testGoogleSearchUsingSelenoid" time="3.797"/>
  <system-out/>
</testsuite> <!-- Tests.WebTest -->
