<?xml version="1.0" encoding="UTF-8"?>
<!-- Generated by org.testng.reporters.JUnitReportReporter -->
<testsuite hostname="fv-az698-128" failures="0" tests="1" name="Tests.WebTest" time="2.554" errors="0" timestamp="2023-11-16T08:15:15 UTC" skipped="0">
  <testcase classname="Tests.WebTest" name="testGoogleSearchUsingSelenoid" time="2.554"/>
  <system-out/>
</testsuite> <!-- Tests.WebTest -->
