<?xml version="1.0" encoding="UTF-8"?>
<!-- Generated by org.testng.reporters.JUnitReportReporter -->
<testsuite hostname="fv-az570-129" failures="0" tests="1" name="Tests.WebTest" time="16.217" errors="0" timestamp="2023-05-25T08:22:09 UTC" skipped="0">
  <testcase classname="Tests.WebTest" name="testGoogleSearchUsingSelenoid" time="16.217"/>
  <system-out/>
</testsuite> <!-- Tests.WebTest -->
