<?xml version="1.0" encoding="UTF-8"?>
<!-- Generated by org.testng.reporters.JUnitReportReporter -->
<testsuite hostname="fv-az183-959" failures="0" tests="1" name="Tests.WebTest" time="3.024" errors="0" timestamp="2022-10-31T08:23:39 UTC" skipped="0">
  <testcase classname="Tests.WebTest" name="testGoogleSearchUsingSelenoid" time="3.024"/>
  <system-out/>
</testsuite> <!-- Tests.WebTest -->
