<?xml version="1.0" encoding="UTF-8"?>
<!-- Generated by org.testng.reporters.JUnitReportReporter -->
<testsuite hostname="fv-az879-315" failures="0" tests="1" name="Tests.WebTest" time="3.929" errors="0" timestamp="2023-11-08T08:14:47 UTC" skipped="0">
  <testcase classname="Tests.WebTest" name="testGoogleSearchUsingSelenoid" time="3.929"/>
  <system-out/>
</testsuite> <!-- Tests.WebTest -->
