<?xml version="1.0" encoding="UTF-8"?>
<!-- Generated by org.testng.reporters.JUnitReportReporter -->
<testsuite hostname="fv-az259-613" failures="0" tests="1" name="Tests.WebTest" time="3.874" errors="0" timestamp="2022-10-29T08:20:08 UTC" skipped="0">
  <testcase classname="Tests.WebTest" name="testGoogleSearchUsingSelenoid" time="3.874"/>
  <system-out/>
</testsuite> <!-- Tests.WebTest -->
