<?xml version="1.0" encoding="UTF-8"?>
<!-- Generated by org.testng.reporters.JUnitReportReporter -->
<testsuite hostname="fv-az419-778" failures="0" tests="1" name="Tests.WebTest" time="3.071" errors="0" timestamp="2022-12-28T08:15:34 UTC" skipped="0">
  <testcase classname="Tests.WebTest" name="testGoogleSearchUsingSelenoid" time="3.071"/>
  <system-out/>
</testsuite> <!-- Tests.WebTest -->
