<?xml version="1.0" encoding="UTF-8"?>
<!-- Generated by org.testng.reporters.JUnitReportReporter -->
<testsuite hostname="fv-az354-395" failures="0" tests="1" name="Tests.WebTest" time="3.139" errors="0" timestamp="2023-01-10T08:16:26 UTC" skipped="0">
  <testcase classname="Tests.WebTest" name="testGoogleSearchUsingSelenoid" time="3.139"/>
  <system-out/>
</testsuite> <!-- Tests.WebTest -->
