<?xml version="1.0" encoding="UTF-8"?>
<!-- Generated by org.testng.reporters.JUnitReportReporter -->
<testsuite hostname="fv-az563-555" failures="0" tests="1" name="Tests.WebTest" time="17.378" errors="0" timestamp="2022-11-27T08:25:19 UTC" skipped="0">
  <testcase classname="Tests.WebTest" name="testGoogleSearchUsingSelenoid" time="17.378"/>
  <system-out/>
</testsuite> <!-- Tests.WebTest -->
