<?xml version="1.0" encoding="UTF-8"?>
<!-- Generated by org.testng.reporters.JUnitReportReporter -->
<testsuite hostname="fv-az173-564" failures="0" tests="1" name="Tests.WebTest" time="3.967" errors="0" timestamp="2023-02-24T08:17:08 UTC" skipped="0">
  <testcase classname="Tests.WebTest" name="testGoogleSearchUsingSelenoid" time="3.967"/>
  <system-out/>
</testsuite> <!-- Tests.WebTest -->
