<?xml version="1.0" encoding="UTF-8"?>
<!-- Generated by org.testng.reporters.JUnitReportReporter -->
<testsuite hostname="fv-az573-263" failures="0" tests="1" name="Tests.WebTest" time="16.273" errors="0" timestamp="2023-06-27T08:25:28 UTC" skipped="0">
  <testcase classname="Tests.WebTest" name="testGoogleSearchUsingSelenoid" time="16.273"/>
  <system-out/>
</testsuite> <!-- Tests.WebTest -->
