<?xml version="1.0" encoding="UTF-8"?>
<!-- Generated by org.testng.reporters.JUnitReportReporter -->
<testsuite hostname="fv-az409-137" failures="0" tests="1" name="Tests.WebTest" time="4.260" errors="0" timestamp="2023-03-05T08:15:34 UTC" skipped="0">
  <testcase classname="Tests.WebTest" name="testGoogleSearchUsingSelenoid" time="4.260"/>
  <system-out/>
</testsuite> <!-- Tests.WebTest -->
