<?xml version="1.0" encoding="UTF-8"?>
<!-- Generated by org.testng.reporters.JUnitReportReporter -->
<testsuite hostname="fv-az626-489" failures="0" tests="1" name="Tests.WebTest" time="6.596" errors="0" timestamp="2022-10-03T08:35:36 UTC" skipped="0">
  <testcase classname="Tests.WebTest" name="testGoogleSearchUsingSelenoid" time="6.596"/>
  <system-out/>
</testsuite> <!-- Tests.WebTest -->
