<?xml version="1.0" encoding="UTF-8"?>
<!-- Generated by org.testng.reporters.JUnitReportReporter -->
<testsuite hostname="fv-az178-683" failures="0" tests="1" name="Tests.WebTest" time="3.388" errors="0" timestamp="2022-08-11T06:32:50 UTC" skipped="0">
  <testcase classname="Tests.WebTest" name="testGoogleSearchUsingSelenoid" time="3.388"/>
  <system-out/>
</testsuite> <!-- Tests.WebTest -->
