<?xml version="1.0" encoding="UTF-8"?>
<!-- Generated by org.testng.reporters.JUnitReportReporter -->
<testsuite hostname="fv-az586-585" failures="0" tests="1" name="Tests.WebTest" time="18.556" errors="0" timestamp="2023-04-21T08:22:43 UTC" skipped="0">
  <testcase classname="Tests.WebTest" name="testGoogleSearchUsingSelenoid" time="18.556"/>
  <system-out/>
</testsuite> <!-- Tests.WebTest -->
