<?xml version="1.0" encoding="UTF-8"?>
<!-- Generated by org.testng.reporters.JUnitReportReporter -->
<testsuite hostname="fv-az336-257" failures="0" tests="1" name="Tests.WebTest" time="17.261" errors="0" timestamp="2023-04-18T08:23:21 UTC" skipped="0">
  <testcase classname="Tests.WebTest" name="testGoogleSearchUsingSelenoid" time="17.261"/>
  <system-out/>
</testsuite> <!-- Tests.WebTest -->
