<?xml version="1.0" encoding="UTF-8"?>
<!-- Generated by org.testng.reporters.JUnitReportReporter -->
<testsuite hostname="fv-az351-896" failures="0" tests="1" name="Tests.WebTest" time="3.143" errors="0" timestamp="2023-03-24T08:14:19 UTC" skipped="0">
  <testcase classname="Tests.WebTest" name="testGoogleSearchUsingSelenoid" time="3.143"/>
  <system-out/>
</testsuite> <!-- Tests.WebTest -->
