<?xml version="1.0" encoding="UTF-8"?>
<!-- Generated by org.testng.reporters.JUnitReportReporter -->
<testsuite hostname="fv-az245-114" failures="0" tests="1" name="Tests.WebTest" time="17.867" errors="0" timestamp="2023-10-23T08:23:04 UTC" skipped="0">
  <testcase classname="Tests.WebTest" name="testGoogleSearchUsingSelenoid" time="17.867"/>
  <system-out/>
</testsuite> <!-- Tests.WebTest -->
