<?xml version="1.0" encoding="UTF-8"?>
<!-- Generated by org.testng.reporters.JUnitReportReporter -->
<testsuite hostname="fv-az445-971" failures="0" tests="1" name="Tests.WebTest" time="3.035" errors="0" timestamp="2023-07-08T08:15:11 UTC" skipped="0">
  <testcase classname="Tests.WebTest" name="testGoogleSearchUsingSelenoid" time="3.035"/>
  <system-out/>
</testsuite> <!-- Tests.WebTest -->
