<?xml version="1.0" encoding="UTF-8"?>
<!-- Generated by org.testng.reporters.JUnitReportReporter -->
<testsuite hostname="fv-az309-521" failures="0" tests="1" name="Tests.WebTest" time="3.104" errors="0" timestamp="2023-09-07T08:14:49 UTC" skipped="0">
  <testcase classname="Tests.WebTest" name="testGoogleSearchUsingSelenoid" time="3.104"/>
  <system-out/>
</testsuite> <!-- Tests.WebTest -->
