<?xml version="1.0" encoding="UTF-8"?>
<!-- Generated by org.testng.reporters.JUnitReportReporter -->
<testsuite hostname="fv-az341-892" failures="0" tests="1" name="Tests.WebTest" time="4.246" errors="0" timestamp="2022-12-08T08:16:56 UTC" skipped="0">
  <testcase classname="Tests.WebTest" name="testGoogleSearchUsingSelenoid" time="4.246"/>
  <system-out/>
</testsuite> <!-- Tests.WebTest -->
