<?xml version="1.0" encoding="UTF-8"?>
<!-- Generated by org.testng.reporters.JUnitReportReporter -->
<testsuite hostname="fv-az133-274" failures="0" tests="1" name="Tests.WebTest" time="3.125" errors="0" timestamp="2022-09-01T08:31:30 UTC" skipped="0">
  <testcase classname="Tests.WebTest" name="testGoogleSearchUsingSelenoid" time="3.125"/>
  <system-out/>
</testsuite> <!-- Tests.WebTest -->
