<?xml version="1.0" encoding="UTF-8"?>
<!-- Generated by org.testng.reporters.JUnitReportReporter -->
<testsuite hostname="fv-az354-350" failures="0" tests="1" name="Tests.WebTest" time="2.942" errors="0" timestamp="2023-07-28T08:14:11 UTC" skipped="0">
  <testcase classname="Tests.WebTest" name="testGoogleSearchUsingSelenoid" time="2.942"/>
  <system-out/>
</testsuite> <!-- Tests.WebTest -->
