<?xml version="1.0" encoding="UTF-8"?>
<!-- Generated by org.testng.reporters.JUnitReportReporter -->
<testsuite hostname="fv-az571-443" failures="0" tests="1" name="Tests.WebTest" time="18.451" errors="0" timestamp="2022-09-12T06:28:50 UTC" skipped="0">
  <testcase classname="Tests.WebTest" name="testGoogleSearchUsingSelenoid" time="18.451"/>
  <system-out/>
</testsuite> <!-- Tests.WebTest -->
