<?xml version="1.0" encoding="UTF-8"?>
<!-- Generated by org.testng.reporters.JUnitReportReporter -->
<testsuite hostname="fv-az198-186" failures="0" tests="1" name="Tests.WebTest" time="3.324" errors="0" timestamp="2022-08-13T16:32:20 UTC" skipped="0">
  <testcase classname="Tests.WebTest" name="testGoogleSearchUsingSelenoid" time="3.324"/>
  <system-out/>
</testsuite> <!-- Tests.WebTest -->
