<?xml version="1.0" encoding="UTF-8"?>
<!-- Generated by org.testng.reporters.JUnitReportReporter -->
<testsuite hostname="fv-az551-2" failures="0" tests="1" name="Tests.WebTest" time="3.232" errors="0" timestamp="2023-04-06T08:14:52 UTC" skipped="0">
  <testcase classname="Tests.WebTest" name="testGoogleSearchUsingSelenoid" time="3.232"/>
  <system-out/>
</testsuite> <!-- Tests.WebTest -->
