<?xml version="1.0" encoding="UTF-8"?>
<!-- Generated by org.testng.reporters.JUnitReportReporter -->
<testsuite hostname="fv-az914-483" failures="0" tests="1" name="Tests.WebTest" time="3.266" errors="0" timestamp="2023-11-19T08:14:09 UTC" skipped="0">
  <testcase classname="Tests.WebTest" name="testGoogleSearchUsingSelenoid" time="3.266"/>
  <system-out/>
</testsuite> <!-- Tests.WebTest -->
