<?xml version="1.0" encoding="UTF-8"?>
<!-- Generated by org.testng.reporters.JUnitReportReporter -->
<testsuite hostname="fv-az82-527" failures="0" tests="1" name="Tests.WebTest" time="6.055" errors="0" timestamp="2022-11-14T08:32:23 UTC" skipped="0">
  <testcase classname="Tests.WebTest" name="testGoogleSearchUsingSelenoid" time="6.055"/>
  <system-out/>
</testsuite> <!-- Tests.WebTest -->
