<?xml version="1.0" encoding="UTF-8"?>
<!-- Generated by org.testng.reporters.JUnitReportReporter -->
<testsuite hostname="fv-az573-555" failures="0" tests="1" name="Tests.WebTest" time="3.304" errors="0" timestamp="2023-01-29T08:14:57 UTC" skipped="0">
  <testcase classname="Tests.WebTest" name="testGoogleSearchUsingSelenoid" time="3.304"/>
  <system-out/>
</testsuite> <!-- Tests.WebTest -->
