<?xml version="1.0" encoding="UTF-8"?>
<!-- Generated by org.testng.reporters.JUnitReportReporter -->
<testsuite hostname="fv-az136-761" failures="0" tests="1" name="Tests.WebTest" time="3.192" errors="0" timestamp="2022-10-25T08:30:10 UTC" skipped="0">
  <testcase classname="Tests.WebTest" name="testGoogleSearchUsingSelenoid" time="3.192"/>
  <system-out/>
</testsuite> <!-- Tests.WebTest -->
