<?xml version="1.0" encoding="UTF-8"?>
<!-- Generated by org.testng.reporters.JUnitReportReporter -->
<testsuite hostname="fv-az409-367" failures="0" tests="1" name="Tests.WebTest" time="14.943" errors="0" timestamp="2023-08-09T08:23:05 UTC" skipped="0">
  <testcase classname="Tests.WebTest" name="testGoogleSearchUsingSelenoid" time="14.943"/>
  <system-out/>
</testsuite> <!-- Tests.WebTest -->
