<?xml version="1.0" encoding="UTF-8"?>
<!-- Generated by org.testng.reporters.JUnitReportReporter -->
<testsuite hostname="fv-az842-14" failures="0" tests="1" name="Tests.WebTest" time="6.727" errors="0" timestamp="2023-10-26T08:15:02 UTC" skipped="0">
  <testcase classname="Tests.WebTest" name="testGoogleSearchUsingSelenoid" time="6.727"/>
  <system-out/>
</testsuite> <!-- Tests.WebTest -->
