<?xml version="1.0" encoding="UTF-8"?>
<!-- Generated by org.testng.reporters.JUnitReportReporter -->
<testsuite hostname="fv-az447-940" failures="0" tests="1" name="Tests.WebTest" time="4.642" errors="0" timestamp="2023-03-24T08:22:00 UTC" skipped="0">
  <testcase classname="Tests.WebTest" name="testGoogleSearchUsingSelenoid" time="4.642"/>
  <system-out/>
</testsuite> <!-- Tests.WebTest -->
