<?xml version="1.0" encoding="UTF-8"?>
<!-- Generated by org.testng.reporters.JUnitReportReporter -->
<testsuite hostname="fv-az485-210" failures="0" tests="1" name="Tests.WebTest" time="7.414" errors="0" timestamp="2023-01-23T08:25:10 UTC" skipped="0">
  <testcase classname="Tests.WebTest" name="testGoogleSearchUsingSelenoid" time="7.414"/>
  <system-out/>
</testsuite> <!-- Tests.WebTest -->
