<?xml version="1.0" encoding="UTF-8"?>
<!-- Generated by org.testng.reporters.JUnitReportReporter -->
<testsuite hostname="fv-az178-528" failures="0" tests="1" name="Tests.WebTest" time="7.911" errors="0" timestamp="2022-09-09T08:33:43 UTC" skipped="0">
  <testcase classname="Tests.WebTest" name="testGoogleSearchUsingSelenoid" time="7.911"/>
  <system-out/>
</testsuite> <!-- Tests.WebTest -->
