<?xml version="1.0" encoding="UTF-8"?>
<!-- Generated by org.testng.reporters.JUnitReportReporter -->
<testsuite hostname="fv-az254-963" failures="0" tests="1" name="Tests.WebTest" time="17.133" errors="0" timestamp="2023-02-13T08:27:30 UTC" skipped="0">
  <testcase classname="Tests.WebTest" name="testGoogleSearchUsingSelenoid" time="17.133"/>
  <system-out/>
</testsuite> <!-- Tests.WebTest -->
