<?xml version="1.0" encoding="UTF-8"?>
<!-- Generated by org.testng.reporters.JUnitReportReporter -->
<testsuite hostname="fv-az292-610" failures="0" tests="1" name="Tests.WebTest" time="3.978" errors="0" timestamp="2022-08-13T14:22:20 UTC" skipped="0">
  <testcase classname="Tests.WebTest" name="testGoogleSearchUsingSelenoid" time="3.978"/>
  <system-out/>
</testsuite> <!-- Tests.WebTest -->
