<?xml version="1.0" encoding="UTF-8"?>
<!-- Generated by org.testng.reporters.JUnitReportReporter -->
<testsuite hostname="fv-az577-978" failures="0" tests="1" name="Tests.WebTest" time="17.747" errors="0" timestamp="2023-07-03T08:25:24 UTC" skipped="0">
  <testcase classname="Tests.WebTest" name="testGoogleSearchUsingSelenoid" time="17.747"/>
  <system-out/>
</testsuite> <!-- Tests.WebTest -->
