<?xml version="1.0" encoding="UTF-8"?>
<!-- Generated by org.testng.reporters.JUnitReportReporter -->
<testsuite hostname="fv-az840-77" failures="0" tests="1" name="Tests.WebTest" time="6.962" errors="0" timestamp="2023-11-13T08:22:31 UTC" skipped="0">
  <testcase classname="Tests.WebTest" name="testGoogleSearchUsingSelenoid" time="6.962"/>
  <system-out/>
</testsuite> <!-- Tests.WebTest -->
