<?xml version="1.0" encoding="UTF-8"?>
<!-- Generated by org.testng.reporters.JUnitReportReporter -->
<testsuite hostname="fv-az450-445" failures="0" tests="1" name="Tests.WebTest" time="4.012" errors="0" timestamp="2023-03-04T08:15:47 UTC" skipped="0">
  <testcase classname="Tests.WebTest" name="testGoogleSearchUsingSelenoid" time="4.012"/>
  <system-out/>
</testsuite> <!-- Tests.WebTest -->
