<?xml version="1.0" encoding="UTF-8"?>
<!-- Generated by org.testng.reporters.JUnitReportReporter -->
<testsuite hostname="fv-az565-198" failures="0" tests="1" name="Tests.WebTest" time="4.269" errors="0" timestamp="2023-10-25T08:15:46 UTC" skipped="0">
  <testcase classname="Tests.WebTest" name="testGoogleSearchUsingSelenoid" time="4.269"/>
  <system-out/>
</testsuite> <!-- Tests.WebTest -->
