<?xml version="1.0" encoding="UTF-8"?>
<!-- Generated by org.testng.reporters.JUnitReportReporter -->
<testsuite hostname="fv-az749-284" failures="0" tests="1" name="Tests.WebTest" time="15.695" errors="0" timestamp="2023-09-07T08:22:13 UTC" skipped="0">
  <testcase classname="Tests.WebTest" name="testGoogleSearchUsingSelenoid" time="15.695"/>
  <system-out/>
</testsuite> <!-- Tests.WebTest -->
