<?xml version="1.0" encoding="UTF-8"?>
<!-- Generated by org.testng.reporters.JUnitReportReporter -->
<testsuite hostname="fv-az560-713" failures="0" tests="1" name="Tests.WebTest" time="5.689" errors="0" timestamp="2023-11-09T08:16:45 UTC" skipped="0">
  <testcase classname="Tests.WebTest" name="testGoogleSearchUsingSelenoid" time="5.689"/>
  <system-out/>
</testsuite> <!-- Tests.WebTest -->
