<?xml version="1.0" encoding="UTF-8"?>
<!-- Generated by org.testng.reporters.JUnitReportReporter -->
<testsuite hostname="fv-az951-935" failures="0" tests="1" name="Tests.WebTest" time="3.869" errors="0" timestamp="2023-04-18T08:15:45 UTC" skipped="0">
  <testcase classname="Tests.WebTest" name="testGoogleSearchUsingSelenoid" time="3.869"/>
  <system-out/>
</testsuite> <!-- Tests.WebTest -->
