<?xml version="1.0" encoding="UTF-8"?>
<!-- Generated by org.testng.reporters.JUnitReportReporter -->
<testsuite hostname="fv-az561-826" failures="0" tests="1" name="Tests.WebTest" time="3.899" errors="0" timestamp="2023-09-24T08:13:09 UTC" skipped="0">
  <testcase classname="Tests.WebTest" name="testGoogleSearchUsingSelenoid" time="3.899"/>
  <system-out/>
</testsuite> <!-- Tests.WebTest -->
