<?xml version="1.0" encoding="UTF-8"?>
<!-- Generated by org.testng.reporters.JUnitReportReporter -->
<testsuite hostname="fv-az842-816" failures="0" tests="1" name="Tests.WebTest" time="8.251" errors="0" timestamp="2023-11-02T08:21:05 UTC" skipped="0">
  <testcase classname="Tests.WebTest" name="testGoogleSearchUsingSelenoid" time="8.251"/>
  <system-out/>
</testsuite> <!-- Tests.WebTest -->
