<?xml version="1.0" encoding="UTF-8"?>
<!-- Generated by org.testng.reporters.JUnitReportReporter -->
<testsuite hostname="fv-az343-524" failures="0" tests="1" name="Tests.WebTest" time="3.635" errors="0" timestamp="2023-06-23T08:16:42 UTC" skipped="0">
  <testcase classname="Tests.WebTest" name="testGoogleSearchUsingSelenoid" time="3.635"/>
  <system-out/>
</testsuite> <!-- Tests.WebTest -->
