<?xml version="1.0" encoding="UTF-8"?>
<!-- Generated by org.testng.reporters.JUnitReportReporter -->
<testsuite hostname="fv-az442-743" failures="0" tests="1" name="Tests.WebTest" time="3.220" errors="0" timestamp="2023-06-09T08:14:39 UTC" skipped="0">
  <testcase classname="Tests.WebTest" name="testGoogleSearchUsingSelenoid" time="3.220"/>
  <system-out/>
</testsuite> <!-- Tests.WebTest -->
