<?xml version="1.0" encoding="UTF-8"?>
<!-- Generated by org.testng.reporters.JUnitReportReporter -->
<testsuite hostname="fv-az343-101" failures="0" tests="1" name="Tests.WebTest" time="4.566" errors="0" timestamp="2023-02-22T08:26:35 UTC" skipped="0">
  <testcase classname="Tests.WebTest" name="testGoogleSearchUsingSelenoid" time="4.566"/>
  <system-out/>
</testsuite> <!-- Tests.WebTest -->
