<?xml version="1.0" encoding="UTF-8"?>
<!-- Generated by org.testng.reporters.JUnitReportReporter -->
<testsuite hostname="fv-az487-923" failures="0" tests="1" name="Tests.WebTest" time="3.169" errors="0" timestamp="2023-01-02T08:16:33 UTC" skipped="0">
  <testcase classname="Tests.WebTest" name="testGoogleSearchUsingSelenoid" time="3.169"/>
  <system-out/>
</testsuite> <!-- Tests.WebTest -->
