<?xml version="1.0" encoding="UTF-8"?>
<!-- Generated by org.testng.reporters.JUnitReportReporter -->
<testsuite hostname="fv-az589-989" failures="0" tests="1" name="Tests.WebTest" time="18.107" errors="0" timestamp="2023-06-16T08:14:36 UTC" skipped="0">
  <testcase classname="Tests.WebTest" name="testGoogleSearchUsingSelenoid" time="18.107"/>
  <system-out/>
</testsuite> <!-- Tests.WebTest -->
