<?xml version="1.0" encoding="UTF-8"?>
<!-- Generated by org.testng.reporters.JUnitReportReporter -->
<testsuite hostname="fv-az338-883" failures="0" tests="1" name="Tests.WebTest" time="4.867" errors="0" timestamp="2023-03-05T08:23:50 UTC" skipped="0">
  <testcase classname="Tests.WebTest" name="testGoogleSearchUsingSelenoid" time="4.867"/>
  <system-out/>
</testsuite> <!-- Tests.WebTest -->
