<?xml version="1.0" encoding="UTF-8"?>
<!-- Generated by org.testng.reporters.JUnitReportReporter -->
<testsuite hostname="fv-az334-209" failures="0" tests="1" name="Tests.WebTest" time="5.973" errors="0" timestamp="2022-10-04T08:35:56 UTC" skipped="0">
  <testcase classname="Tests.WebTest" name="testGoogleSearchUsingSelenoid" time="5.973"/>
  <system-out/>
</testsuite> <!-- Tests.WebTest -->
