<?xml version="1.0" encoding="UTF-8"?>
<!-- Generated by org.testng.reporters.JUnitReportReporter -->
<testsuite hostname="fv-az1538-279" failures="0" tests="1" name="Tests.WebTest" time="2.429" errors="0" timestamp="2023-11-23T08:14:58 UTC" skipped="0">
  <testcase classname="Tests.WebTest" name="testGoogleSearchUsingSelenoid" time="2.429"/>
  <system-out/>
</testsuite> <!-- Tests.WebTest -->
