<?xml version="1.0" encoding="UTF-8"?>
<!-- Generated by org.testng.reporters.JUnitReportReporter -->
<testsuite hostname="fv-az741-688" failures="0" tests="1" name="Tests.WebTest" time="3.043" errors="0" timestamp="2023-06-12T08:15:11 UTC" skipped="0">
  <testcase classname="Tests.WebTest" name="testGoogleSearchUsingSelenoid" time="3.043"/>
  <system-out/>
</testsuite> <!-- Tests.WebTest -->
