<?xml version="1.0" encoding="UTF-8"?>
<!-- Generated by org.testng.reporters.JUnitReportReporter -->
<testsuite hostname="fv-az259-613" failures="0" tests="1" name="Tests.WebTest" time="5.321" errors="0" timestamp="2022-10-28T14:11:23 UTC" skipped="0">
  <testcase classname="Tests.WebTest" name="testGoogleSearchUsingSelenoid" time="5.321"/>
  <system-out/>
</testsuite> <!-- Tests.WebTest -->
