<?xml version="1.0" encoding="UTF-8"?>
<!-- Generated by org.testng.reporters.JUnitReportReporter -->
<testsuite hostname="fv-az399-287" failures="0" tests="1" name="Tests.WebTest" time="3.411" errors="0" timestamp="2022-08-11T08:29:44 UTC" skipped="0">
  <testcase classname="Tests.WebTest" name="testGoogleSearchUsingSelenoid" time="3.411"/>
  <system-out/>
</testsuite> <!-- Tests.WebTest -->
