<?xml version="1.0" encoding="UTF-8"?>
<!-- Generated by org.testng.reporters.JUnitReportReporter -->
<testsuite hostname="fv-az402-141" failures="0" tests="1" name="Tests.WebTest" time="4.162" errors="0" timestamp="2023-04-04T08:22:50 UTC" skipped="0">
  <testcase classname="Tests.WebTest" name="testGoogleSearchUsingSelenoid" time="4.162"/>
  <system-out/>
</testsuite> <!-- Tests.WebTest -->
