<?xml version="1.0" encoding="UTF-8"?>
<!-- Generated by org.testng.reporters.JUnitReportReporter -->
<testsuite hostname="fv-az577-736" failures="0" tests="1" name="Tests.WebTest" time="6.738" errors="0" timestamp="2023-06-23T08:24:54 UTC" skipped="0">
  <testcase classname="Tests.WebTest" name="testGoogleSearchUsingSelenoid" time="6.738"/>
  <system-out/>
</testsuite> <!-- Tests.WebTest -->
