<?xml version="1.0" encoding="UTF-8"?>
<!-- Generated by org.testng.reporters.JUnitReportReporter -->
<testsuite hostname="fv-az571-172" failures="0" tests="1" name="Tests.WebTest" time="6.661" errors="0" timestamp="2022-10-17T08:43:07 UTC" skipped="0">
  <testcase classname="Tests.WebTest" name="testGoogleSearchUsingSelenoid" time="6.661"/>
  <system-out/>
</testsuite> <!-- Tests.WebTest -->
