<?xml version="1.0" encoding="UTF-8"?>
<!-- Generated by org.testng.reporters.JUnitReportReporter -->
<testsuite hostname="fv-az446-803" failures="0" tests="1" name="Tests.WebTest" time="3.330" errors="0" timestamp="2023-10-10T08:15:12 UTC" skipped="0">
  <testcase classname="Tests.WebTest" name="testGoogleSearchUsingSelenoid" time="3.330"/>
  <system-out/>
</testsuite> <!-- Tests.WebTest -->
