<?xml version="1.0" encoding="UTF-8"?>
<!-- Generated by org.testng.reporters.JUnitReportReporter -->
<testsuite hostname="fv-az396-34" failures="0" tests="1" name="Tests.WebTest" time="5.471" errors="0" timestamp="2023-07-31T08:23:01 UTC" skipped="0">
  <testcase classname="Tests.WebTest" name="testGoogleSearchUsingSelenoid" time="5.471"/>
  <system-out/>
</testsuite> <!-- Tests.WebTest -->
