<?xml version="1.0" encoding="UTF-8"?>
<!-- Generated by org.testng.reporters.JUnitReportReporter -->
<testsuite hostname="fv-az353-933" failures="0" tests="1" name="Tests.WebTest" time="8.486" errors="0" timestamp="2022-09-26T08:34:13 UTC" skipped="0">
  <testcase classname="Tests.WebTest" name="testGoogleSearchUsingSelenoid" time="8.486"/>
  <system-out/>
</testsuite> <!-- Tests.WebTest -->
