<?xml version="1.0" encoding="UTF-8"?>
<!-- Generated by org.testng.reporters.JUnitReportReporter -->
<testsuite hostname="fv-az562-313" failures="0" tests="1" name="Tests.WebTest" time="3.015" errors="0" timestamp="2023-07-09T08:14:59 UTC" skipped="0">
  <testcase classname="Tests.WebTest" name="testGoogleSearchUsingSelenoid" time="3.015"/>
  <system-out/>
</testsuite> <!-- Tests.WebTest -->
