<?xml version="1.0" encoding="UTF-8"?>
<!-- Generated by org.testng.reporters.JUnitReportReporter -->
<testsuite hostname="fv-az487-979" failures="0" tests="1" name="Tests.WebTest" time="3.277" errors="0" timestamp="2023-05-30T08:14:57 UTC" skipped="0">
  <testcase classname="Tests.WebTest" name="testGoogleSearchUsingSelenoid" time="3.277"/>
  <system-out/>
</testsuite> <!-- Tests.WebTest -->
