<?xml version="1.0" encoding="UTF-8"?>
<!-- Generated by org.testng.reporters.JUnitReportReporter -->
<testsuite hostname="fv-az173-698" failures="0" tests="1" name="Tests.WebTest" time="2.970" errors="0" timestamp="2023-01-06T08:15:57 UTC" skipped="0">
  <testcase classname="Tests.WebTest" name="testGoogleSearchUsingSelenoid" time="2.970"/>
  <system-out/>
</testsuite> <!-- Tests.WebTest -->
