<?xml version="1.0" encoding="UTF-8"?>
<!-- Generated by org.testng.reporters.JUnitReportReporter -->
<testsuite hostname="fv-az621-501" failures="0" tests="1" name="Tests.WebTest" time="9.154" errors="0" timestamp="2023-09-27T06:32:41 UTC" skipped="0">
  <testcase classname="Tests.WebTest" name="testGoogleSearchUsingSelenoid" time="9.154"/>
  <system-out/>
</testsuite> <!-- Tests.WebTest -->
