<?xml version="1.0" encoding="UTF-8"?>
<!-- Generated by org.testng.reporters.JUnitReportReporter -->
<testsuite skipped="0" hostname="in-sriramku.local" name="Tests.FullPageScreenshot" tests="1" failures="0" timestamp="24 May 2020 07:51:28 GMT" time="9.581" errors="0">
  <testcase name="testFunction" time="9.581" classname="Tests.FullPageScreenshot"/>
</testsuite> <!-- Tests.FullPageScreenshot -->
