<?xml version="1.0" encoding="UTF-8"?>
<!-- Generated by org.testng.reporters.JUnitReportReporter -->
<testsuite hostname="fv-az1128-640" failures="0" tests="1" name="Tests.WebTest" time="4.864" errors="0" timestamp="2023-03-20T08:25:44 UTC" skipped="0">
  <testcase classname="Tests.WebTest" name="testGoogleSearchUsingSelenoid" time="4.864"/>
  <system-out/>
</testsuite> <!-- Tests.WebTest -->
