<?xml version="1.0" encoding="UTF-8"?>
<!-- Generated by org.testng.reporters.JUnitReportReporter -->
<testsuite hostname="fv-az615-303" failures="0" tests="1" name="Tests.WebTest" time="15.710" errors="0" timestamp="2023-06-28T08:26:10 UTC" skipped="0">
  <testcase classname="Tests.WebTest" name="testGoogleSearchUsingSelenoid" time="15.710"/>
  <system-out/>
</testsuite> <!-- Tests.WebTest -->
