<?xml version="1.0" encoding="UTF-8"?>
<!-- Generated by org.testng.reporters.JUnitReportReporter -->
<testsuite hostname="fv-az136-60" failures="0" tests="1" name="Tests.WebTest" time="2.978" errors="0" timestamp="2022-09-15T08:51:39 UTC" skipped="0">
  <testcase classname="Tests.WebTest" name="testGoogleSearchUsingSelenoid" time="2.978"/>
  <system-out/>
</testsuite> <!-- Tests.WebTest -->
