<?xml version="1.0" encoding="UTF-8"?>
<!-- Generated by org.testng.reporters.JUnitReportReporter -->
<testsuite hostname="fv-az618-69" failures="0" tests="1" name="Tests.WebTest" time="4.408" errors="0" timestamp="2023-09-17T08:19:35 UTC" skipped="0">
  <testcase classname="Tests.WebTest" name="testGoogleSearchUsingSelenoid" time="4.408"/>
  <system-out/>
</testsuite> <!-- Tests.WebTest -->
