<?xml version="1.0" encoding="UTF-8"?>
<!-- Generated by org.testng.reporters.JUnitReportReporter -->
<testsuite hostname="fv-az1104-471" failures="0" tests="1" name="Tests.WebTest" time="5.508" errors="0" timestamp="2023-11-04T08:13:35 UTC" skipped="0">
  <testcase classname="Tests.WebTest" name="testGoogleSearchUsingSelenoid" time="5.508"/>
  <system-out/>
</testsuite> <!-- Tests.WebTest -->
