<?xml version="1.0" encoding="UTF-8"?>
<!-- Generated by org.testng.reporters.JUnitReportReporter -->
<testsuite hostname="fv-az99-73" failures="0" tests="1" name="Tests.WebTest" time="4.108" errors="0" timestamp="2022-08-11T19:18:49 UTC" skipped="0">
  <testcase classname="Tests.WebTest" name="testGoogleSearchUsingSelenoid" time="4.108"/>
  <system-out/>
</testsuite> <!-- Tests.WebTest -->
