<?xml version="1.0" encoding="UTF-8"?>
<!-- Generated by org.testng.reporters.JUnitReportReporter -->
<testsuite hostname="fv-az375-446" failures="0" tests="1" name="Tests.WebTest" time="3.696" errors="0" timestamp="2022-09-18T08:19:23 UTC" skipped="0">
  <testcase classname="Tests.WebTest" name="testGoogleSearchUsingSelenoid" time="3.696"/>
  <system-out/>
</testsuite> <!-- Tests.WebTest -->
