<?xml version="1.0" encoding="UTF-8"?>
<!-- Generated by org.testng.reporters.JUnitReportReporter -->
<testsuite hostname="fv-az247-536" failures="0" tests="1" name="Tests.WebTest" time="17.665" errors="0" timestamp="2023-10-22T08:20:09 UTC" skipped="0">
  <testcase classname="Tests.WebTest" name="testGoogleSearchUsingSelenoid" time="17.665"/>
  <system-out/>
</testsuite> <!-- Tests.WebTest -->
