<?xml version="1.0" encoding="UTF-8"?>
<!-- Generated by org.testng.reporters.JUnitReportReporter -->
<testsuite skipped="0" hostname="in-sriramku.local" name="Tests.WebDriverManagerExample" tests="1" failures="0" timestamp="24 May 2020 07:06:36 GMT" time="6.683" errors="0">
  <testcase name="testFunction" time="6.683" classname="Tests.WebDriverManagerExample"/>
</testsuite> <!-- Tests.WebDriverManagerExample -->
