<?xml version="1.0" encoding="UTF-8"?>
<!-- Generated by org.testng.reporters.JUnitReportReporter -->
<testsuite hostname="fv-az193-335" failures="0" tests="1" name="Tests.WebTest" time="5.145" errors="0" timestamp="2022-11-30T08:27:55 UTC" skipped="0">
  <testcase classname="Tests.WebTest" name="testGoogleSearchUsingSelenoid" time="5.145"/>
  <system-out/>
</testsuite> <!-- Tests.WebTest -->
