<?xml version="1.0" encoding="UTF-8"?>
<!-- Generated by org.testng.reporters.JUnitReportReporter -->
<testsuite hostname="fv-az301-112" failures="0" tests="1" name="Tests.WebTest" time="3.146" errors="0" timestamp="2023-07-06T08:17:44 UTC" skipped="0">
  <testcase classname="Tests.WebTest" name="testGoogleSearchUsingSelenoid" time="3.146"/>
  <system-out/>
</testsuite> <!-- Tests.WebTest -->
