<?xml version="1.0" encoding="UTF-8"?>
<!-- Generated by org.testng.reporters.JUnitReportReporter -->
<testsuite hostname="fv-az583-3" failures="0" tests="1" name="Tests.WebTest" time="3.012" errors="0" timestamp="2023-07-11T08:16:59 UTC" skipped="0">
  <testcase classname="Tests.WebTest" name="testGoogleSearchUsingSelenoid" time="3.012"/>
  <system-out/>
</testsuite> <!-- Tests.WebTest -->
