<?xml version="1.0" encoding="UTF-8"?>
<!-- Generated by org.testng.reporters.JUnitReportReporter -->
<testsuite hostname="fv-az338-794" failures="0" tests="1" name="Tests.WebTest" time="14.230" errors="0" timestamp="2023-03-30T08:24:20 UTC" skipped="0">
  <testcase classname="Tests.WebTest" name="testGoogleSearchUsingSelenoid" time="14.230"/>
  <system-out/>
</testsuite> <!-- Tests.WebTest -->
