<?xml version="1.0" encoding="UTF-8"?>
<!-- Generated by org.testng.reporters.JUnitReportReporter -->
<testsuite hostname="fv-az613-985" failures="0" tests="1" name="Tests.WebTest" time="5.238" errors="0" timestamp="2023-07-08T08:22:34 UTC" skipped="0">
  <testcase classname="Tests.WebTest" name="testGoogleSearchUsingSelenoid" time="5.238"/>
  <system-out/>
</testsuite> <!-- Tests.WebTest -->
