<?xml version="1.0" encoding="UTF-8"?>
<!-- Generated by org.testng.reporters.JUnitReportReporter -->
<testsuite hostname="fv-az616-317" failures="0" tests="1" name="Tests.WebTest" time="6.874" errors="0" timestamp="2023-05-12T08:21:07 UTC" skipped="0">
  <testcase classname="Tests.WebTest" name="testGoogleSearchUsingSelenoid" time="6.874"/>
  <system-out/>
</testsuite> <!-- Tests.WebTest -->
