<?xml version="1.0" encoding="UTF-8"?>
<!-- Generated by org.testng.reporters.JUnitReportReporter -->
<testsuite hostname="fv-az448-535" failures="0" tests="1" name="Tests.WebTest" time="3.513" errors="0" timestamp="2022-12-25T08:15:07 UTC" skipped="0">
  <testcase classname="Tests.WebTest" name="testGoogleSearchUsingSelenoid" time="3.513"/>
  <system-out/>
</testsuite> <!-- Tests.WebTest -->
