<?xml version="1.0" encoding="UTF-8"?>
<!-- Generated by org.testng.reporters.JUnitReportReporter -->
<testsuite hostname="fv-az456-991" failures="0" tests="1" name="Tests.WebTest" time="12.855" errors="0" timestamp="2023-10-13T08:23:15 UTC" skipped="0">
  <testcase classname="Tests.WebTest" name="testGoogleSearchUsingSelenoid" time="12.855"/>
  <system-out/>
</testsuite> <!-- Tests.WebTest -->
