<?xml version="1.0" encoding="UTF-8"?>
<!-- Generated by org.testng.reporters.JUnitReportReporter -->
<testsuite hostname="fv-az259-669" failures="0" tests="1" name="Tests.WebTest" time="18.464" errors="0" timestamp="2022-09-28T08:36:22 UTC" skipped="0">
  <testcase classname="Tests.WebTest" name="testGoogleSearchUsingSelenoid" time="18.464"/>
  <system-out/>
</testsuite> <!-- Tests.WebTest -->
