<?xml version="1.0" encoding="UTF-8"?>
<!-- Generated by org.testng.reporters.JUnitReportReporter -->
<testsuite hostname="fv-az574-886" failures="0" tests="1" name="Tests.WebTest" time="15.767" errors="0" timestamp="2023-02-03T08:24:35 UTC" skipped="0">
  <testcase classname="Tests.WebTest" name="testGoogleSearchUsingSelenoid" time="15.767"/>
  <system-out/>
</testsuite> <!-- Tests.WebTest -->
