<?xml version="1.0" encoding="UTF-8"?>
<!-- Generated by org.testng.reporters.JUnitReportReporter -->
<testsuite hostname="fv-az482-971" failures="0" tests="1" name="Tests.WebTest" time="6.679" errors="0" timestamp="2023-08-11T08:20:24 UTC" skipped="0">
  <testcase classname="Tests.WebTest" name="testGoogleSearchUsingSelenoid" time="6.679"/>
  <system-out/>
</testsuite> <!-- Tests.WebTest -->
