<?xml version="1.0" encoding="UTF-8"?>
<!-- Generated by org.testng.reporters.JUnitReportReporter -->
<testsuite hostname="fv-az443-317" failures="0" tests="1" name="Tests.WebTest" time="2.948" errors="0" timestamp="2022-09-12T06:27:17 UTC" skipped="0">
  <testcase classname="Tests.WebTest" name="testGoogleSearchUsingSelenoid" time="2.948"/>
  <system-out/>
</testsuite> <!-- Tests.WebTest -->
