<?xml version="1.0" encoding="UTF-8"?>
<!-- Generated by org.testng.reporters.JUnitReportReporter -->
<testsuite hostname="fv-az417-500" failures="0" tests="1" name="Tests.WebTest" time="3.416" errors="0" timestamp="2023-10-08T08:13:37 UTC" skipped="0">
  <testcase classname="Tests.WebTest" name="testGoogleSearchUsingSelenoid" time="3.416"/>
  <system-out/>
</testsuite> <!-- Tests.WebTest -->
