<?xml version="1.0" encoding="UTF-8"?>
<!-- Generated by org.testng.reporters.JUnitReportReporter -->
<testsuite hostname="fv-az208-282" failures="0" tests="1" name="Tests.WebTest" time="8.579" errors="0" timestamp="2022-10-01T08:33:35 UTC" skipped="0">
  <testcase classname="Tests.WebTest" name="testGoogleSearchUsingSelenoid" time="8.579"/>
  <system-out/>
</testsuite> <!-- Tests.WebTest -->
