<?xml version="1.0" encoding="UTF-8"?>
<!-- Generated by org.testng.reporters.JUnitReportReporter -->
<testsuite skipped="0" hostname="in-sriramku.local" name="Tests.DevTools_EmulateGeoLocation2" tests="1" failures="0" timestamp="17 May 2020 17:30:11 GMT" time="10.396" errors="0">
  <testcase name="emulateGeoLocation" time="10.396" classname="Tests.DevTools_EmulateGeoLocation2"/>
</testsuite> <!-- Tests.DevTools_EmulateGeoLocation2 -->
