<?xml version="1.0" encoding="UTF-8"?>
<!-- Generated by org.testng.reporters.JUnitReportReporter -->
<testsuite hostname="fv-az555-675" failures="0" tests="1" name="Tests.WebTest" time="13.245" errors="0" timestamp="2023-10-12T08:22:31 UTC" skipped="0">
  <testcase classname="Tests.WebTest" name="testGoogleSearchUsingSelenoid" time="13.245"/>
  <system-out/>
</testsuite> <!-- Tests.WebTest -->
