<?xml version="1.0" encoding="UTF-8"?>
<!-- Generated by org.testng.reporters.JUnitReportReporter -->
<testsuite hostname="fv-az214-355" failures="0" tests="1" name="Tests.WebTest" time="3.699" errors="0" timestamp="2022-08-14T03:55:20 UTC" skipped="0">
  <testcase classname="Tests.WebTest" name="testGoogleSearchUsingSelenoid" time="3.699"/>
  <system-out/>
</testsuite> <!-- Tests.WebTest -->
