<?xml version="1.0" encoding="UTF-8"?>
<!-- Generated by org.testng.reporters.JUnitReportReporter -->
<testsuite hostname="fv-az1131-875" failures="0" tests="1" name="Tests.WebTest" time="4.613" errors="0" timestamp="2023-07-27T08:21:42 UTC" skipped="0">
  <testcase classname="Tests.WebTest" name="testGoogleSearchUsingSelenoid" time="4.613"/>
  <system-out/>
</testsuite> <!-- Tests.WebTest -->
