<?xml version="1.0" encoding="UTF-8"?>
<!-- Generated by org.testng.reporters.JUnitReportReporter -->
<testsuite hostname="fv-az174-246" failures="0" tests="1" name="Tests.WebTest" time="2.909" errors="0" timestamp="2023-05-06T08:13:19 UTC" skipped="0">
  <testcase classname="Tests.WebTest" name="testGoogleSearchUsingSelenoid" time="2.909"/>
  <system-out/>
</testsuite> <!-- Tests.WebTest -->
