<?xml version="1.0" encoding="UTF-8"?>
<!-- Generated by org.testng.reporters.JUnitReportReporter -->
<testsuite hostname="fv-az614-516" failures="0" tests="1" name="Tests.WebTest" time="4.101" errors="0" timestamp="2023-07-20T08:15:05 UTC" skipped="0">
  <testcase classname="Tests.WebTest" name="testGoogleSearchUsingSelenoid" time="4.101"/>
  <system-out/>
</testsuite> <!-- Tests.WebTest -->
