<?xml version="1.0" encoding="UTF-8"?>
<!-- Generated by org.testng.reporters.JUnitReportReporter -->
<testsuite hostname="fv-az275-816" failures="0" tests="1" name="Tests.WebTest" time="3.728" errors="0" timestamp="2022-10-24T08:32:19 UTC" skipped="0">
  <testcase classname="Tests.WebTest" name="testGoogleSearchUsingSelenoid" time="3.728"/>
  <system-out/>
</testsuite> <!-- Tests.WebTest -->
