<?xml version="1.0" encoding="UTF-8"?>
<!-- Generated by org.testng.reporters.JUnitReportReporter -->
<testsuite skipped="0" hostname="OF011DT3NSMD6NI" name="SeleniumGrid.Three" tests="1" failures="0" timestamp="2022-01-30T08:13:43 CST" time="16.178" errors="0">
  <testcase name="testThree" time="16.178" classname="SeleniumGrid.Three"/>
  <system-out/>
</testsuite> <!-- SeleniumGrid.Three -->
