<?xml version="1.0" encoding="UTF-8"?>
<!-- Generated by org.testng.reporters.JUnitReportReporter -->
<testsuite hostname="fv-az563-741" failures="0" tests="1" name="Tests.WebTest" time="3.150" errors="0" timestamp="2023-06-03T08:13:30 UTC" skipped="0">
  <testcase classname="Tests.WebTest" name="testGoogleSearchUsingSelenoid" time="3.150"/>
  <system-out/>
</testsuite> <!-- Tests.WebTest -->
