<?xml version="1.0" encoding="UTF-8"?>
<!-- Generated by org.testng.reporters.JUnitReportReporter -->
<testsuite hostname="fv-az298-502" failures="0" tests="1" name="Tests.WebTest" time="3.594" errors="0" timestamp="2023-02-18T08:15:37 UTC" skipped="0">
  <testcase classname="Tests.WebTest" name="testGoogleSearchUsingSelenoid" time="3.594"/>
  <system-out/>
</testsuite> <!-- Tests.WebTest -->
