<?xml version="1.0" encoding="UTF-8"?>
<!-- Generated by org.testng.reporters.JUnitReportReporter -->
<testsuite hostname="fv-az201-715" failures="0" tests="1" name="Tests.WebTest" time="7.741" errors="0" timestamp="2022-09-27T08:39:56 UTC" skipped="0">
  <testcase classname="Tests.WebTest" name="testGoogleSearchUsingSelenoid" time="7.741"/>
  <system-out/>
</testsuite> <!-- Tests.WebTest -->
