<?xml version="1.0" encoding="UTF-8"?>
<!-- Generated by org.testng.reporters.JUnitReportReporter -->
<testsuite hostname="fv-az444-456" failures="0" tests="1" name="Tests.WebTest" time="5.227" errors="0" timestamp="2023-05-13T08:20:08 UTC" skipped="0">
  <testcase classname="Tests.WebTest" name="testGoogleSearchUsingSelenoid" time="5.227"/>
  <system-out/>
</testsuite> <!-- Tests.WebTest -->
