<?xml version="1.0" encoding="UTF-8"?>
<!-- Generated by org.testng.reporters.JUnitReportReporter -->
<testsuite hostname="fv-az403-636" failures="0" tests="1" name="Tests.WebTest" time="4.084" errors="0" timestamp="2022-12-20T08:24:26 UTC" skipped="0">
  <testcase classname="Tests.WebTest" name="testGoogleSearchUsingSelenoid" time="4.084"/>
  <system-out/>
</testsuite> <!-- Tests.WebTest -->
