<?xml version="1.0" encoding="UTF-8"?>
<!-- Generated by org.testng.reporters.JUnitReportReporter -->
<testsuite hostname="fv-az1501-928" failures="0" tests="1" name="Tests.WebTest" time="3.729" errors="0" timestamp="2023-11-20T08:16:27 UTC" skipped="0">
  <testcase classname="Tests.WebTest" name="testGoogleSearchUsingSelenoid" time="3.729"/>
  <system-out/>
</testsuite> <!-- Tests.WebTest -->
