<?xml version="1.0" encoding="UTF-8"?>
<!-- Generated by org.testng.reporters.JUnitReportReporter -->
<testsuite hostname="fv-az1255-72" failures="0" tests="1" name="Tests.WebTest" time="3.767" errors="0" timestamp="2023-11-10T08:21:20 UTC" skipped="0">
  <testcase classname="Tests.WebTest" name="testGoogleSearchUsingSelenoid" time="3.767"/>
  <system-out/>
</testsuite> <!-- Tests.WebTest -->
