<?xml version="1.0" encoding="UTF-8"?>
<!-- Generated by org.testng.reporters.JUnitReportReporter -->
<testsuite hostname="fv-az795-845" failures="0" tests="1" name="Tests.WebTest" time="16.834" errors="0" timestamp="2023-05-24T08:22:37 UTC" skipped="0">
  <testcase classname="Tests.WebTest" name="testGoogleSearchUsingSelenoid" time="16.834"/>
  <system-out/>
</testsuite> <!-- Tests.WebTest -->
