<?xml version="1.0" encoding="UTF-8"?>
<!-- Generated by org.testng.reporters.JUnitReportReporter -->
<testsuite hostname="fv-az389-242" failures="0" tests="1" name="Tests.WebTest" time="14.680" errors="0" timestamp="2023-10-11T08:22:54 UTC" skipped="0">
  <testcase classname="Tests.WebTest" name="testGoogleSearchUsingSelenoid" time="14.680"/>
  <system-out/>
</testsuite> <!-- Tests.WebTest -->
