<?xml version="1.0" encoding="UTF-8"?>
<!-- Generated by org.testng.reporters.JUnitReportReporter -->
<testsuite hostname="fv-az401-275" failures="0" tests="1" name="Tests.WebTest" time="6.994" errors="0" timestamp="2023-04-07T08:21:53 UTC" skipped="0">
  <testcase classname="Tests.WebTest" name="testGoogleSearchUsingSelenoid" time="6.994"/>
  <system-out/>
</testsuite> <!-- Tests.WebTest -->
