<?xml version="1.0" encoding="UTF-8"?>
<!-- Generated by org.testng.reporters.JUnitReportReporter -->
<testsuite hostname="fv-az358-647" failures="0" tests="1" name="Tests.WebTest" time="7.017" errors="0" timestamp="2022-12-29T08:23:54 UTC" skipped="0">
  <testcase classname="Tests.WebTest" name="testGoogleSearchUsingSelenoid" time="7.017"/>
  <system-out/>
</testsuite> <!-- Tests.WebTest -->
