<?xml version="1.0" encoding="UTF-8"?>
<!-- Generated by org.testng.reporters.JUnitReportReporter -->
<testsuite hostname="fv-az1233-32" failures="0" tests="1" name="Tests.WebTest" time="13.412" errors="0" timestamp="2023-10-28T08:20:05 UTC" skipped="0">
  <testcase classname="Tests.WebTest" name="testGoogleSearchUsingSelenoid" time="13.412"/>
  <system-out/>
</testsuite> <!-- Tests.WebTest -->
