<?xml version="1.0" encoding="UTF-8"?>
<!-- Generated by org.testng.reporters.JUnitReportReporter -->
<testsuite hostname="fv-az353-195" failures="0" tests="1" name="Tests.WebTest" time="17.983" errors="0" timestamp="2022-11-10T08:37:00 UTC" skipped="0">
  <testcase classname="Tests.WebTest" name="testGoogleSearchUsingSelenoid" time="17.983"/>
  <system-out/>
</testsuite> <!-- Tests.WebTest -->
