<?xml version="1.0" encoding="UTF-8"?>
<!-- Generated by org.testng.reporters.JUnitReportReporter -->
<testsuite hostname="fv-az410-846" failures="0" tests="1" name="Tests.WebTest" time="3.056" errors="0" timestamp="2022-11-20T08:17:20 UTC" skipped="0">
  <testcase classname="Tests.WebTest" name="testGoogleSearchUsingSelenoid" time="3.056"/>
  <system-out/>
</testsuite> <!-- Tests.WebTest -->
