<?xml version="1.0" encoding="UTF-8"?>
<!-- Generated by org.testng.reporters.JUnitReportReporter -->
<testsuite hostname="fv-az572-496" failures="0" tests="1" name="Tests.WebTest" time="3.744" errors="0" timestamp="2023-04-30T08:13:44 UTC" skipped="0">
  <testcase classname="Tests.WebTest" name="testGoogleSearchUsingSelenoid" time="3.744"/>
  <system-out/>
</testsuite> <!-- Tests.WebTest -->
