<?xml version="1.0" encoding="UTF-8"?>
<!-- Generated by org.testng.reporters.JUnitReportReporter -->
<testsuite hostname="fv-az47-358" failures="0" tests="1" name="Tests.WebTest" time="7.531" errors="0" timestamp="2022-11-05T08:28:00 UTC" skipped="0">
  <testcase classname="Tests.WebTest" name="testGoogleSearchUsingSelenoid" time="7.531"/>
  <system-out/>
</testsuite> <!-- Tests.WebTest -->
