<?xml version="1.0" encoding="UTF-8"?>
<!-- Generated by org.testng.reporters.JUnitReportReporter -->
<testsuite hostname="fv-az256-749" failures="0" tests="1" name="Tests.WebTest" time="18.061" errors="0" timestamp="2023-01-30T08:25:58 UTC" skipped="0">
  <testcase classname="Tests.WebTest" name="testGoogleSearchUsingSelenoid" time="18.061"/>
  <system-out/>
</testsuite> <!-- Tests.WebTest -->
