<?xml version="1.0" encoding="UTF-8"?>
<!-- Generated by org.testng.reporters.JUnitReportReporter -->
<testsuite hostname="fv-az341-79" failures="0" tests="1" name="Tests.WebTest" time="4.610" errors="0" timestamp="2022-12-17T08:23:02 UTC" skipped="0">
  <testcase classname="Tests.WebTest" name="testGoogleSearchUsingSelenoid" time="4.610"/>
  <system-out/>
</testsuite> <!-- Tests.WebTest -->
