<?xml version="1.0" encoding="UTF-8"?>
<!-- Generated by org.testng.reporters.JUnitReportReporter -->
<testsuite hostname="fv-az357-796" failures="0" tests="1" name="Tests.WebTest" time="2.939" errors="0" timestamp="2023-01-08T08:15:08 UTC" skipped="0">
  <testcase classname="Tests.WebTest" name="testGoogleSearchUsingSelenoid" time="2.939"/>
  <system-out/>
</testsuite> <!-- Tests.WebTest -->
