<?xml version="1.0" encoding="UTF-8"?>
<!-- Generated by org.testng.reporters.JUnitReportReporter -->
<testsuite hostname="fv-az255-789" failures="0" tests="1" name="Tests.WebTest" time="3.778" errors="0" timestamp="2022-12-24T08:15:09 UTC" skipped="0">
  <testcase classname="Tests.WebTest" name="testGoogleSearchUsingSelenoid" time="3.778"/>
  <system-out/>
</testsuite> <!-- Tests.WebTest -->
