<?xml version="1.0" encoding="UTF-8"?>
<!-- Generated by org.testng.reporters.JUnitReportReporter -->
<testsuite hostname="fv-az210-799" failures="0" tests="1" name="Tests.WebTest" time="17.399" errors="0" timestamp="2023-07-18T08:24:02 UTC" skipped="0">
  <testcase classname="Tests.WebTest" name="testGoogleSearchUsingSelenoid" time="17.399"/>
  <system-out/>
</testsuite> <!-- Tests.WebTest -->
