<?xml version="1.0" encoding="UTF-8"?>
<!-- Generated by org.testng.reporters.JUnitReportReporter -->
<testsuite hostname="fv-az465-792" failures="0" tests="1" name="Tests.WebTest" time="3.214" errors="0" timestamp="2023-02-11T08:15:42 UTC" skipped="0">
  <testcase classname="Tests.WebTest" name="testGoogleSearchUsingSelenoid" time="3.214"/>
  <system-out/>
</testsuite> <!-- Tests.WebTest -->
