<?xml version="1.0" encoding="UTF-8"?>
<!-- Generated by org.testng.reporters.JUnitReportReporter -->
<testsuite hostname="fv-az77-505" failures="0" tests="1" name="Tests.WebTest" time="4.111" errors="0" timestamp="2022-10-07T08:34:24 UTC" skipped="0">
  <testcase classname="Tests.WebTest" name="testGoogleSearchUsingSelenoid" time="4.111"/>
  <system-out/>
</testsuite> <!-- Tests.WebTest -->
