<?xml version="1.0" encoding="UTF-8"?>
<!-- Generated by org.testng.reporters.JUnitReportReporter -->
<testsuite hostname="fv-az552-743" failures="0" tests="1" name="Tests.WebTest" time="17.701" errors="0" timestamp="2023-04-25T08:23:09 UTC" skipped="0">
  <testcase classname="Tests.WebTest" name="testGoogleSearchUsingSelenoid" time="17.701"/>
  <system-out/>
</testsuite> <!-- Tests.WebTest -->
