<?xml version="1.0" encoding="UTF-8"?>
<!-- Generated by org.testng.reporters.JUnitReportReporter -->
<testsuite hostname="fv-az445-350" failures="0" tests="1" name="Tests.WebTest" time="16.992" errors="0" timestamp="2023-09-03T08:19:41 UTC" skipped="0">
  <testcase classname="Tests.WebTest" name="testGoogleSearchUsingSelenoid" time="16.992"/>
  <system-out/>
</testsuite> <!-- Tests.WebTest -->
