<?xml version="1.0" encoding="UTF-8"?>
<!-- Generated by org.testng.reporters.JUnitReportReporter -->
<testsuite hostname="fv-az575-432" failures="0" tests="1" name="Tests.WebTest" time="3.567" errors="0" timestamp="2023-07-29T08:12:50 UTC" skipped="0">
  <testcase classname="Tests.WebTest" name="testGoogleSearchUsingSelenoid" time="3.567"/>
  <system-out/>
</testsuite> <!-- Tests.WebTest -->
