<?xml version="1.0" encoding="UTF-8"?>
<!-- Generated by org.testng.reporters.JUnitReportReporter -->
<testsuite hostname="fv-az955-798" failures="0" tests="1" name="Tests.WebTest" time="4.276" errors="0" timestamp="2023-04-22T08:21:13 UTC" skipped="0">
  <testcase classname="Tests.WebTest" name="testGoogleSearchUsingSelenoid" time="4.276"/>
  <system-out/>
</testsuite> <!-- Tests.WebTest -->
