<?xml version="1.0" encoding="UTF-8"?>
<!-- Generated by org.testng.reporters.JUnitReportReporter -->
<testsuite hostname="fv-az1028-976" failures="0" tests="1" name="Tests.WebTest" time="2.904" errors="0" timestamp="2023-05-17T08:14:50 UTC" skipped="0">
  <testcase classname="Tests.WebTest" name="testGoogleSearchUsingSelenoid" time="2.904"/>
  <system-out/>
</testsuite> <!-- Tests.WebTest -->
