<?xml version="1.0" encoding="UTF-8"?>
<!-- Generated by org.testng.reporters.JUnitReportReporter -->
<testsuite hostname="fv-az988-330" failures="0" tests="1" name="Tests.WebTest" time="4.025" errors="0" timestamp="2023-01-01T08:23:35 UTC" skipped="0">
  <testcase classname="Tests.WebTest" name="testGoogleSearchUsingSelenoid" time="4.025"/>
  <system-out/>
</testsuite> <!-- Tests.WebTest -->
