<?xml version="1.0" encoding="UTF-8"?>
<!-- Generated by org.testng.reporters.JUnitReportReporter -->
<testsuite hostname="fv-az408-907" failures="0" tests="1" name="Tests.WebTest" time="4.267" errors="0" timestamp="2023-04-27T08:16:00 UTC" skipped="0">
  <testcase classname="Tests.WebTest" name="testGoogleSearchUsingSelenoid" time="4.267"/>
  <system-out/>
</testsuite> <!-- Tests.WebTest -->
