<?xml version="1.0" encoding="UTF-8"?>
<!-- Generated by org.testng.reporters.JUnitReportReporter -->
<testsuite hostname="fv-az82-29" failures="0" tests="1" name="Tests.WebTest" time="3.867" errors="0" timestamp="2022-09-29T08:24:46 UTC" skipped="0">
  <testcase classname="Tests.WebTest" name="testGoogleSearchUsingSelenoid" time="3.867"/>
  <system-out/>
</testsuite> <!-- Tests.WebTest -->
