<?xml version="1.0" encoding="UTF-8"?>
<!-- Generated by org.testng.reporters.JUnitReportReporter -->
<testsuite hostname="fv-az244-811" failures="0" tests="1" name="Tests.WebTest" time="14.224" errors="0" timestamp="2023-06-01T08:22:08 UTC" skipped="0">
  <testcase classname="Tests.WebTest" name="testGoogleSearchUsingSelenoid" time="14.224"/>
  <system-out/>
</testsuite> <!-- Tests.WebTest -->
