<?xml version="1.0" encoding="UTF-8"?>
<!-- Generated by org.testng.reporters.JUnitReportReporter -->
<testsuite hostname="fv-az1542-482" failures="0" tests="1" name="Tests.WebTest" time="3.636" errors="0" timestamp="2023-11-21T08:22:51 UTC" skipped="0">
  <testcase classname="Tests.WebTest" name="testGoogleSearchUsingSelenoid" time="3.636"/>
  <system-out/>
</testsuite> <!-- Tests.WebTest -->
