<?xml version="1.0" encoding="UTF-8"?>
<!-- Generated by org.testng.reporters.JUnitReportReporter -->
<testsuite hostname="fv-az437-573" failures="0" tests="1" name="Tests.WebTest" time="5.476" errors="0" timestamp="2022-11-23T08:26:56 UTC" skipped="0">
  <testcase classname="Tests.WebTest" name="testGoogleSearchUsingSelenoid" time="5.476"/>
  <system-out/>
</testsuite> <!-- Tests.WebTest -->
