<?xml version="1.0" encoding="UTF-8"?>
<!-- Generated by org.testng.reporters.JUnitReportReporter -->
<testsuite hostname="fv-az344-451" failures="0" tests="1" name="Tests.WebTest" time="16.824" errors="0" timestamp="2023-05-05T08:22:03 UTC" skipped="0">
  <testcase classname="Tests.WebTest" name="testGoogleSearchUsingSelenoid" time="16.824"/>
  <system-out/>
</testsuite> <!-- Tests.WebTest -->
