<?xml version="1.0" encoding="UTF-8"?>
<!-- Generated by org.testng.reporters.JUnitReportReporter -->
<testsuite hostname="fv-az259-199" failures="0" tests="1" name="Tests.WebTest" time="3.878" errors="0" timestamp="2022-11-08T08:22:55 UTC" skipped="0">
  <testcase classname="Tests.WebTest" name="testGoogleSearchUsingSelenoid" time="3.878"/>
  <system-out/>
</testsuite> <!-- Tests.WebTest -->
