<?xml version="1.0" encoding="UTF-8"?>
<!-- Generated by org.testng.reporters.JUnitReportReporter -->
<testsuite hostname="136a35a492e2" failures="0" tests="4" name="FrameworkWithoutPageFactoryParallelMethodsGridExample.TestCaseParallelMethods" time="67.259" errors="0" timestamp="2022-10-24T14:42:48 GMT" skipped="0">
  <testcase classname="FrameworkWithoutPageFactoryParallelMethodsGridExample.TestCaseParallelMethods" name="test2" time="14.510"/>
  <system-out/>
  <testcase classname="FrameworkWithoutPageFactoryParallelMethodsGridExample.TestCaseParallelMethods" name="test2" time="23.156"/>
  <system-out/>
  <testcase classname="FrameworkWithoutPageFactoryParallelMethodsGridExample.TestCaseParallelMethods" name="test1" time="14.790"/>
  <system-out/>
  <testcase classname="FrameworkWithoutPageFactoryParallelMethodsGridExample.TestCaseParallelMethods" name="test1" time="14.803"/>
  <system-out/>
</testsuite> <!-- FrameworkWithoutPageFactoryParallelMethodsGridExample.TestCaseParallelMethods -->
