<?xml version="1.0" encoding="UTF-8"?>
<!-- Generated by org.testng.reporters.JUnitReportReporter -->
<testsuite hostname="fv-az397-12" failures="0" tests="1" name="Tests.WebTest" time="5.159" errors="0" timestamp="2023-06-13T08:21:57 UTC" skipped="0">
  <testcase classname="Tests.WebTest" name="testGoogleSearchUsingSelenoid" time="5.159"/>
  <system-out/>
</testsuite> <!-- Tests.WebTest -->
