<?xml version="1.0" encoding="UTF-8"?>
<!-- Generated by org.testng.reporters.JUnitReportReporter -->
<testsuite hostname="fv-az626-883" failures="0" tests="1" name="Tests.WebTest" time="3.858" errors="0" timestamp="2022-10-28T08:23:23 UTC" skipped="0">
  <testcase classname="Tests.WebTest" name="testGoogleSearchUsingSelenoid" time="3.858"/>
  <system-out/>
</testsuite> <!-- Tests.WebTest -->
