<?xml version="1.0" encoding="UTF-8"?>
<!-- Generated by org.testng.reporters.JUnitReportReporter -->
<testsuite hostname="fv-az577-388" failures="0" tests="1" name="Tests.WebTest" time="3.559" errors="0" timestamp="2023-01-15T08:15:30 UTC" skipped="0">
  <testcase classname="Tests.WebTest" name="testGoogleSearchUsingSelenoid" time="3.559"/>
  <system-out/>
</testsuite> <!-- Tests.WebTest -->
