<?xml version="1.0" encoding="UTF-8"?>
<!-- Generated by org.testng.reporters.JUnitReportReporter -->
<testsuite hostname="fv-az108-211" failures="0" tests="1" name="Tests.WebTest" time="6.670" errors="0" timestamp="2022-09-24T08:30:45 UTC" skipped="0">
  <testcase classname="Tests.WebTest" name="testGoogleSearchUsingSelenoid" time="6.670"/>
  <system-out/>
</testsuite> <!-- Tests.WebTest -->
