<?xml version="1.0" encoding="UTF-8"?>
<!-- Generated by org.testng.reporters.JUnitReportReporter -->
<testsuite hostname="fv-az204-288" failures="0" tests="1" name="Tests.WebTest" time="2.994" errors="0" timestamp="2022-08-11T13:45:04 UTC" skipped="0">
  <testcase classname="Tests.WebTest" name="testGoogleSearchUsingSelenoid" time="2.994"/>
  <system-out/>
</testsuite> <!-- Tests.WebTest -->
