<?xml version="1.0" encoding="UTF-8"?>
<!-- Generated by org.testng.reporters.JUnitReportReporter -->
<testsuite skipped="0" hostname="in-sriramku.local" name="Tests.LoginTest2" tests="1" failures="0" timestamp="14 Jun 2019 09:08:30 GMT" time="3.898" errors="0">
  <testcase name="loginTest_InValidCase" time="3.898" classname="Tests.LoginTest2"/>
</testsuite> <!-- Tests.LoginTest2 -->
