<?xml version="1.0" encoding="UTF-8"?>
<!-- Generated by org.testng.reporters.JUnitReportReporter -->
<testsuite hostname="fv-az377-317" failures="0" tests="1" name="Tests.WebTest" time="3.198" errors="0" timestamp="2022-09-10T08:20:00 UTC" skipped="0">
  <testcase classname="Tests.WebTest" name="testGoogleSearchUsingSelenoid" time="3.198"/>
  <system-out/>
</testsuite> <!-- Tests.WebTest -->
