<?xml version="1.0" encoding="UTF-8"?>
<!-- Generated by org.testng.reporters.JUnitReportReporter -->
<testsuite hostname="fv-az1198-959" failures="0" tests="1" name="Tests.WebTest" time="2.539" errors="0" timestamp="2023-11-13T08:15:39 UTC" skipped="0">
  <testcase classname="Tests.WebTest" name="testGoogleSearchUsingSelenoid" time="2.539"/>
  <system-out/>
</testsuite> <!-- Tests.WebTest -->
