<?xml version="1.0" encoding="UTF-8"?>
<!-- Generated by org.testng.reporters.JUnitReportReporter -->
<testsuite skipped="0" hostname="OF011DT3NSMD6NI" name="ExtentReports.TestExtentReportsAttachScreenshot" tests="1" failures="0" timestamp="2022-05-03T10:33:03 CDT" time="9.647" errors="0">
  <testcase name="f" time="9.647" classname="ExtentReports.TestExtentReportsAttachScreenshot"/>
  <system-out/>
</testsuite> <!-- ExtentReports.TestExtentReportsAttachScreenshot -->
