<?xml version="1.0" encoding="UTF-8"?>
<!-- Generated by org.testng.reporters.JUnitReportReporter -->
<testsuite hostname="fv-az454-546" failures="0" tests="1" name="Tests.WebTest" time="15.974" errors="0" timestamp="2023-06-26T08:30:15 UTC" skipped="0">
  <testcase classname="Tests.WebTest" name="testGoogleSearchUsingSelenoid" time="15.974"/>
  <system-out/>
</testsuite> <!-- Tests.WebTest -->
