<?xml version="1.0" encoding="UTF-8"?>
<!-- Generated by org.testng.reporters.JUnitReportReporter -->
<testsuite hostname="fv-az955-970" failures="0" tests="1" name="Tests.WebTest" time="3.116" errors="0" timestamp="2023-09-16T08:13:04 UTC" skipped="0">
  <testcase classname="Tests.WebTest" name="testGoogleSearchUsingSelenoid" time="3.116"/>
  <system-out/>
</testsuite> <!-- Tests.WebTest -->
