<?xml version="1.0" encoding="UTF-8"?>
<!-- Generated by org.testng.reporters.JUnitReportReporter -->
<testsuite hostname="fv-az77-179" failures="0" tests="1" name="Tests.WebTest" time="3.736" errors="0" timestamp="2022-08-11T09:26:14 UTC" skipped="0">
  <testcase classname="Tests.WebTest" name="testGoogleSearchUsingSelenoid" time="3.736"/>
  <system-out/>
</testsuite> <!-- Tests.WebTest -->
