<?xml version="1.0" encoding="UTF-8"?>
<!-- Generated by org.testng.reporters.JUnitReportReporter -->
<testsuite hostname="fv-az574-713" failures="0" tests="1" name="Tests.WebTest" time="4.081" errors="0" timestamp="2022-12-26T08:24:25 UTC" skipped="0">
  <testcase classname="Tests.WebTest" name="testGoogleSearchUsingSelenoid" time="4.081"/>
  <system-out/>
</testsuite> <!-- Tests.WebTest -->
