<?xml version="1.0" encoding="UTF-8"?>
<!-- Generated by org.testng.reporters.JUnitReportReporter -->
<testsuite hostname="fv-az167-537" failures="0" tests="1" name="Tests.WebTest" time="3.589" errors="0" timestamp="2022-08-12T12:50:28 UTC" skipped="0">
  <testcase classname="Tests.WebTest" name="testGoogleSearchUsingSelenoid" time="3.589"/>
  <system-out/>
</testsuite> <!-- Tests.WebTest -->
