<?xml version="1.0" encoding="UTF-8"?>
<!-- Generated by org.testng.reporters.JUnitReportReporter -->
<testsuite hostname="fv-az574-24" failures="0" tests="1" name="Tests.WebTest" time="3.990" errors="0" timestamp="2023-01-04T08:16:31 UTC" skipped="0">
  <testcase classname="Tests.WebTest" name="testGoogleSearchUsingSelenoid" time="3.990"/>
  <system-out/>
</testsuite> <!-- Tests.WebTest -->
