<?xml version="1.0" encoding="UTF-8"?>
<!-- Generated by org.testng.reporters.JUnitReportReporter -->
<testsuite hostname="fv-az248-208" failures="0" tests="1" name="Tests.WebTest" time="2.861" errors="0" timestamp="2023-02-23T08:16:49 UTC" skipped="0">
  <testcase classname="Tests.WebTest" name="testGoogleSearchUsingSelenoid" time="2.861"/>
  <system-out/>
</testsuite> <!-- Tests.WebTest -->
