<?xml version="1.0" encoding="UTF-8"?>
<!-- Generated by org.testng.reporters.JUnitReportReporter -->
<testsuite hostname="fv-az563-862" failures="0" tests="1" name="Tests.WebTest" time="11.377" errors="0" timestamp="2023-04-11T08:23:47 UTC" skipped="0">
  <testcase classname="Tests.WebTest" name="testGoogleSearchUsingSelenoid" time="11.377"/>
  <system-out/>
</testsuite> <!-- Tests.WebTest -->
