<?xml version="1.0" encoding="UTF-8"?>
<!-- Generated by org.testng.reporters.JUnitReportReporter -->
<testsuite hostname="fv-az210-674" failures="0" tests="1" name="Tests.WebTest" time="3.890" errors="0" timestamp="2023-03-08T08:17:36 UTC" skipped="0">
  <testcase classname="Tests.WebTest" name="testGoogleSearchUsingSelenoid" time="3.890"/>
  <system-out/>
</testsuite> <!-- Tests.WebTest -->
