<?xml version="1.0" encoding="UTF-8"?>
<!-- Generated by org.testng.reporters.JUnitReportReporter -->
<testsuite hostname="fv-az456-359" failures="0" tests="1" name="Tests.WebTest" time="3.571" errors="0" timestamp="2023-03-01T08:17:59 UTC" skipped="0">
  <testcase classname="Tests.WebTest" name="testGoogleSearchUsingSelenoid" time="3.571"/>
  <system-out/>
</testsuite> <!-- Tests.WebTest -->
