<?xml version="1.0" encoding="UTF-8"?>
<!-- Generated by org.testng.reporters.JUnitReportReporter -->
<testsuite hostname="fv-az525-246" failures="0" tests="1" name="Tests.WebTest" time="5.210" errors="0" timestamp="2023-11-25T08:13:51 UTC" skipped="0">
  <testcase classname="Tests.WebTest" name="testGoogleSearchUsingSelenoid" time="5.210"/>
  <system-out/>
</testsuite> <!-- Tests.WebTest -->
