<?xml version="1.0" encoding="UTF-8"?>
<!-- Generated by org.testng.reporters.JUnitReportReporter -->
<testsuite hostname="fv-az587-315" failures="0" tests="1" name="Tests.WebTest" time="16.227" errors="0" timestamp="2023-11-07T08:22:15 UTC" skipped="0">
  <testcase classname="Tests.WebTest" name="testGoogleSearchUsingSelenoid" time="16.227"/>
  <system-out/>
</testsuite> <!-- Tests.WebTest -->
