<?xml version="1.0" encoding="UTF-8"?>
<!-- Generated by org.testng.reporters.JUnitReportReporter -->
<testsuite hostname="fv-az508-948" failures="0" tests="1" name="Tests.WebTest" time="5.300" errors="0" timestamp="2022-10-18T08:41:08 UTC" skipped="0">
  <testcase classname="Tests.WebTest" name="testGoogleSearchUsingSelenoid" time="5.300"/>
  <system-out/>
</testsuite> <!-- Tests.WebTest -->
