<?xml version="1.0" encoding="UTF-8"?>
<!-- Generated by org.testng.reporters.JUnitReportReporter -->
<testsuite skipped="0" hostname="in-sriramku.local" name="Tests.DevTools_ChangeDOMAttribute" tests="1" failures="0" timestamp="17 May 2020 14:49:08 GMT" time="5.565" errors="0">
  <testcase name="changeDOM" time="5.565" classname="Tests.DevTools_ChangeDOMAttribute"/>
</testsuite> <!-- Tests.DevTools_ChangeDOMAttribute -->
