<?xml version="1.0" encoding="UTF-8"?>
<!-- Generated by org.testng.reporters.JUnitReportReporter -->
<testsuite skipped="0" hostname="OF011DT3NSMD6NI" name="ExtentReports.TestExtentReportsUseConfigXML" tests="1" failures="0" timestamp="2022-05-03T08:26:25 CDT" time="0.567" errors="0">
  <testcase name="f" time="0.567" classname="ExtentReports.TestExtentReportsUseConfigXML"/>
  <system-out/>
</testsuite> <!-- ExtentReports.TestExtentReportsUseConfigXML -->
