<?xml version="1.0" encoding="UTF-8"?>
<!-- Generated by org.testng.reporters.JUnitReportReporter -->
<testsuite hostname="fv-az550-386" failures="0" tests="1" name="Tests.WebTest" time="3.234" errors="0" timestamp="2022-11-28T08:17:56 UTC" skipped="0">
  <testcase classname="Tests.WebTest" name="testGoogleSearchUsingSelenoid" time="3.234"/>
  <system-out/>
</testsuite> <!-- Tests.WebTest -->
