<?xml version="1.0" encoding="UTF-8"?>
<!-- Generated by org.testng.reporters.JUnitReportReporter -->
<testsuite hostname="fv-az548-835" failures="0" tests="1" name="Tests.WebTest" time="7.401" errors="0" timestamp="2023-05-06T08:20:01 UTC" skipped="0">
  <testcase classname="Tests.WebTest" name="testGoogleSearchUsingSelenoid" time="7.401"/>
  <system-out/>
</testsuite> <!-- Tests.WebTest -->
