<?xml version="1.0" encoding="UTF-8"?>
<!-- Generated by org.testng.reporters.JUnitReportReporter -->
<testsuite hostname="fv-az502-476" failures="0" tests="1" name="Tests.WebTest" time="18.765" errors="0" timestamp="2023-01-09T08:26:05 UTC" skipped="0">
  <testcase classname="Tests.WebTest" name="testGoogleSearchUsingSelenoid" time="18.765"/>
  <system-out/>
</testsuite> <!-- Tests.WebTest -->
