<?xml version="1.0" encoding="UTF-8"?>
<!-- Generated by org.testng.reporters.JUnitReportReporter -->
<testsuite hostname="fv-az268-907" failures="0" tests="1" name="Tests.WebTest" time="15.328" errors="0" timestamp="2023-07-07T08:25:34 UTC" skipped="0">
  <testcase classname="Tests.WebTest" name="testGoogleSearchUsingSelenoid" time="15.328"/>
  <system-out/>
</testsuite> <!-- Tests.WebTest -->
