<?xml version="1.0" encoding="UTF-8"?>
<!-- Generated by org.testng.reporters.JUnitReportReporter -->
<testsuite hostname="fv-az563-68" failures="0" tests="1" name="Tests.WebTest" time="4.428" errors="0" timestamp="2022-12-15T08:26:08 UTC" skipped="0">
  <testcase classname="Tests.WebTest" name="testGoogleSearchUsingSelenoid" time="4.428"/>
  <system-out/>
</testsuite> <!-- Tests.WebTest -->
