<?xml version="1.0" encoding="UTF-8"?>
<!-- Generated by org.testng.reporters.JUnitReportReporter -->
<testsuite hostname="fv-az627-183" failures="0" tests="1" name="Tests.WebTest" time="17.870" errors="0" timestamp="2023-05-21T08:20:29 UTC" skipped="0">
  <testcase classname="Tests.WebTest" name="testGoogleSearchUsingSelenoid" time="17.870"/>
  <system-out/>
</testsuite> <!-- Tests.WebTest -->
