<?xml version="1.0" encoding="UTF-8"?>
<!-- Generated by org.testng.reporters.JUnitReportReporter -->
<testsuite hostname="fv-az1498-492" failures="0" tests="1" name="Tests.WebTest" time="3.002" errors="0" timestamp="2023-11-15T08:14:52 UTC" skipped="0">
  <testcase classname="Tests.WebTest" name="testGoogleSearchUsingSelenoid" time="3.002"/>
  <system-out/>
</testsuite> <!-- Tests.WebTest -->
