<?xml version="1.0" encoding="UTF-8"?>
<!-- Generated by org.testng.reporters.JUnitReportReporter -->
<testsuite hostname="fv-az363-868" failures="0" tests="1" name="Tests.WebTest" time="3.176" errors="0" timestamp="2022-12-22T08:16:00 UTC" skipped="0">
  <testcase classname="Tests.WebTest" name="testGoogleSearchUsingSelenoid" time="3.176"/>
  <system-out/>
</testsuite> <!-- Tests.WebTest -->
