<?xml version="1.0" encoding="UTF-8"?>
<!-- Generated by org.testng.reporters.JUnitReportReporter -->
<testsuite hostname="fv-az713-197" failures="0" tests="1" name="Tests.WebTest" time="3.694" errors="0" timestamp="2023-08-21T08:14:49 UTC" skipped="0">
  <testcase classname="Tests.WebTest" name="testGoogleSearchUsingSelenoid" time="3.694"/>
  <system-out/>
</testsuite> <!-- Tests.WebTest -->
