<?xml version="1.0" encoding="UTF-8"?>
<!-- Generated by org.testng.reporters.JUnitReportReporter -->
<testsuite hostname="fv-az566-435" failures="0" tests="1" name="Tests.WebTest" time="6.255" errors="0" timestamp="2022-12-31T08:22:40 UTC" skipped="0">
  <testcase classname="Tests.WebTest" name="testGoogleSearchUsingSelenoid" time="6.255"/>
  <system-out/>
</testsuite> <!-- Tests.WebTest -->
