<?xml version="1.0" encoding="UTF-8"?>
<!-- Generated by org.testng.reporters.JUnitReportReporter -->
<testsuite hostname="fv-az255-81" failures="0" tests="1" name="Tests.WebTest" time="7.678" errors="0" timestamp="2022-09-12T06:58:28 UTC" skipped="0">
  <testcase classname="Tests.WebTest" name="testGoogleSearchUsingSelenoid" time="7.678"/>
  <system-out/>
</testsuite> <!-- Tests.WebTest -->
