<?xml version="1.0" encoding="UTF-8"?>
<!-- Generated by org.testng.reporters.JUnitReportReporter -->
<testsuite hostname="fv-az167-704" failures="0" tests="1" name="Tests.WebTest" time="3.522" errors="0" timestamp="2023-01-09T08:16:58 UTC" skipped="0">
  <testcase classname="Tests.WebTest" name="testGoogleSearchUsingSelenoid" time="3.522"/>
  <system-out/>
</testsuite> <!-- Tests.WebTest -->
