<?xml version="1.0" encoding="UTF-8"?>
<!-- Generated by org.testng.reporters.JUnitReportReporter -->
<testsuite hostname="fv-az791-443" failures="0" tests="1" name="Tests.WebTest" time="4.374" errors="0" timestamp="2023-06-30T08:23:47 UTC" skipped="0">
  <testcase classname="Tests.WebTest" name="testGoogleSearchUsingSelenoid" time="4.374"/>
  <system-out/>
</testsuite> <!-- Tests.WebTest -->
