<?xml version="1.0" encoding="UTF-8"?>
<!-- Generated by org.testng.reporters.JUnitReportReporter -->
<testsuite hostname="fv-az1243-951" failures="0" tests="1" name="Tests.WebTest" time="7.701" errors="0" timestamp="2023-10-26T08:22:14 UTC" skipped="0">
  <testcase classname="Tests.WebTest" name="testGoogleSearchUsingSelenoid" time="7.701"/>
  <system-out/>
</testsuite> <!-- Tests.WebTest -->
