<?xml version="1.0" encoding="UTF-8"?>
<!-- Generated by org.testng.reporters.JUnitReportReporter -->
<testsuite hostname="fv-az173-99" failures="0" tests="1" name="Tests.WebTest" time="3.098" errors="0" timestamp="2023-04-09T08:13:28 UTC" skipped="0">
  <testcase classname="Tests.WebTest" name="testGoogleSearchUsingSelenoid" time="3.098"/>
  <system-out/>
</testsuite> <!-- Tests.WebTest -->
