<?xml version="1.0" encoding="UTF-8"?>
<!-- Generated by org.testng.reporters.JUnitReportReporter -->
<testsuite hostname="fv-az408-230" failures="0" tests="1" name="Tests.WebTest" time="17.894" errors="0" timestamp="2023-05-29T08:22:16 UTC" skipped="0">
  <testcase classname="Tests.WebTest" name="testGoogleSearchUsingSelenoid" time="17.894"/>
  <system-out/>
</testsuite> <!-- Tests.WebTest -->
