<?xml version="1.0" encoding="UTF-8"?>
<!-- Generated by org.testng.reporters.JUnitReportReporter -->
<testsuite hostname="fv-az401-102" failures="0" tests="1" name="Tests.WebTest" time="8.049" errors="0" timestamp="2023-01-22T08:23:22 UTC" skipped="0">
  <testcase classname="Tests.WebTest" name="testGoogleSearchUsingSelenoid" time="8.049"/>
  <system-out/>
</testsuite> <!-- Tests.WebTest -->
