<?xml version="1.0" encoding="UTF-8"?>
<!-- Generated by org.testng.reporters.JUnitReportReporter -->
<testsuite hostname="fv-az493-561" failures="0" tests="1" name="Tests.WebTest" time="3.168" errors="0" timestamp="2023-09-17T08:13:03 UTC" skipped="0">
  <testcase classname="Tests.WebTest" name="testGoogleSearchUsingSelenoid" time="3.168"/>
  <system-out/>
</testsuite> <!-- Tests.WebTest -->
