<?xml version="1.0" encoding="UTF-8"?>
<!-- Generated by org.testng.reporters.JUnitReportReporter -->
<testsuite hostname="fv-az1432-79" failures="0" tests="1" name="Tests.WebTest" time="8.184" errors="0" timestamp="2023-11-11T08:19:47 UTC" skipped="0">
  <testcase classname="Tests.WebTest" name="testGoogleSearchUsingSelenoid" time="8.184"/>
  <system-out/>
</testsuite> <!-- Tests.WebTest -->
