<?xml version="1.0" encoding="UTF-8"?>
<!-- Generated by org.testng.reporters.JUnitReportReporter -->
<testsuite hostname="fv-az1391-392" failures="0" tests="1" name="Tests.WebTest" time="8.498" errors="0" timestamp="2023-11-15T08:22:13 UTC" skipped="0">
  <testcase classname="Tests.WebTest" name="testGoogleSearchUsingSelenoid" time="8.498"/>
  <system-out/>
</testsuite> <!-- Tests.WebTest -->
