<?xml version="1.0" encoding="UTF-8"?>
<!-- Generated by org.testng.reporters.JUnitReportReporter -->
<testsuite hostname="fv-az167-34" failures="0" tests="1" name="Tests.WebTest" time="3.127" errors="0" timestamp="2023-05-11T08:14:28 UTC" skipped="0">
  <testcase classname="Tests.WebTest" name="testGoogleSearchUsingSelenoid" time="3.127"/>
  <system-out/>
</testsuite> <!-- Tests.WebTest -->
