<?xml version="1.0" encoding="UTF-8"?>
<!-- Generated by org.testng.reporters.JUnitReportReporter -->
<testsuite hostname="fv-az567-645" failures="0" tests="1" name="Tests.WebTest" time="5.655" errors="0" timestamp="2022-12-18T08:22:42 UTC" skipped="0">
  <testcase classname="Tests.WebTest" name="testGoogleSearchUsingSelenoid" time="5.655"/>
  <system-out/>
</testsuite> <!-- Tests.WebTest -->
