<?xml version="1.0" encoding="UTF-8"?>
<!-- Generated by org.testng.reporters.JUnitReportReporter -->
<testsuite hostname="fv-az797-521" failures="0" tests="1" name="Tests.WebTest" time="4.112" errors="0" timestamp="2023-06-07T08:22:40 UTC" skipped="0">
  <testcase classname="Tests.WebTest" name="testGoogleSearchUsingSelenoid" time="4.112"/>
  <system-out/>
</testsuite> <!-- Tests.WebTest -->
