<?xml version="1.0" encoding="UTF-8"?>
<!-- Generated by org.testng.reporters.JUnitReportReporter -->
<testsuite hostname="fv-az485-578" failures="0" tests="1" name="Tests.WebTest" time="5.999" errors="0" timestamp="2023-04-09T08:20:29 UTC" skipped="0">
  <testcase classname="Tests.WebTest" name="testGoogleSearchUsingSelenoid" time="5.999"/>
  <system-out/>
</testsuite> <!-- Tests.WebTest -->
