<?xml version="1.0" encoding="UTF-8"?>
<!-- Generated by org.testng.reporters.JUnitReportReporter -->
<testsuite hostname="fv-az177-590" failures="0" tests="1" name="Tests.WebTest" time="9.049" errors="0" timestamp="2022-09-15T08:52:20 UTC" skipped="0">
  <testcase classname="Tests.WebTest" name="testGoogleSearchUsingSelenoid" time="9.049"/>
  <system-out/>
</testsuite> <!-- Tests.WebTest -->
