<?xml version="1.0" encoding="UTF-8"?>
<!-- Generated by org.testng.reporters.JUnitReportReporter -->
<testsuite hostname="fv-az349-463" failures="0" tests="1" name="Tests.WebTest" time="2.909" errors="0" timestamp="2023-04-21T08:14:39 UTC" skipped="0">
  <testcase classname="Tests.WebTest" name="testGoogleSearchUsingSelenoid" time="2.909"/>
  <system-out/>
</testsuite> <!-- Tests.WebTest -->
