<?xml version="1.0" encoding="UTF-8"?>
<!-- Generated by org.testng.reporters.JUnitReportReporter -->
<testsuite hostname="fv-az139-307" failures="0" tests="1" name="Tests.WebTest" time="9.672" errors="0" timestamp="2022-10-10T08:39:04 UTC" skipped="0">
  <testcase classname="Tests.WebTest" name="testGoogleSearchUsingSelenoid" time="9.672"/>
  <system-out/>
</testsuite> <!-- Tests.WebTest -->
