<?xml version="1.0" encoding="UTF-8"?>
<!-- Generated by org.testng.reporters.JUnitReportReporter -->
<testsuite hostname="fv-az551-462" failures="0" tests="1" name="Tests.WebTest" time="3.267" errors="0" timestamp="2022-12-07T08:16:45 UTC" skipped="0">
  <testcase classname="Tests.WebTest" name="testGoogleSearchUsingSelenoid" time="3.267"/>
  <system-out/>
</testsuite> <!-- Tests.WebTest -->
