<?xml version="1.0" encoding="UTF-8"?>
<!-- Generated by org.testng.reporters.JUnitReportReporter -->
<testsuite hostname="fv-az452-355" failures="0" tests="1" name="Tests.WebTest" time="17.567" errors="0" timestamp="2023-05-23T08:22:23 UTC" skipped="0">
  <testcase classname="Tests.WebTest" name="testGoogleSearchUsingSelenoid" time="17.567"/>
  <system-out/>
</testsuite> <!-- Tests.WebTest -->
