<?xml version="1.0" encoding="UTF-8"?>
<!-- Generated by org.testng.reporters.JUnitReportReporter -->
<testsuite hostname="fv-az589-672" failures="0" tests="1" name="Tests.WebTest" time="3.412" errors="0" timestamp="2023-04-01T08:14:01 UTC" skipped="0">
  <testcase classname="Tests.WebTest" name="testGoogleSearchUsingSelenoid" time="3.412"/>
  <system-out/>
</testsuite> <!-- Tests.WebTest -->
