<?xml version="1.0" encoding="UTF-8"?>
<!-- Generated by org.testng.reporters.JUnitReportReporter -->
<testsuite hostname="fv-az567-287" failures="0" tests="1" name="Tests.WebTest" time="5.237" errors="0" timestamp="2023-01-26T08:24:03 UTC" skipped="0">
  <testcase classname="Tests.WebTest" name="testGoogleSearchUsingSelenoid" time="5.237"/>
  <system-out/>
</testsuite> <!-- Tests.WebTest -->
