<?xml version="1.0" encoding="UTF-8"?>
<!-- Generated by org.testng.reporters.JUnitReportReporter -->
<testsuite skipped="0" hostname="OF011DT3NSMD6NI" name="Tests.TestNGGroups" tests="2" failures="0" timestamp="2022-04-23T07:13:19 CDT" time="0.012" errors="0">
  <testcase name="smoke1" time="0.006" classname="Tests.TestNGGroups"/>
  <system-out/>
  <testcase name="smoke2" time="0.006" classname="Tests.TestNGGroups"/>
  <system-out/>
</testsuite> <!-- Tests.TestNGGroups -->
