<?xml version="1.0" encoding="UTF-8"?>
<!-- Generated by org.testng.reporters.JUnitReportReporter -->
<testsuite hostname="fv-az203-221" failures="0" tests="1" name="Tests.WebTest" time="3.000" errors="0" timestamp="2023-06-14T08:14:37 UTC" skipped="0">
  <testcase classname="Tests.WebTest" name="testGoogleSearchUsingSelenoid" time="3.000"/>
  <system-out/>
</testsuite> <!-- Tests.WebTest -->
