<?xml version="1.0" encoding="UTF-8"?>
<!-- Generated by org.testng.reporters.JUnitReportReporter -->
<testsuite hostname="fv-az292-610" failures="0" tests="1" name="Tests.WebTest" time="4.114" errors="0" timestamp="2022-08-12T14:23:24 UTC" skipped="0">
  <testcase classname="Tests.WebTest" name="testGoogleSearchUsingSelenoid" time="4.114"/>
  <system-out/>
</testsuite> <!-- Tests.WebTest -->
