<?xml version="1.0" encoding="UTF-8"?>
<!-- Generated by org.testng.reporters.JUnitReportReporter -->
<testsuite hostname="fv-az198-930" failures="0" tests="1" name="Tests.WebTest" time="6.555" errors="0" timestamp="2022-10-05T08:34:02 UTC" skipped="0">
  <testcase classname="Tests.WebTest" name="testGoogleSearchUsingSelenoid" time="6.555"/>
  <system-out/>
</testsuite> <!-- Tests.WebTest -->
