<?xml version="1.0" encoding="UTF-8"?>
<!-- Generated by org.testng.reporters.JUnitReportReporter -->
<testsuite hostname="fv-az135-870" failures="0" tests="1" name="Tests.WebTest" time="3.201" errors="0" timestamp="2022-08-13T12:41:11 UTC" skipped="0">
  <testcase classname="Tests.WebTest" name="testGoogleSearchUsingSelenoid" time="3.201"/>
  <system-out/>
</testsuite> <!-- Tests.WebTest -->
