<?xml version="1.0" encoding="UTF-8"?>
<!-- Generated by org.testng.reporters.JUnitReportReporter -->
<testsuite hostname="fv-az353-691" failures="0" tests="1" name="Tests.WebTest" time="2.927" errors="0" timestamp="2022-09-09T08:22:39 UTC" skipped="0">
  <testcase classname="Tests.WebTest" name="testGoogleSearchUsingSelenoid" time="2.927"/>
  <system-out/>
</testsuite> <!-- Tests.WebTest -->
