<?xml version="1.0" encoding="UTF-8"?>
<!-- Generated by org.testng.reporters.JUnitReportReporter -->
<testsuite hostname="fv-az674-242" failures="0" tests="1" name="Tests.WebTest" time="6.059" errors="0" timestamp="2023-01-16T08:25:14 UTC" skipped="0">
  <testcase classname="Tests.WebTest" name="testGoogleSearchUsingSelenoid" time="6.059"/>
  <system-out/>
</testsuite> <!-- Tests.WebTest -->
