<?xml version="1.0" encoding="UTF-8"?>
<!-- Generated by org.testng.reporters.JUnitReportReporter -->
<testsuite hostname="fv-az337-145" failures="0" tests="1" name="Tests.WebTest" time="4.991" errors="0" timestamp="2023-03-21T08:23:53 UTC" skipped="0">
  <testcase classname="Tests.WebTest" name="testGoogleSearchUsingSelenoid" time="4.991"/>
  <system-out/>
</testsuite> <!-- Tests.WebTest -->
