<?xml version="1.0" encoding="UTF-8"?>
<!-- Generated by org.testng.reporters.JUnitReportReporter -->
<testsuite hostname="fv-az222-160" failures="0" tests="1" name="Tests.WebTest" time="5.720" errors="0" timestamp="2022-11-08T08:33:01 UTC" skipped="0">
  <testcase classname="Tests.WebTest" name="testGoogleSearchUsingSelenoid" time="5.720"/>
  <system-out/>
</testsuite> <!-- Tests.WebTest -->
