<?xml version="1.0" encoding="UTF-8"?>
<!-- Generated by org.testng.reporters.JUnitReportReporter -->
<testsuite hostname="fv-az451-407" failures="0" tests="1" name="Tests.WebTest" time="5.201" errors="0" timestamp="2023-02-11T08:23:45 UTC" skipped="0">
  <testcase classname="Tests.WebTest" name="testGoogleSearchUsingSelenoid" time="5.201"/>
  <system-out/>
</testsuite> <!-- Tests.WebTest -->
