<?xml version="1.0" encoding="UTF-8"?>
<!-- Generated by org.testng.reporters.JUnitReportReporter -->
<testsuite hostname="fv-az299-926" failures="0" tests="1" name="Tests.WebTest" time="3.346" errors="0" timestamp="2022-09-05T08:18:42 UTC" skipped="0">
  <testcase classname="Tests.WebTest" name="testGoogleSearchUsingSelenoid" time="3.346"/>
  <system-out/>
</testsuite> <!-- Tests.WebTest -->
