<?xml version="1.0" encoding="UTF-8"?>
<!-- Generated by org.testng.reporters.JUnitReportReporter -->
<testsuite hostname="fv-az309-620" failures="0" tests="1" name="Tests.WebTest" time="7.102" errors="0" timestamp="2023-04-08T08:20:29 UTC" skipped="0">
  <testcase classname="Tests.WebTest" name="testGoogleSearchUsingSelenoid" time="7.102"/>
  <system-out/>
</testsuite> <!-- Tests.WebTest -->
