<?xml version="1.0" encoding="UTF-8"?>
<!-- Generated by org.testng.reporters.JUnitReportReporter -->
<testsuite hostname="fv-az487-193" failures="0" tests="1" name="Tests.WebTest" time="16.573" errors="0" timestamp="2023-07-26T08:22:14 UTC" skipped="0">
  <testcase classname="Tests.WebTest" name="testGoogleSearchUsingSelenoid" time="16.573"/>
  <system-out/>
</testsuite> <!-- Tests.WebTest -->
