<?xml version="1.0" encoding="UTF-8"?>
<!-- Generated by org.testng.reporters.JUnitReportReporter -->
<testsuite hostname="fv-az304-629" failures="0" tests="1" name="Tests.WebTest" time="3.183" errors="0" timestamp="2022-09-02T08:19:08 UTC" skipped="0">
  <testcase classname="Tests.WebTest" name="testGoogleSearchUsingSelenoid" time="3.183"/>
  <system-out/>
</testsuite> <!-- Tests.WebTest -->
