<?xml version="1.0" encoding="UTF-8"?>
<!-- Generated by org.testng.reporters.JUnitReportReporter -->
<testsuite hostname="fv-az396-347" failures="0" tests="1" name="Tests.WebTest" time="3.409" errors="0" timestamp="2023-10-03T08:15:32 UTC" skipped="0">
  <testcase classname="Tests.WebTest" name="testGoogleSearchUsingSelenoid" time="3.409"/>
  <system-out/>
</testsuite> <!-- Tests.WebTest -->
