<?xml version="1.0" encoding="UTF-8"?>
<!-- Generated by org.testng.reporters.JUnitReportReporter -->
<testsuite hostname="fv-az298-59" failures="0" tests="1" name="Tests.WebTest" time="3.889" errors="0" timestamp="2023-08-22T08:14:41 UTC" skipped="0">
  <testcase classname="Tests.WebTest" name="testGoogleSearchUsingSelenoid" time="3.889"/>
  <system-out/>
</testsuite> <!-- Tests.WebTest -->
