<?xml version="1.0" encoding="UTF-8"?>
<!-- Generated by org.testng.reporters.JUnitReportReporter -->
<testsuite hostname="fv-az389-443" failures="0" tests="1" name="Tests.WebTest" time="6.564" errors="0" timestamp="2023-04-10T08:22:30 UTC" skipped="0">
  <testcase classname="Tests.WebTest" name="testGoogleSearchUsingSelenoid" time="6.564"/>
  <system-out/>
</testsuite> <!-- Tests.WebTest -->
