<?xml version="1.0" encoding="UTF-8"?>
<!-- Generated by org.testng.reporters.JUnitReportReporter -->
<testsuite hostname="fv-az436-705" failures="0" tests="1" name="Tests.WebTest" time="3.142" errors="0" timestamp="2023-04-10T08:15:09 UTC" skipped="0">
  <testcase classname="Tests.WebTest" name="testGoogleSearchUsingSelenoid" time="3.142"/>
  <system-out/>
</testsuite> <!-- Tests.WebTest -->
