<?xml version="1.0" encoding="UTF-8"?>
<!-- Generated by org.testng.reporters.JUnitReportReporter -->
<testsuite hostname="fv-az422-378" failures="0" tests="1" name="Tests.WebTest" time="5.144" errors="0" timestamp="2022-11-22T08:31:04 UTC" skipped="0">
  <testcase classname="Tests.WebTest" name="testGoogleSearchUsingSelenoid" time="5.144"/>
  <system-out/>
</testsuite> <!-- Tests.WebTest -->
