<?xml version="1.0" encoding="UTF-8"?>
<!-- Generated by org.testng.reporters.JUnitReportReporter -->
<testsuite hostname="fv-az280-575" failures="0" tests="1" name="Tests.WebTest" time="5.225" errors="0" timestamp="2023-03-28T08:25:18 UTC" skipped="0">
  <testcase classname="Tests.WebTest" name="testGoogleSearchUsingSelenoid" time="5.225"/>
  <system-out/>
</testsuite> <!-- Tests.WebTest -->
