<?xml version="1.0" encoding="UTF-8"?>
<!-- Generated by org.testng.reporters.JUnitReportReporter -->
<testsuite hostname="fv-az380-593" failures="0" tests="1" name="Tests.WebTest" time="3.136" errors="0" timestamp="2022-08-12T07:23:04 UTC" skipped="0">
  <testcase classname="Tests.WebTest" name="testGoogleSearchUsingSelenoid" time="3.136"/>
  <system-out/>
</testsuite> <!-- Tests.WebTest -->
