<?xml version="1.0" encoding="UTF-8"?>
<!-- Generated by org.testng.reporters.JUnitReportReporter -->
<testsuite hostname="fv-az198-607" failures="0" tests="1" name="Tests.WebTest" time="18.691" errors="0" timestamp="2022-10-15T08:35:34 UTC" skipped="0">
  <testcase classname="Tests.WebTest" name="testGoogleSearchUsingSelenoid" time="18.691"/>
  <system-out/>
</testsuite> <!-- Tests.WebTest -->
