<?xml version="1.0" encoding="UTF-8"?>
<!-- Generated by org.testng.reporters.JUnitReportReporter -->
<testsuite hostname="fv-az193-417" failures="0" tests="1" name="Tests.WebTest" time="5.666" errors="0" timestamp="2022-11-17T08:30:45 UTC" skipped="0">
  <testcase classname="Tests.WebTest" name="testGoogleSearchUsingSelenoid" time="5.666"/>
  <system-out/>
</testsuite> <!-- Tests.WebTest -->
