<?xml version="1.0" encoding="UTF-8"?>
<!-- Generated by org.testng.reporters.JUnitReportReporter -->
<testsuite hostname="fv-az278-195" failures="0" tests="1" name="Tests.WebTest" time="3.689" errors="0" timestamp="2022-10-23T08:21:31 UTC" skipped="0">
  <testcase classname="Tests.WebTest" name="testGoogleSearchUsingSelenoid" time="3.689"/>
  <system-out/>
</testsuite> <!-- Tests.WebTest -->
