<?xml version="1.0" encoding="UTF-8"?>
<!-- Generated by org.testng.reporters.JUnitReportReporter -->
<testsuite hostname="fv-az119-412" failures="0" tests="1" name="Tests.WebTest" time="6.795" errors="0" timestamp="2022-09-18T08:29:24 UTC" skipped="0">
  <testcase classname="Tests.WebTest" name="testGoogleSearchUsingSelenoid" time="6.795"/>
  <system-out/>
</testsuite> <!-- Tests.WebTest -->
