<?xml version="1.0" encoding="UTF-8"?>
<!-- Generated by org.testng.reporters.JUnitReportReporter -->
<testsuite hostname="fv-az200-137" failures="0" tests="1" name="Tests.WebTest" time="4.877" errors="0" timestamp="2022-09-06T08:31:28 UTC" skipped="0">
  <testcase classname="Tests.WebTest" name="testGoogleSearchUsingSelenoid" time="4.877"/>
  <system-out/>
</testsuite> <!-- Tests.WebTest -->
