<?xml version="1.0" encoding="UTF-8"?>
<!-- Generated by org.testng.reporters.JUnitReportReporter -->
<testsuite hostname="fv-az548-286" failures="0" tests="1" name="Tests.WebTest" time="3.503" errors="0" timestamp="2022-11-21T08:19:15 UTC" skipped="0">
  <testcase classname="Tests.WebTest" name="testGoogleSearchUsingSelenoid" time="3.503"/>
  <system-out/>
</testsuite> <!-- Tests.WebTest -->
