<?xml version="1.0" encoding="UTF-8"?>
<!-- Generated by org.testng.reporters.JUnitReportReporter -->
<testsuite hostname="fv-az552-555" failures="0" tests="1" name="Tests.WebTest" time="4.183" errors="0" timestamp="2023-07-27T08:14:38 UTC" skipped="0">
  <testcase classname="Tests.WebTest" name="testGoogleSearchUsingSelenoid" time="4.183"/>
  <system-out/>
</testsuite> <!-- Tests.WebTest -->
