<?xml version="1.0" encoding="UTF-8"?>
<!-- Generated by org.testng.reporters.JUnitReportReporter -->
<testsuite hostname="fv-az257-16" failures="0" tests="1" name="Tests.WebTest" time="11.471" errors="0" timestamp="2023-04-03T08:23:40 UTC" skipped="0">
  <testcase classname="Tests.WebTest" name="testGoogleSearchUsingSelenoid" time="11.471"/>
  <system-out/>
</testsuite> <!-- Tests.WebTest -->
