<?xml version="1.0" encoding="UTF-8"?>
<!-- Generated by org.testng.reporters.JUnitReportReporter -->
<testsuite hostname="fv-az302-153" failures="0" tests="1" name="Tests.WebTest" time="4.957" errors="0" timestamp="2022-10-02T08:32:20 UTC" skipped="0">
  <testcase classname="Tests.WebTest" name="testGoogleSearchUsingSelenoid" time="4.957"/>
  <system-out/>
</testsuite> <!-- Tests.WebTest -->
