<?xml version="1.0" encoding="UTF-8"?>
<!-- Generated by org.testng.reporters.JUnitReportReporter -->
<testsuite hostname="fv-az453-313" failures="0" tests="1" name="Tests.WebTest" time="10.532" errors="0" timestamp="2023-10-14T08:20:10 UTC" skipped="0">
  <testcase classname="Tests.WebTest" name="testGoogleSearchUsingSelenoid" time="10.532"/>
  <system-out/>
</testsuite> <!-- Tests.WebTest -->
