<?xml version="1.0" encoding="UTF-8"?>
<!-- Generated by org.testng.reporters.JUnitReportReporter -->
<testsuite skipped="0" hostname="in-sriramku.local" name="Tests.LoginTest1" tests="1" failures="0" timestamp="14 Jun 2019 09:08:30 GMT" time="4.687" errors="0">
  <testcase name="loginTest_ValidCase" time="4.687" classname="Tests.LoginTest1"/>
</testsuite> <!-- Tests.LoginTest1 -->
