<?xml version="1.0" encoding="UTF-8"?>
<!-- Generated by org.testng.reporters.JUnitReportReporter -->
<testsuite hostname="fv-az366-806" failures="0" tests="1" name="Tests.WebTest" time="3.065" errors="0" timestamp="2023-02-02T08:16:22 UTC" skipped="0">
  <testcase classname="Tests.WebTest" name="testGoogleSearchUsingSelenoid" time="3.065"/>
  <system-out/>
</testsuite> <!-- Tests.WebTest -->
