<?xml version="1.0" encoding="UTF-8"?>
<!-- Generated by org.testng.reporters.JUnitReportReporter -->
<testsuite hostname="fv-az41-528" failures="0" tests="1" name="Tests.WebTest" time="2.992" errors="0" timestamp="2022-10-10T08:27:07 UTC" skipped="0">
  <testcase classname="Tests.WebTest" name="testGoogleSearchUsingSelenoid" time="2.992"/>
  <system-out/>
</testsuite> <!-- Tests.WebTest -->
