<?xml version="1.0" encoding="UTF-8"?>
<!-- Generated by org.testng.reporters.JUnitReportReporter -->
<testsuite hostname="fv-az318-866" failures="0" tests="1" name="Tests.WebTest" time="3.197" errors="0" timestamp="2022-08-11T11:21:45 UTC" skipped="0">
  <testcase classname="Tests.WebTest" name="testGoogleSearchUsingSelenoid" time="3.197"/>
  <system-out/>
</testsuite> <!-- Tests.WebTest -->
