<?xml version="1.0" encoding="UTF-8"?>
<!-- Generated by org.testng.reporters.JUnitReportReporter -->
<testsuite hostname="fv-az447-604" failures="0" tests="1" name="Tests.WebTest" time="2.951" errors="0" timestamp="2023-01-25T08:15:43 UTC" skipped="0">
  <testcase classname="Tests.WebTest" name="testGoogleSearchUsingSelenoid" time="2.951"/>
  <system-out/>
</testsuite> <!-- Tests.WebTest -->
