<?xml version="1.0" encoding="UTF-8"?>
<!-- Generated by org.testng.reporters.JUnitReportReporter -->
<testsuite hostname="fv-az1128-884" failures="0" tests="1" name="Tests.WebTest" time="2.963" errors="0" timestamp="2023-08-31T08:15:40 UTC" skipped="0">
  <testcase classname="Tests.WebTest" name="testGoogleSearchUsingSelenoid" time="2.963"/>
  <system-out/>
</testsuite> <!-- Tests.WebTest -->
