<?xml version="1.0" encoding="UTF-8"?>
<!-- Generated by org.testng.reporters.JUnitReportReporter -->
<testsuite hostname="fv-az617-94" failures="0" tests="1" name="Tests.WebTest" time="5.356" errors="0" timestamp="2022-10-06T08:34:49 UTC" skipped="0">
  <testcase classname="Tests.WebTest" name="testGoogleSearchUsingSelenoid" time="5.356"/>
  <system-out/>
</testsuite> <!-- Tests.WebTest -->
