<?xml version="1.0" encoding="UTF-8"?>
<!-- Generated by org.testng.reporters.JUnitReportReporter -->
<testsuite hostname="fv-az210-947" failures="0" tests="1" name="Tests.WebTest" time="3.038" errors="0" timestamp="2022-08-13T08:29:59 UTC" skipped="0">
  <testcase classname="Tests.WebTest" name="testGoogleSearchUsingSelenoid" time="3.038"/>
  <system-out/>
</testsuite> <!-- Tests.WebTest -->
