<?xml version="1.0" encoding="UTF-8"?>
<!-- Generated by org.testng.reporters.JUnitReportReporter -->
<testsuite hostname="fv-az1107-604" failures="0" tests="1" name="Tests.WebTest" time="17.879" errors="0" timestamp="2023-08-21T08:22:19 UTC" skipped="0">
  <testcase classname="Tests.WebTest" name="testGoogleSearchUsingSelenoid" time="17.879"/>
  <system-out/>
</testsuite> <!-- Tests.WebTest -->
