<?xml version="1.0" encoding="UTF-8"?>
<!-- Generated by org.testng.reporters.JUnitReportReporter -->
<testsuite hostname="fv-az713-188" failures="0" tests="1" name="Tests.WebTest" time="3.679" errors="0" timestamp="2023-08-23T08:14:34 UTC" skipped="0">
  <testcase classname="Tests.WebTest" name="testGoogleSearchUsingSelenoid" time="3.679"/>
  <system-out/>
</testsuite> <!-- Tests.WebTest -->
