<?xml version="1.0" encoding="UTF-8"?>
<!-- Generated by org.testng.reporters.JUnitReportReporter -->
<testsuite hostname="fv-az552-476" failures="0" tests="1" name="Tests.WebTest" time="17.583" errors="0" timestamp="2023-08-01T08:22:14 UTC" skipped="0">
  <testcase classname="Tests.WebTest" name="testGoogleSearchUsingSelenoid" time="17.583"/>
  <system-out/>
</testsuite> <!-- Tests.WebTest -->
