<?xml version="1.0" encoding="UTF-8"?>
<!-- Generated by org.testng.reporters.JUnitReportReporter -->
<testsuite hostname="fv-az574-251" failures="0" tests="1" name="Tests.WebTest" time="3.576" errors="0" timestamp="2023-01-21T08:15:21 UTC" skipped="0">
  <testcase classname="Tests.WebTest" name="testGoogleSearchUsingSelenoid" time="3.576"/>
  <system-out/>
</testsuite> <!-- Tests.WebTest -->
