<?xml version="1.0" encoding="UTF-8"?>
<!-- Generated by org.testng.reporters.JUnitReportReporter -->
<testsuite hostname="fv-az268-298" failures="0" tests="1" name="Tests.WebTest" time="17.633" errors="0" timestamp="2023-09-14T08:22:04 UTC" skipped="0">
  <testcase classname="Tests.WebTest" name="testGoogleSearchUsingSelenoid" time="17.633"/>
  <system-out/>
</testsuite> <!-- Tests.WebTest -->
