<?xml version="1.0" encoding="UTF-8"?>
<!-- Generated by org.testng.reporters.JUnitReportReporter -->
<testsuite hostname="fv-az133-672" failures="0" tests="1" name="Tests.WebTest" time="5.696" errors="0" timestamp="2022-10-20T08:35:36 UTC" skipped="0">
  <testcase classname="Tests.WebTest" name="testGoogleSearchUsingSelenoid" time="5.696"/>
  <system-out/>
</testsuite> <!-- Tests.WebTest -->
