<?xml version="1.0" encoding="UTF-8"?>
<!-- Generated by org.testng.reporters.JUnitReportReporter -->
<testsuite hostname="fv-az987-978" failures="0" tests="1" name="Tests.WebTest" time="3.299" errors="0" timestamp="2023-01-11T08:17:15 UTC" skipped="0">
  <testcase classname="Tests.WebTest" name="testGoogleSearchUsingSelenoid" time="3.299"/>
  <system-out/>
</testsuite> <!-- Tests.WebTest -->
