<?xml version="1.0" encoding="UTF-8"?>
<!-- Generated by org.testng.reporters.JUnitReportReporter -->
<testsuite hostname="fv-az442-882" failures="0" tests="1" name="Tests.WebTest" time="16.488" errors="0" timestamp="2023-03-09T08:26:52 UTC" skipped="0">
  <testcase classname="Tests.WebTest" name="testGoogleSearchUsingSelenoid" time="16.488"/>
  <system-out/>
</testsuite> <!-- Tests.WebTest -->
