<?xml version="1.0" encoding="UTF-8"?>
<!-- Generated by org.testng.reporters.JUnitReportReporter -->
<testsuite hostname="fv-az951-519" failures="0" tests="1" name="Tests.WebTest" time="4.511" errors="0" timestamp="2023-10-31T08:15:00 UTC" skipped="0">
  <testcase classname="Tests.WebTest" name="testGoogleSearchUsingSelenoid" time="4.511"/>
  <system-out/>
</testsuite> <!-- Tests.WebTest -->
