<?xml version="1.0" encoding="UTF-8"?>
<!-- Generated by org.testng.reporters.JUnitReportReporter -->
<testsuite hostname="fv-az749-887" failures="0" tests="1" name="Tests.WebTest" time="4.995" errors="0" timestamp="2022-12-19T08:24:36 UTC" skipped="0">
  <testcase classname="Tests.WebTest" name="testGoogleSearchUsingSelenoid" time="4.995"/>
  <system-out/>
</testsuite> <!-- Tests.WebTest -->
