<?xml version="1.0" encoding="UTF-8"?>
<!-- Generated by org.testng.reporters.JUnitReportReporter -->
<testsuite hostname="fv-az407-145" failures="0" tests="1" name="Tests.WebTest" time="3.076" errors="0" timestamp="2022-11-18T08:18:18 UTC" skipped="0">
  <testcase classname="Tests.WebTest" name="testGoogleSearchUsingSelenoid" time="3.076"/>
  <system-out/>
</testsuite> <!-- Tests.WebTest -->
