<?xml version="1.0" encoding="UTF-8"?>
<!-- Generated by org.testng.reporters.JUnitReportReporter -->
<testsuite hostname="fv-az247-234" failures="0" tests="1" name="Tests.WebTest" time="3.126" errors="0" timestamp="2023-02-21T08:17:04 UTC" skipped="0">
  <testcase classname="Tests.WebTest" name="testGoogleSearchUsingSelenoid" time="3.126"/>
  <system-out/>
</testsuite> <!-- Tests.WebTest -->
