<?xml version="1.0" encoding="UTF-8"?>
<!-- Generated by org.testng.reporters.JUnitReportReporter -->
<testsuite hostname="fv-az555-675" failures="0" tests="1" name="Tests.WebTest" time="5.992" errors="0" timestamp="2023-08-30T08:21:24 UTC" skipped="0">
  <testcase classname="Tests.WebTest" name="testGoogleSearchUsingSelenoid" time="5.992"/>
  <system-out/>
</testsuite> <!-- Tests.WebTest -->
