<?xml version="1.0" encoding="UTF-8"?>
<!-- Generated by org.testng.reporters.JUnitReportReporter -->
<testsuite hostname="fv-az216-369" failures="0" tests="1" name="Tests.WebTest" time="3.320" errors="0" timestamp="2023-08-08T08:14:20 UTC" skipped="0">
  <testcase classname="Tests.WebTest" name="testGoogleSearchUsingSelenoid" time="3.320"/>
  <system-out/>
</testsuite> <!-- Tests.WebTest -->
