<?xml version="1.0" encoding="UTF-8"?>
<!-- Generated by org.testng.reporters.JUnitReportReporter -->
<testsuite hostname="fv-az175-959" failures="0" tests="1" name="Tests.WebTest" time="16.948" errors="0" timestamp="2023-02-19T08:25:08 UTC" skipped="0">
  <testcase classname="Tests.WebTest" name="testGoogleSearchUsingSelenoid" time="16.948"/>
  <system-out/>
</testsuite> <!-- Tests.WebTest -->
