<?xml version="1.0" encoding="UTF-8"?>
<!-- Generated by org.testng.reporters.JUnitReportReporter -->
<testsuite hostname="fv-az198-447" failures="0" tests="1" name="Tests.WebTest" time="3.921" errors="0" timestamp="2022-11-09T08:21:40 UTC" skipped="0">
  <testcase classname="Tests.WebTest" name="testGoogleSearchUsingSelenoid" time="3.921"/>
  <system-out/>
</testsuite> <!-- Tests.WebTest -->
