<?xml version="1.0" encoding="UTF-8"?>
<!-- Generated by org.testng.reporters.JUnitReportReporter -->
<testsuite hostname="fv-az201-613" failures="0" tests="1" name="Tests.WebTest" time="8.988" errors="0" timestamp="2022-10-11T08:37:22 UTC" skipped="0">
  <testcase classname="Tests.WebTest" name="testGoogleSearchUsingSelenoid" time="8.988"/>
  <system-out/>
</testsuite> <!-- Tests.WebTest -->
