<?xml version="1.0" encoding="UTF-8"?>
<!-- Generated by org.testng.reporters.JUnitReportReporter -->
<testsuite hostname="fv-az216-543" failures="0" tests="1" name="Tests.WebTest" time="5.424" errors="0" timestamp="2023-09-21T08:22:16 UTC" skipped="0">
  <testcase classname="Tests.WebTest" name="testGoogleSearchUsingSelenoid" time="5.424"/>
  <system-out/>
</testsuite> <!-- Tests.WebTest -->
