<?xml version="1.0" encoding="UTF-8"?>
<!-- Generated by org.testng.reporters.JUnitReportReporter -->
<testsuite hostname="fv-az306-305" failures="0" tests="1" name="Tests.WebTest" time="3.158" errors="0" timestamp="2023-07-24T08:15:35 UTC" skipped="0">
  <testcase classname="Tests.WebTest" name="testGoogleSearchUsingSelenoid" time="3.158"/>
  <system-out/>
</testsuite> <!-- Tests.WebTest -->
