<?xml version="1.0" encoding="UTF-8"?>
<!-- Generated by org.testng.reporters.JUnitReportReporter -->
<testsuite hostname="fv-az445-586" failures="0" tests="1" name="Tests.WebTest" time="15.839" errors="0" timestamp="2023-06-21T08:21:43 UTC" skipped="0">
  <testcase classname="Tests.WebTest" name="testGoogleSearchUsingSelenoid" time="15.839"/>
  <system-out/>
</testsuite> <!-- Tests.WebTest -->
