<?xml version="1.0" encoding="UTF-8"?>
<!-- Generated by org.testng.reporters.JUnitReportReporter -->
<testsuite hostname="fv-az572-934" failures="0" tests="1" name="Tests.WebTest" time="14.424" errors="0" timestamp="2023-10-25T08:23:24 UTC" skipped="0">
  <testcase classname="Tests.WebTest" name="testGoogleSearchUsingSelenoid" time="14.424"/>
  <system-out/>
</testsuite> <!-- Tests.WebTest -->
