<?xml version="1.0" encoding="UTF-8"?>
<!-- Generated by org.testng.reporters.JUnitReportReporter -->
<testsuite hostname="fv-az1235-580" failures="0" tests="1" name="Tests.WebTest" time="3.186" errors="0" timestamp="2023-08-30T08:15:04 UTC" skipped="0">
  <testcase classname="Tests.WebTest" name="testGoogleSearchUsingSelenoid" time="3.186"/>
  <system-out/>
</testsuite> <!-- Tests.WebTest -->
