<?xml version="1.0" encoding="UTF-8"?>
<!-- Generated by org.testng.reporters.JUnitReportReporter -->
<testsuite hostname="fv-az502-728" failures="0" tests="1" name="Tests.WebTest" time="3.413" errors="0" timestamp="2023-09-19T08:15:14 UTC" skipped="0">
  <testcase classname="Tests.WebTest" name="testGoogleSearchUsingSelenoid" time="3.413"/>
  <system-out/>
</testsuite> <!-- Tests.WebTest -->
