<?xml version="1.0" encoding="UTF-8"?>
<!-- Generated by org.testng.reporters.JUnitReportReporter -->
<testsuite hostname="fv-az166-286" failures="0" tests="1" name="Tests.WebTest" time="5.840" errors="0" timestamp="2023-09-01T08:21:49 UTC" skipped="0">
  <testcase classname="Tests.WebTest" name="testGoogleSearchUsingSelenoid" time="5.840"/>
  <system-out/>
</testsuite> <!-- Tests.WebTest -->
