<?xml version="1.0" encoding="UTF-8"?>
<!-- Generated by org.testng.reporters.JUnitReportReporter -->
<testsuite hostname="fv-az265-23" failures="0" tests="1" name="Tests.WebTest" time="4.151" errors="0" timestamp="2022-09-21T08:26:14 UTC" skipped="0">
  <testcase classname="Tests.WebTest" name="testGoogleSearchUsingSelenoid" time="4.151"/>
  <system-out/>
</testsuite> <!-- Tests.WebTest -->
