<?xml version="1.0" encoding="UTF-8"?>
<!-- Generated by org.testng.reporters.JUnitReportReporter -->
<testsuite hostname="fv-az439-922" failures="0" tests="1" name="Tests.WebTest" time="3.989" errors="0" timestamp="2023-11-05T08:13:42 UTC" skipped="0">
  <testcase classname="Tests.WebTest" name="testGoogleSearchUsingSelenoid" time="3.989"/>
  <system-out/>
</testsuite> <!-- Tests.WebTest -->
