<?xml version="1.0" encoding="UTF-8"?>
<!-- Generated by org.testng.reporters.JUnitReportReporter -->
<testsuite hostname="fv-az364-572" failures="0" tests="1" name="Tests.WebTest" time="6.854" errors="0" timestamp="2023-07-06T08:26:01 UTC" skipped="0">
  <testcase classname="Tests.WebTest" name="testGoogleSearchUsingSelenoid" time="6.854"/>
  <system-out/>
</testsuite> <!-- Tests.WebTest -->
