<?xml version="1.0" encoding="UTF-8"?>
<!-- Generated by org.testng.reporters.JUnitReportReporter -->
<testsuite hostname="fv-az193-445" failures="0" tests="1" name="Tests.WebTest" time="2.999" errors="0" timestamp="2023-03-21T08:16:04 UTC" skipped="0">
  <testcase classname="Tests.WebTest" name="testGoogleSearchUsingSelenoid" time="2.999"/>
  <system-out/>
</testsuite> <!-- Tests.WebTest -->
