<?xml version="1.0" encoding="UTF-8"?>
<!-- Generated by org.testng.reporters.JUnitReportReporter -->
<testsuite hostname="fv-az296-660" failures="0" tests="1" name="Tests.WebTest" time="3.776" errors="0" timestamp="2022-10-02T09:30:53 UTC" skipped="0">
  <testcase classname="Tests.WebTest" name="testGoogleSearchUsingSelenoid" time="3.776"/>
  <system-out/>
</testsuite> <!-- Tests.WebTest -->
