<?xml version="1.0" encoding="UTF-8"?>
<!-- Generated by org.testng.reporters.JUnitReportReporter -->
<testsuite hostname="fv-az204-288" failures="0" tests="1" name="Tests.WebTest" time="3.252" errors="0" timestamp="2022-08-11T22:24:28 UTC" skipped="0">
  <testcase classname="Tests.WebTest" name="testGoogleSearchUsingSelenoid" time="3.252"/>
  <system-out/>
</testsuite> <!-- Tests.WebTest -->
