<?xml version="1.0" encoding="UTF-8"?>
<!-- Generated by org.testng.reporters.JUnitReportReporter -->
<testsuite hostname="fv-az438-55" failures="0" tests="1" name="Tests.WebTest" time="4.776" errors="0" timestamp="2023-01-02T08:24:48 UTC" skipped="0">
  <testcase classname="Tests.WebTest" name="testGoogleSearchUsingSelenoid" time="4.776"/>
  <system-out/>
</testsuite> <!-- Tests.WebTest -->
