<?xml version="1.0" encoding="UTF-8"?>
<!-- Generated by org.testng.reporters.JUnitReportReporter -->
<testsuite hostname="fv-az83-564" failures="0" tests="1" name="Tests.WebTest" time="4.359" errors="0" timestamp="2022-10-13T08:23:36 UTC" skipped="0">
  <testcase classname="Tests.WebTest" name="testGoogleSearchUsingSelenoid" time="4.359"/>
  <system-out/>
</testsuite> <!-- Tests.WebTest -->
