<?xml version="1.0" encoding="UTF-8"?>
<!-- Generated by org.testng.reporters.JUnitReportReporter -->
<testsuite hostname="fv-az191-852" failures="0" tests="1" name="Tests.WebTest" time="6.726" errors="0" timestamp="2022-11-03T08:32:09 UTC" skipped="0">
  <testcase classname="Tests.WebTest" name="testGoogleSearchUsingSelenoid" time="6.726"/>
  <system-out/>
</testsuite> <!-- Tests.WebTest -->
