<?xml version="1.0" encoding="UTF-8"?>
<!-- Generated by org.testng.reporters.JUnitReportReporter -->
<testsuite hostname="fv-az268-380" failures="0" tests="1" name="Tests.WebTest" time="3.742" errors="0" timestamp="2023-04-25T08:15:23 UTC" skipped="0">
  <testcase classname="Tests.WebTest" name="testGoogleSearchUsingSelenoid" time="3.742"/>
  <system-out/>
</testsuite> <!-- Tests.WebTest -->
