<?xml version="1.0" encoding="UTF-8"?>
<!-- Generated by org.testng.reporters.JUnitReportReporter -->
<testsuite hostname="fv-az616-890" failures="0" tests="1" name="Tests.WebTest" time="3.394" errors="0" timestamp="2023-03-16T08:25:21 UTC" skipped="0">
  <testcase classname="Tests.WebTest" name="testGoogleSearchUsingSelenoid" time="3.394"/>
  <system-out/>
</testsuite> <!-- Tests.WebTest -->
