<?xml version="1.0" encoding="UTF-8"?>
<!-- Generated by org.testng.reporters.JUnitReportReporter -->
<testsuite hostname="fv-az487-572" failures="0" tests="1" name="Tests.WebTest" time="3.245" errors="0" timestamp="2023-10-12T08:15:19 UTC" skipped="0">
  <testcase classname="Tests.WebTest" name="testGoogleSearchUsingSelenoid" time="3.245"/>
  <system-out/>
</testsuite> <!-- Tests.WebTest -->
