<?xml version="1.0" encoding="UTF-8"?>
<!-- Generated by org.testng.reporters.JUnitReportReporter -->
<testsuite hostname="fv-az622-302" failures="0" tests="1" name="Tests.WebTest" time="3.866" errors="0" timestamp="2023-06-06T08:14:31 UTC" skipped="0">
  <testcase classname="Tests.WebTest" name="testGoogleSearchUsingSelenoid" time="3.866"/>
  <system-out/>
</testsuite> <!-- Tests.WebTest -->
