<?xml version="1.0" encoding="UTF-8"?>
<!-- Generated by org.testng.reporters.JUnitReportReporter -->
<testsuite hostname="fv-az840-939" failures="0" tests="1" name="Tests.WebTest" time="8.491" errors="0" timestamp="2023-11-22T08:22:38 UTC" skipped="0">
  <testcase classname="Tests.WebTest" name="testGoogleSearchUsingSelenoid" time="8.491"/>
  <system-out/>
</testsuite> <!-- Tests.WebTest -->
