<?xml version="1.0" encoding="UTF-8"?>
<!-- Generated by org.testng.reporters.JUnitReportReporter -->
<testsuite hostname="fv-az163-754" failures="0" tests="1" name="Tests.WebTest" time="3.006" errors="0" timestamp="2022-10-26T08:20:28 UTC" skipped="0">
  <testcase classname="Tests.WebTest" name="testGoogleSearchUsingSelenoid" time="3.006"/>
  <system-out/>
</testsuite> <!-- Tests.WebTest -->
