<?xml version="1.0" encoding="UTF-8"?>
<!-- Generated by org.testng.reporters.JUnitReportReporter -->
<testsuite hostname="fv-az178-725" failures="0" tests="1" name="Tests.WebTest" time="3.888" errors="0" timestamp="2022-11-27T08:16:30 UTC" skipped="0">
  <testcase classname="Tests.WebTest" name="testGoogleSearchUsingSelenoid" time="3.888"/>
  <system-out/>
</testsuite> <!-- Tests.WebTest -->
