<?xml version="1.0" encoding="UTF-8"?>
<!-- Generated by org.testng.reporters.JUnitReportReporter -->
<testsuite hostname="fv-az792-653" failures="0" tests="1" name="Tests.WebTest" time="13.289" errors="0" timestamp="2023-06-17T08:20:56 UTC" skipped="0">
  <testcase classname="Tests.WebTest" name="testGoogleSearchUsingSelenoid" time="13.289"/>
  <system-out/>
</testsuite> <!-- Tests.WebTest -->
