<?xml version="1.0" encoding="UTF-8"?>
<!-- Generated by org.testng.reporters.JUnitReportReporter -->
<testsuite hostname="fv-az360-47" failures="0" tests="1" name="Tests.WebTest" time="5.711" errors="0" timestamp="2023-08-14T08:20:56 UTC" skipped="0">
  <testcase classname="Tests.WebTest" name="testGoogleSearchUsingSelenoid" time="5.711"/>
  <system-out/>
</testsuite> <!-- Tests.WebTest -->
