<?xml version="1.0" encoding="UTF-8"?>
<!-- Generated by org.testng.reporters.JUnitReportReporter -->
<testsuite hostname="fv-az251-586" failures="0" tests="1" name="Tests.WebTest" time="2.974" errors="0" timestamp="2022-12-02T08:16:12 UTC" skipped="0">
  <testcase classname="Tests.WebTest" name="testGoogleSearchUsingSelenoid" time="2.974"/>
  <system-out/>
</testsuite> <!-- Tests.WebTest -->
