<?xml version="1.0" encoding="UTF-8"?>
<!-- Generated by org.testng.reporters.JUnitReportReporter -->
<testsuite hostname="fv-az28-435" failures="0" tests="1" name="Tests.WebTest" time="3.085" errors="0" timestamp="2022-10-09T08:21:13 UTC" skipped="0">
  <testcase classname="Tests.WebTest" name="testGoogleSearchUsingSelenoid" time="3.085"/>
  <system-out/>
</testsuite> <!-- Tests.WebTest -->
