<?xml version="1.0" encoding="UTF-8"?>
<!-- Generated by org.testng.reporters.JUnitReportReporter -->
<testsuite hostname="fv-az487-439" failures="0" tests="1" name="Tests.WebTest" time="6.232" errors="0" timestamp="2023-02-14T08:26:36 UTC" skipped="0">
  <testcase classname="Tests.WebTest" name="testGoogleSearchUsingSelenoid" time="6.232"/>
  <system-out/>
</testsuite> <!-- Tests.WebTest -->
