<?xml version="1.0" encoding="UTF-8"?>
<!-- Generated by org.testng.reporters.JUnitReportReporter -->
<testsuite hostname="fv-az567-403" failures="0" tests="1" name="Tests.WebTest" time="4.481" errors="0" timestamp="2023-08-07T08:21:38 UTC" skipped="0">
  <testcase classname="Tests.WebTest" name="testGoogleSearchUsingSelenoid" time="4.481"/>
  <system-out/>
</testsuite> <!-- Tests.WebTest -->
