<?xml version="1.0" encoding="UTF-8"?>
<!-- Generated by org.testng.reporters.JUnitReportReporter -->
<testsuite hostname="fv-az318-654" failures="0" tests="1" name="Tests.WebTest" time="3.994" errors="0" timestamp="2022-11-04T08:21:31 UTC" skipped="0">
  <testcase classname="Tests.WebTest" name="testGoogleSearchUsingSelenoid" time="3.994"/>
  <system-out/>
</testsuite> <!-- Tests.WebTest -->
