<?xml version="1.0" encoding="UTF-8"?>
<!-- Generated by org.testng.reporters.JUnitReportReporter -->
<testsuite hostname="fv-az216-976" failures="0" tests="1" name="Tests.WebTest" time="3.270" errors="0" timestamp="2023-02-09T08:16:51 UTC" skipped="0">
  <testcase classname="Tests.WebTest" name="testGoogleSearchUsingSelenoid" time="3.270"/>
  <system-out/>
</testsuite> <!-- Tests.WebTest -->
