<?xml version="1.0" encoding="UTF-8"?>
<!-- Generated by org.testng.reporters.JUnitReportReporter -->
<testsuite hostname="fv-az795-243" failures="0" tests="1" name="Tests.WebTest" time="15.828" errors="0" timestamp="2023-09-26T08:23:20 UTC" skipped="0">
  <testcase classname="Tests.WebTest" name="testGoogleSearchUsingSelenoid" time="15.828"/>
  <system-out/>
</testsuite> <!-- Tests.WebTest -->
