<?xml version="1.0" encoding="UTF-8"?>
<!-- Generated by org.testng.reporters.JUnitReportReporter -->
<testsuite hostname="fv-az627-785" failures="0" tests="1" name="Tests.WebTest" time="2.958" errors="0" timestamp="2023-03-25T08:14:18 UTC" skipped="0">
  <testcase classname="Tests.WebTest" name="testGoogleSearchUsingSelenoid" time="2.958"/>
  <system-out/>
</testsuite> <!-- Tests.WebTest -->
