<?xml version="1.0" encoding="UTF-8"?>
<!-- Generated by org.testng.reporters.JUnitReportReporter -->
<testsuite hostname="fv-az401-645" failures="0" tests="1" name="Tests.WebTest" time="4.519" errors="0" timestamp="2022-11-24T08:26:58 UTC" skipped="0">
  <testcase classname="Tests.WebTest" name="testGoogleSearchUsingSelenoid" time="4.519"/>
  <system-out/>
</testsuite> <!-- Tests.WebTest -->
