<?xml version="1.0" encoding="UTF-8"?>
<!-- Generated by org.testng.reporters.JUnitReportReporter -->
<testsuite hostname="fv-az41-332" failures="0" tests="1" name="Tests.WebTest" time="3.319" errors="0" timestamp="2022-10-14T08:24:46 UTC" skipped="0">
  <testcase classname="Tests.WebTest" name="testGoogleSearchUsingSelenoid" time="3.319"/>
  <system-out/>
</testsuite> <!-- Tests.WebTest -->
