<?xml version="1.0" encoding="UTF-8"?>
<!-- Generated by org.testng.reporters.JUnitReportReporter -->
<testsuite hostname="fv-az447-90" failures="0" tests="1" name="Tests.WebTest" time="4.077" errors="0" timestamp="2022-10-18T08:29:48 UTC" skipped="0">
  <testcase classname="Tests.WebTest" name="testGoogleSearchUsingSelenoid" time="4.077"/>
  <system-out/>
</testsuite> <!-- Tests.WebTest -->
