<?xml version="1.0" encoding="UTF-8"?>
<!-- Generated by org.testng.reporters.JUnitReportReporter -->
<testsuite hostname="fv-az445-692" failures="0" tests="1" name="Tests.WebTest" time="3.535" errors="0" timestamp="2022-08-12T02:19:44 UTC" skipped="0">
  <testcase classname="Tests.WebTest" name="testGoogleSearchUsingSelenoid" time="3.535"/>
  <system-out/>
</testsuite> <!-- Tests.WebTest -->
