<?xml version="1.0" encoding="UTF-8"?>
<!-- Generated by org.testng.reporters.JUnitReportReporter -->
<testsuite hostname="fv-az290-338" failures="0" tests="1" name="Tests.WebTest" time="5.987" errors="0" timestamp="2022-09-08T08:19:14 UTC" skipped="0">
  <testcase classname="Tests.WebTest" name="testGoogleSearchUsingSelenoid" time="5.987"/>
  <system-out/>
</testsuite> <!-- Tests.WebTest -->
