<?xml version="1.0" encoding="UTF-8"?>
<!-- Generated by org.testng.reporters.JUnitReportReporter -->
<testsuite hostname="fv-az301-548" failures="0" tests="1" name="Tests.WebTest" time="5.617" errors="0" timestamp="2023-03-12T08:23:07 UTC" skipped="0">
  <testcase classname="Tests.WebTest" name="testGoogleSearchUsingSelenoid" time="5.617"/>
  <system-out/>
</testsuite> <!-- Tests.WebTest -->
