<?xml version="1.0" encoding="UTF-8"?>
<!-- Generated by org.testng.reporters.JUnitReportReporter -->
<testsuite hostname="fv-az442-567" failures="0" tests="1" name="Tests.WebTest" time="4.187" errors="0" timestamp="2023-01-25T08:24:32 UTC" skipped="0">
  <testcase classname="Tests.WebTest" name="testGoogleSearchUsingSelenoid" time="4.187"/>
  <system-out/>
</testsuite> <!-- Tests.WebTest -->
