<?xml version="1.0" encoding="UTF-8"?>
<!-- Generated by org.testng.reporters.JUnitReportReporter -->
<testsuite hostname="fv-az449-777" failures="0" tests="1" name="Tests.WebTest" time="3.752" errors="0" timestamp="2023-05-21T08:13:50 UTC" skipped="0">
  <testcase classname="Tests.WebTest" name="testGoogleSearchUsingSelenoid" time="3.752"/>
  <system-out/>
</testsuite> <!-- Tests.WebTest -->
