<?xml version="1.0" encoding="UTF-8"?>
<!-- Generated by org.testng.reporters.JUnitReportReporter -->
<testsuite hostname="fv-az567-152" failures="0" tests="1" name="Tests.WebTest" time="3.548" errors="0" timestamp="2023-01-24T08:16:17 UTC" skipped="0">
  <testcase classname="Tests.WebTest" name="testGoogleSearchUsingSelenoid" time="3.548"/>
  <system-out/>
</testsuite> <!-- Tests.WebTest -->
