<?xml version="1.0" encoding="UTF-8"?>
<!-- Generated by org.testng.reporters.JUnitReportReporter -->
<testsuite hostname="fv-az275-214" failures="0" tests="1" name="Tests.WebTest" time="5.050" errors="0" timestamp="2022-11-09T08:31:45 UTC" skipped="0">
  <testcase classname="Tests.WebTest" name="testGoogleSearchUsingSelenoid" time="5.050"/>
  <system-out/>
</testsuite> <!-- Tests.WebTest -->
