<?xml version="1.0" encoding="UTF-8"?>
<!-- Generated by org.testng.reporters.JUnitReportReporter -->
<testsuite hostname="fv-az178-704" failures="0" tests="1" name="Tests.WebTest" time="18.361" errors="0" timestamp="2023-07-30T08:20:13 UTC" skipped="0">
  <testcase classname="Tests.WebTest" name="testGoogleSearchUsingSelenoid" time="18.361"/>
  <system-out/>
</testsuite> <!-- Tests.WebTest -->
