<?xml version="1.0" encoding="UTF-8"?>
<!-- Generated by org.testng.reporters.JUnitReportReporter -->
<testsuite hostname="fv-az349-395" failures="0" tests="1" name="Tests.WebTest" time="5.368" errors="0" timestamp="2023-09-28T08:22:06 UTC" skipped="0">
  <testcase classname="Tests.WebTest" name="testGoogleSearchUsingSelenoid" time="5.368"/>
  <system-out/>
</testsuite> <!-- Tests.WebTest -->
