<?xml version="1.0" encoding="UTF-8"?>
<!-- Generated by org.testng.reporters.JUnitReportReporter -->
<testsuite hostname="fv-az561-501" failures="0" tests="1" name="Tests.WebTest" time="7.563" errors="0" timestamp="2023-05-04T08:22:15 UTC" skipped="0">
  <testcase classname="Tests.WebTest" name="testGoogleSearchUsingSelenoid" time="7.563"/>
  <system-out/>
</testsuite> <!-- Tests.WebTest -->
