<?xml version="1.0" encoding="UTF-8"?>
<!-- Generated by org.testng.reporters.JUnitReportReporter -->
<testsuite hostname="fv-az213-823" failures="0" tests="1" name="Tests.WebTest" time="2.993" errors="0" timestamp="2022-09-14T08:20:01 UTC" skipped="0">
  <testcase classname="Tests.WebTest" name="testGoogleSearchUsingSelenoid" time="2.993"/>
  <system-out/>
</testsuite> <!-- Tests.WebTest -->
