<?xml version="1.0" encoding="UTF-8"?>
<!-- Generated by org.testng.reporters.JUnitReportReporter -->
<testsuite hostname="fv-az1149-966" failures="0" tests="1" name="Tests.WebTest" time="2.931" errors="0" timestamp="2023-11-11T08:13:31 UTC" skipped="0">
  <testcase classname="Tests.WebTest" name="testGoogleSearchUsingSelenoid" time="2.931"/>
  <system-out/>
</testsuite> <!-- Tests.WebTest -->
