<?xml version="1.0" encoding="UTF-8"?>
<!-- Generated by org.testng.reporters.JUnitReportReporter -->
<testsuite hostname="fv-az337-488" failures="0" tests="1" name="Tests.WebTest" time="2.873" errors="0" timestamp="2023-01-14T08:15:15 UTC" skipped="0">
  <testcase classname="Tests.WebTest" name="testGoogleSearchUsingSelenoid" time="2.873"/>
  <system-out/>
</testsuite> <!-- Tests.WebTest -->
