<?xml version="1.0" encoding="UTF-8"?>
<!-- Generated by org.testng.reporters.JUnitReportReporter -->
<testsuite hostname="fv-az560-256" failures="0" tests="1" name="Tests.WebTest" time="5.178" errors="0" timestamp="2023-02-02T08:24:53 UTC" skipped="0">
  <testcase classname="Tests.WebTest" name="testGoogleSearchUsingSelenoid" time="5.178"/>
  <system-out/>
</testsuite> <!-- Tests.WebTest -->
