<?xml version="1.0" encoding="UTF-8"?>
<!-- Generated by org.testng.reporters.JUnitReportReporter -->
<testsuite hostname="fv-az417-961" failures="0" tests="1" name="Tests.WebTest" time="3.727" errors="0" timestamp="2023-08-04T08:14:16 UTC" skipped="0">
  <testcase classname="Tests.WebTest" name="testGoogleSearchUsingSelenoid" time="3.727"/>
  <system-out/>
</testsuite> <!-- Tests.WebTest -->
