<?xml version="1.0" encoding="UTF-8"?>
<!-- Generated by org.testng.reporters.JUnitReportReporter -->
<testsuite hostname="fv-az72-389" failures="0" tests="1" name="Tests.WebTest" time="2.955" errors="0" timestamp="2022-10-19T08:31:27 UTC" skipped="0">
  <testcase classname="Tests.WebTest" name="testGoogleSearchUsingSelenoid" time="2.955"/>
  <system-out/>
</testsuite> <!-- Tests.WebTest -->
