<?xml version="1.0" encoding="UTF-8"?>
<!-- Generated by org.testng.reporters.JUnitReportReporter -->
<testsuite hostname="fv-az177-813" failures="0" tests="1" name="Tests.WebTest" time="16.583" errors="0" timestamp="2022-10-25T08:42:22 UTC" skipped="0">
  <testcase classname="Tests.WebTest" name="testGoogleSearchUsingSelenoid" time="16.583"/>
  <system-out/>
</testsuite> <!-- Tests.WebTest -->
