<?xml version="1.0" encoding="UTF-8"?>
<!-- Generated by org.testng.reporters.JUnitReportReporter -->
<testsuite hostname="fv-az397-76" failures="0" tests="1" name="Tests.WebTest" time="12.688" errors="0" timestamp="2023-06-03T08:20:30 UTC" skipped="0">
  <testcase classname="Tests.WebTest" name="testGoogleSearchUsingSelenoid" time="12.688"/>
  <system-out/>
</testsuite> <!-- Tests.WebTest -->
