<?xml version="1.0" encoding="UTF-8"?>
<!-- Generated by org.testng.reporters.JUnitReportReporter -->
<testsuite hostname="fv-az443-829" failures="0" tests="1" name="Tests.WebTest" time="7.834" errors="0" timestamp="2022-10-24T08:44:04 UTC" skipped="0">
  <testcase classname="Tests.WebTest" name="testGoogleSearchUsingSelenoid" time="7.834"/>
  <system-out/>
</testsuite> <!-- Tests.WebTest -->
