<?xml version="1.0" encoding="UTF-8"?>
<!-- Generated by org.testng.reporters.JUnitReportReporter -->
<testsuite hostname="fv-az255-111" failures="0" tests="1" name="Tests.WebTest" time="4.429" errors="0" timestamp="2023-09-27T06:31:49 UTC" skipped="0">
  <testcase classname="Tests.WebTest" name="testGoogleSearchUsingSelenoid" time="4.429"/>
  <system-out/>
</testsuite> <!-- Tests.WebTest -->
