<?xml version="1.0" encoding="UTF-8"?>
<!-- Generated by org.testng.reporters.JUnitReportReporter -->
<testsuite hostname="fv-az256-268" failures="0" tests="1" name="Tests.WebTest" time="4.725" errors="0" timestamp="2023-11-01T08:15:11 UTC" skipped="0">
  <testcase classname="Tests.WebTest" name="testGoogleSearchUsingSelenoid" time="4.725"/>
  <system-out/>
</testsuite> <!-- Tests.WebTest -->
