<?xml version="1.0" encoding="UTF-8"?>
<!-- Generated by org.testng.reporters.JUnitReportReporter -->
<testsuite hostname="fv-az413-694" failures="0" tests="1" name="Tests.WebTest" time="17.203" errors="0" timestamp="2023-02-21T08:25:54 UTC" skipped="0">
  <testcase classname="Tests.WebTest" name="testGoogleSearchUsingSelenoid" time="17.203"/>
  <system-out/>
</testsuite> <!-- Tests.WebTest -->
