<?xml version="1.0" encoding="UTF-8"?>
<!-- Generated by org.testng.reporters.JUnitReportReporter -->
<testsuite hostname="fv-az484-605" failures="0" tests="1" name="Tests.WebTest" time="3.163" errors="0" timestamp="2023-04-16T08:13:49 UTC" skipped="0">
  <testcase classname="Tests.WebTest" name="testGoogleSearchUsingSelenoid" time="3.163"/>
  <system-out/>
</testsuite> <!-- Tests.WebTest -->
