<?xml version="1.0" encoding="UTF-8"?>
<!-- Generated by org.testng.reporters.JUnitReportReporter -->
<testsuite hostname="fv-az1501-928" failures="0" tests="1" name="Tests.WebTest" time="16.006" errors="0" timestamp="2023-11-09T08:21:54 UTC" skipped="0">
  <testcase classname="Tests.WebTest" name="testGoogleSearchUsingSelenoid" time="16.006"/>
  <system-out/>
</testsuite> <!-- Tests.WebTest -->
