<?xml version="1.0" encoding="UTF-8"?>
<!-- Generated by org.testng.reporters.JUnitReportReporter -->
<testsuite hostname="fv-az589-216" failures="0" tests="1" name="Tests.WebTest" time="3.009" errors="0" timestamp="2022-12-03T08:15:41 UTC" skipped="0">
  <testcase classname="Tests.WebTest" name="testGoogleSearchUsingSelenoid" time="3.009"/>
  <system-out/>
</testsuite> <!-- Tests.WebTest -->
