<?xml version="1.0" encoding="UTF-8"?>
<!-- Generated by org.testng.reporters.JUnitReportReporter -->
<testsuite hostname="fv-az318-219" failures="0" tests="1" name="Tests.WebTest" time="16.241" errors="0" timestamp="2022-10-31T08:36:23 UTC" skipped="0">
  <testcase classname="Tests.WebTest" name="testGoogleSearchUsingSelenoid" time="16.241"/>
  <system-out/>
</testsuite> <!-- Tests.WebTest -->
