<?xml version="1.0" encoding="UTF-8"?>
<!-- Generated by org.testng.reporters.JUnitReportReporter -->
<testsuite hostname="fv-az341-759" failures="0" tests="1" name="Tests.WebTest" time="13.037" errors="0" timestamp="2023-10-20T08:22:05 UTC" skipped="0">
  <testcase classname="Tests.WebTest" name="testGoogleSearchUsingSelenoid" time="13.037"/>
  <system-out/>
</testsuite> <!-- Tests.WebTest -->
