<?xml version="1.0" encoding="UTF-8"?>
<!-- Generated by org.testng.reporters.JUnitReportReporter -->
<testsuite hostname="fv-az803-386" failures="0" tests="1" name="Tests.WebTest" time="17.427" errors="0" timestamp="2023-08-26T08:20:00 UTC" skipped="0">
  <testcase classname="Tests.WebTest" name="testGoogleSearchUsingSelenoid" time="17.427"/>
  <system-out/>
</testsuite> <!-- Tests.WebTest -->
