<?xml version="1.0" encoding="UTF-8"?>
<!-- Generated by org.testng.reporters.JUnitReportReporter -->
<testsuite hostname="fv-az74-880" failures="0" tests="1" name="Tests.WebTest" time="3.614" errors="0" timestamp="2022-08-24T12:03:08 UTC" skipped="0">
  <testcase classname="Tests.WebTest" name="testGoogleSearchUsingSelenoid" time="3.614"/>
  <system-out/>
</testsuite> <!-- Tests.WebTest -->
