<?xml version="1.0" encoding="UTF-8"?>
<!-- Generated by org.testng.reporters.JUnitReportReporter -->
<testsuite hostname="fv-az550-541" failures="0" tests="1" name="Tests.WebTest" time="15.946" errors="0" timestamp="2023-01-19T08:25:46 UTC" skipped="0">
  <testcase classname="Tests.WebTest" name="testGoogleSearchUsingSelenoid" time="15.946"/>
  <system-out/>
</testsuite> <!-- Tests.WebTest -->
