<?xml version="1.0" encoding="UTF-8"?>
<!-- Generated by org.testng.reporters.JUnitReportReporter -->
<testsuite hostname="fv-az555-130" failures="0" tests="1" name="Tests.WebTest" time="7.304" errors="0" timestamp="2022-12-06T08:25:31 UTC" skipped="0">
  <testcase classname="Tests.WebTest" name="testGoogleSearchUsingSelenoid" time="7.304"/>
  <system-out/>
</testsuite> <!-- Tests.WebTest -->
