<?xml version="1.0" encoding="UTF-8"?>
<!-- Generated by org.testng.reporters.JUnitReportReporter -->
<testsuite hostname="fv-az453-280" failures="0" tests="1" name="Tests.WebTest" time="3.980" errors="0" timestamp="2022-10-22T08:23:01 UTC" skipped="0">
  <testcase classname="Tests.WebTest" name="testGoogleSearchUsingSelenoid" time="3.980"/>
  <system-out/>
</testsuite> <!-- Tests.WebTest -->
