<?xml version="1.0" encoding="UTF-8"?>
<!-- Generated by org.testng.reporters.JUnitReportReporter -->
<testsuite hostname="fv-az392-575" failures="0" tests="1" name="Tests.WebTest" time="14.927" errors="0" timestamp="2023-06-06T08:22:02 UTC" skipped="0">
  <testcase classname="Tests.WebTest" name="testGoogleSearchUsingSelenoid" time="14.927"/>
  <system-out/>
</testsuite> <!-- Tests.WebTest -->
