<?xml version="1.0" encoding="UTF-8"?>
<!-- Generated by org.testng.reporters.JUnitReportReporter -->
<testsuite hostname="fv-az190-628" failures="0" tests="1" name="Tests.WebTest" time="3.109" errors="0" timestamp="2022-11-16T08:20:50 UTC" skipped="0">
  <testcase classname="Tests.WebTest" name="testGoogleSearchUsingSelenoid" time="3.109"/>
  <system-out/>
</testsuite> <!-- Tests.WebTest -->
