<?xml version="1.0" encoding="UTF-8"?>
<!-- Generated by org.testng.reporters.JUnitReportReporter -->
<testsuite hostname="fv-az573-352" failures="0" tests="1" name="Tests.WebTest" time="3.068" errors="0" timestamp="2023-04-19T08:15:13 UTC" skipped="0">
  <testcase classname="Tests.WebTest" name="testGoogleSearchUsingSelenoid" time="3.068"/>
  <system-out/>
</testsuite> <!-- Tests.WebTest -->
