<?xml version="1.0" encoding="UTF-8"?>
<!-- Generated by org.testng.reporters.JUnitReportReporter -->
<testsuite hostname="fv-az589-201" failures="0" tests="1" name="Tests.WebTest" time="3.294" errors="0" timestamp="2023-06-26T08:21:10 UTC" skipped="0">
  <testcase classname="Tests.WebTest" name="testGoogleSearchUsingSelenoid" time="3.294"/>
  <system-out/>
</testsuite> <!-- Tests.WebTest -->
