<?xml version="1.0" encoding="UTF-8"?>
<!-- Generated by org.testng.reporters.JUnitReportReporter -->
<testsuite hostname="fv-az477-330" failures="0" tests="1" name="Tests.WebTest" time="3.145" errors="0" timestamp="2023-09-03T08:13:14 UTC" skipped="0">
  <testcase classname="Tests.WebTest" name="testGoogleSearchUsingSelenoid" time="3.145"/>
  <system-out/>
</testsuite> <!-- Tests.WebTest -->
