<?xml version="1.0" encoding="UTF-8"?>
<!-- Generated by org.testng.reporters.JUnitReportReporter -->
<testsuite hostname="fv-az252-977" failures="0" tests="1" name="Tests.WebTest" time="4.044" errors="0" timestamp="2022-11-06T08:18:36 UTC" skipped="0">
  <testcase classname="Tests.WebTest" name="testGoogleSearchUsingSelenoid" time="4.044"/>
  <system-out/>
</testsuite> <!-- Tests.WebTest -->
