<?xml version="1.0" encoding="UTF-8"?>
<!-- Generated by org.testng.reporters.JUnitReportReporter -->
<testsuite hostname="fv-az359-862" failures="0" tests="1" name="Tests.WebTest" time="3.226" errors="0" timestamp="2023-06-28T08:17:02 UTC" skipped="0">
  <testcase classname="Tests.WebTest" name="testGoogleSearchUsingSelenoid" time="3.226"/>
  <system-out/>
</testsuite> <!-- Tests.WebTest -->
