<?xml version="1.0" encoding="UTF-8"?>
<!-- Generated by org.testng.reporters.JUnitReportReporter -->
<testsuite hostname="fv-az360-9" failures="0" tests="1" name="Tests.WebTest" time="3.712" errors="0" timestamp="2022-12-05T08:17:25 UTC" skipped="0">
  <testcase classname="Tests.WebTest" name="testGoogleSearchUsingSelenoid" time="3.712"/>
  <system-out/>
</testsuite> <!-- Tests.WebTest -->
