<?xml version="1.0" encoding="UTF-8"?>
<!-- Generated by org.testng.reporters.JUnitReportReporter -->
<testsuite hostname="fv-az583-141" failures="0" tests="1" name="Tests.WebTest" time="2.948" errors="0" timestamp="2023-01-31T08:16:31 UTC" skipped="0">
  <testcase classname="Tests.WebTest" name="testGoogleSearchUsingSelenoid" time="2.948"/>
  <system-out/>
</testsuite> <!-- Tests.WebTest -->
