<?xml version="1.0" encoding="UTF-8"?>
<!-- Generated by org.testng.reporters.JUnitReportReporter -->
<testsuite hostname="fv-az887-622" failures="0" tests="1" name="Tests.WebTest" time="3.687" errors="0" timestamp="2023-08-02T08:14:21 UTC" skipped="0">
  <testcase classname="Tests.WebTest" name="testGoogleSearchUsingSelenoid" time="3.687"/>
  <system-out/>
</testsuite> <!-- Tests.WebTest -->
