<?xml version="1.0" encoding="UTF-8"?>
<!-- Generated by org.testng.reporters.JUnitReportReporter -->
<testsuite hostname="fv-az278-307" failures="0" tests="1" name="Tests.WebTest" time="3.268" errors="0" timestamp="2022-08-11T06:18:38 UTC" skipped="0">
  <testcase classname="Tests.WebTest" name="testGoogleSearchUsingSelenoid" time="3.268"/>
  <system-out/>
</testsuite> <!-- Tests.WebTest -->
