<?xml version="1.0" encoding="UTF-8"?>
<!-- Generated by org.testng.reporters.JUnitReportReporter -->
<testsuite hostname="fv-az412-543" failures="0" tests="1" name="Tests.WebTest" time="5.594" errors="0" timestamp="2023-06-29T08:25:58 UTC" skipped="0">
  <testcase classname="Tests.WebTest" name="testGoogleSearchUsingSelenoid" time="5.594"/>
  <system-out/>
</testsuite> <!-- Tests.WebTest -->
