<?xml version="1.0" encoding="UTF-8"?>
<!-- Generated by org.testng.reporters.JUnitReportReporter -->
<testsuite skipped="0" hostname="in-sriramku.local" name="Tests.DriverTestNGTest" tests="1" failures="0" timestamp="04 Apr 2019 05:44:22 GMT" time="5.623" errors="0">
  <testcase name="f" time="5.623" classname="Tests.DriverTestNGTest"/>
</testsuite> <!-- Tests.DriverTestNGTest -->
