<?xml version="1.0" encoding="UTF-8"?>
<!-- Generated by org.testng.reporters.JUnitReportReporter -->
<testsuite hostname="fv-az410-372" failures="0" tests="1" name="Tests.WebTest" time="3.926" errors="0" timestamp="2023-09-11T08:22:19 UTC" skipped="0">
  <testcase classname="Tests.WebTest" name="testGoogleSearchUsingSelenoid" time="3.926"/>
  <system-out/>
</testsuite> <!-- Tests.WebTest -->
