<?xml version="1.0" encoding="UTF-8"?>
<!-- Generated by org.testng.reporters.JUnitReportReporter -->
<testsuite skipped="0" hostname="OF011DT3NSMD6NI" name="SeleniumStandalone.SampleTest" tests="1" failures="0" timestamp="2022-07-30T12:00:33 IST" time="28.825" errors="0">
  <testcase name="setup" time="28.825" classname="SeleniumStandalone.SampleTest"/>
  <system-out/>
</testsuite> <!-- SeleniumStandalone.SampleTest -->
