<?xml version="1.0" encoding="UTF-8"?>
<!-- Generated by org.testng.reporters.JUnitReportReporter -->
<testsuite hostname="fv-az613-609" failures="0" tests="1" name="Tests.WebTest" time="8.595" errors="0" timestamp="2023-01-04T08:24:21 UTC" skipped="0">
  <testcase classname="Tests.WebTest" name="testGoogleSearchUsingSelenoid" time="8.595"/>
  <system-out/>
</testsuite> <!-- Tests.WebTest -->
