<?xml version="1.0" encoding="UTF-8"?>
<!-- Generated by org.testng.reporters.JUnitReportReporter -->
<testsuite hostname="fv-az575-595" failures="0" tests="1" name="Tests.WebTest" time="18.391" errors="0" timestamp="2023-06-25T08:24:13 UTC" skipped="0">
  <testcase classname="Tests.WebTest" name="testGoogleSearchUsingSelenoid" time="18.391"/>
  <system-out/>
</testsuite> <!-- Tests.WebTest -->
