<?xml version="1.0" encoding="UTF-8"?>
<!-- Generated by org.testng.reporters.JUnitReportReporter -->
<testsuite hostname="fv-az245-61" failures="0" tests="1" name="Tests.WebTest" time="3.482" errors="0" timestamp="2022-10-11T08:26:23 UTC" skipped="0">
  <testcase classname="Tests.WebTest" name="testGoogleSearchUsingSelenoid" time="3.482"/>
  <system-out/>
</testsuite> <!-- Tests.WebTest -->
