<?xml version="1.0" encoding="UTF-8"?>
<!-- Generated by org.testng.reporters.JUnitReportReporter -->
<testsuite hostname="fv-az370-321" failures="0" tests="1" name="Tests.WebTest" time="3.455" errors="0" timestamp="2023-02-01T08:16:14 UTC" skipped="0">
  <testcase classname="Tests.WebTest" name="testGoogleSearchUsingSelenoid" time="3.455"/>
  <system-out/>
</testsuite> <!-- Tests.WebTest -->
