<?xml version="1.0" encoding="UTF-8"?>
<!-- Generated by org.testng.reporters.JUnitReportReporter -->
<testsuite hostname="fv-az171-611" failures="0" tests="1" name="Tests.WebTest" time="6.783" errors="0" timestamp="2022-11-20T08:27:01 UTC" skipped="0">
  <testcase classname="Tests.WebTest" name="testGoogleSearchUsingSelenoid" time="6.783"/>
  <system-out/>
</testsuite> <!-- Tests.WebTest -->
