<?xml version="1.0" encoding="UTF-8"?>
<!-- Generated by org.testng.reporters.JUnitReportReporter -->
<testsuite hostname="fv-az565-364" failures="0" tests="1" name="Tests.WebTest" time="3.734" errors="0" timestamp="2022-12-20T08:16:20 UTC" skipped="0">
  <testcase classname="Tests.WebTest" name="testGoogleSearchUsingSelenoid" time="3.734"/>
  <system-out/>
</testsuite> <!-- Tests.WebTest -->
