<?xml version="1.0" encoding="UTF-8"?>
<!-- Generated by org.testng.reporters.JUnitReportReporter -->
<testsuite hostname="fv-az77-846" failures="0" tests="1" name="Tests.WebTest" time="5.179" errors="0" timestamp="2022-10-22T08:35:25 UTC" skipped="0">
  <testcase classname="Tests.WebTest" name="testGoogleSearchUsingSelenoid" time="5.179"/>
  <system-out/>
</testsuite> <!-- Tests.WebTest -->
