<?xml version="1.0" encoding="UTF-8"?>
<!-- Generated by org.testng.reporters.JUnitReportReporter -->
<testsuite hostname="fv-az562-529" failures="0" tests="1" name="Tests.WebTest" time="3.827" errors="0" timestamp="2023-07-22T08:13:15 UTC" skipped="0">
  <testcase classname="Tests.WebTest" name="testGoogleSearchUsingSelenoid" time="3.827"/>
  <system-out/>
</testsuite> <!-- Tests.WebTest -->
