<?xml version="1.0" encoding="UTF-8"?>
<!-- Generated by org.testng.reporters.JUnitReportReporter -->
<testsuite hostname="fv-az552-167" failures="0" tests="1" name="Tests.WebTest" time="5.267" errors="0" timestamp="2023-02-10T08:25:11 UTC" skipped="0">
  <testcase classname="Tests.WebTest" name="testGoogleSearchUsingSelenoid" time="5.267"/>
  <system-out/>
</testsuite> <!-- Tests.WebTest -->
