<?xml version="1.0" encoding="UTF-8"?>
<!-- Generated by org.testng.reporters.JUnitReportReporter -->
<testsuite hostname="fv-az455-679" failures="0" tests="1" name="Tests.WebTest" time="5.537" errors="0" timestamp="2023-03-11T08:23:44 UTC" skipped="0">
  <testcase classname="Tests.WebTest" name="testGoogleSearchUsingSelenoid" time="5.537"/>
  <system-out/>
</testsuite> <!-- Tests.WebTest -->
