<?xml version="1.0" encoding="UTF-8"?>
<!-- Generated by org.testng.reporters.JUnitReportReporter -->
<testsuite hostname="fv-az162-904" failures="0" tests="1" name="Tests.WebTest" time="6.796" errors="0" timestamp="2023-08-27T08:19:09 UTC" skipped="0">
  <testcase classname="Tests.WebTest" name="testGoogleSearchUsingSelenoid" time="6.796"/>
  <system-out/>
</testsuite> <!-- Tests.WebTest -->
