<?xml version="1.0" encoding="UTF-8"?>
<!-- Generated by org.testng.reporters.JUnitReportReporter -->
<testsuite hostname="fv-az335-106" failures="0" tests="1" name="Tests.WebTest" time="7.657" errors="0" timestamp="2022-09-14T08:31:53 UTC" skipped="0">
  <testcase classname="Tests.WebTest" name="testGoogleSearchUsingSelenoid" time="7.657"/>
  <system-out/>
</testsuite> <!-- Tests.WebTest -->
