<?xml version="1.0" encoding="UTF-8"?>
<!-- Generated by org.testng.reporters.JUnitReportReporter -->
<testsuite hostname="fv-az589-969" failures="0" tests="1" name="Tests.WebTest" time="6.710" errors="0" timestamp="2022-12-21T08:24:45 UTC" skipped="0">
  <testcase classname="Tests.WebTest" name="testGoogleSearchUsingSelenoid" time="6.710"/>
  <system-out/>
</testsuite> <!-- Tests.WebTest -->
