<?xml version="1.0" encoding="UTF-8"?>
<!-- Generated by org.testng.reporters.JUnitReportReporter -->
<testsuite hostname="fv-az578-307" failures="0" tests="1" name="Tests.WebTest" time="18.476" errors="0" timestamp="2023-07-05T08:27:00 UTC" skipped="0">
  <testcase classname="Tests.WebTest" name="testGoogleSearchUsingSelenoid" time="18.476"/>
  <system-out/>
</testsuite> <!-- Tests.WebTest -->
