<?xml version="1.0" encoding="UTF-8"?>
<!-- Generated by org.testng.reporters.JUnitReportReporter -->
<testsuite hostname="fv-az450-511" failures="0" tests="1" name="Tests.WebTest" time="3.706" errors="0" timestamp="2023-09-09T08:13:14 UTC" skipped="0">
  <testcase classname="Tests.WebTest" name="testGoogleSearchUsingSelenoid" time="3.706"/>
  <system-out/>
</testsuite> <!-- Tests.WebTest -->
