<?xml version="1.0" encoding="UTF-8"?>
<!-- Generated by org.testng.reporters.JUnitReportReporter -->
<testsuite hostname="fv-az395-180" failures="0" tests="1" name="Tests.WebTest" time="4.322" errors="0" timestamp="2023-05-28T08:20:09 UTC" skipped="0">
  <testcase classname="Tests.WebTest" name="testGoogleSearchUsingSelenoid" time="4.322"/>
  <system-out/>
</testsuite> <!-- Tests.WebTest -->
