<?xml version="1.0" encoding="UTF-8"?>
<!-- Generated by org.testng.reporters.JUnitReportReporter -->
<testsuite hostname="fv-az267-689" failures="0" tests="1" name="Tests.WebTest" time="3.779" errors="0" timestamp="2023-10-14T08:13:37 UTC" skipped="0">
  <testcase classname="Tests.WebTest" name="testGoogleSearchUsingSelenoid" time="3.779"/>
  <system-out/>
</testsuite> <!-- Tests.WebTest -->
