<?xml version="1.0" encoding="UTF-8"?>
<!-- Generated by org.testng.reporters.JUnitReportReporter -->
<testsuite hostname="fv-az171-119" failures="0" tests="1" name="Tests.WebTest" time="18.281" errors="0" timestamp="2022-12-16T08:23:47 UTC" skipped="0">
  <testcase classname="Tests.WebTest" name="testGoogleSearchUsingSelenoid" time="18.281"/>
  <system-out/>
</testsuite> <!-- Tests.WebTest -->
