<?xml version="1.0" encoding="UTF-8"?>
<!-- Generated by org.testng.reporters.JUnitReportReporter -->
<testsuite hostname="fv-az562-32" failures="0" tests="1" name="Tests.WebTest" time="4.976" errors="0" timestamp="2023-04-29T08:20:34 UTC" skipped="0">
  <testcase classname="Tests.WebTest" name="testGoogleSearchUsingSelenoid" time="4.976"/>
  <system-out/>
</testsuite> <!-- Tests.WebTest -->
