<?xml version="1.0" encoding="UTF-8"?>
<!-- Generated by org.testng.reporters.JUnitReportReporter -->
<testsuite hostname="fv-az132-946" failures="0" tests="1" name="Tests.WebTest" time="3.149" errors="0" timestamp="2022-08-13T07:23:19 UTC" skipped="0">
  <testcase classname="Tests.WebTest" name="testGoogleSearchUsingSelenoid" time="3.149"/>
  <system-out/>
</testsuite> <!-- Tests.WebTest -->
