<?xml version="1.0" encoding="UTF-8"?>
<!-- Generated by org.testng.reporters.JUnitReportReporter -->
<testsuite skipped="0" hostname="OF011DT3NSMD6NI" name="SeleniumGridBrowserOptions.Two" tests="1" failures="0" timestamp="2022-01-30T11:07:30 CST" time="11.253" errors="0">
  <testcase name="testTwo" time="11.253" classname="SeleniumGridBrowserOptions.Two"/>
  <system-out/>
</testsuite> <!-- SeleniumGridBrowserOptions.Two -->
