<?xml version="1.0" encoding="UTF-8"?>
<!-- Generated by org.testng.reporters.JUnitReportReporter -->
<testsuite hostname="fv-az168-342" failures="0" tests="1" name="Tests.WebTest" time="6.121" errors="0" timestamp="2022-12-25T08:22:50 UTC" skipped="0">
  <testcase classname="Tests.WebTest" name="testGoogleSearchUsingSelenoid" time="6.121"/>
  <system-out/>
</testsuite> <!-- Tests.WebTest -->
