<?xml version="1.0" encoding="UTF-8"?>
<!-- Generated by org.testng.reporters.JUnitReportReporter -->
<testsuite hostname="fv-az246-624" failures="0" tests="1" name="Tests.WebTest" time="3.104" errors="0" timestamp="2022-09-12T06:57:25 UTC" skipped="0">
  <testcase classname="Tests.WebTest" name="testGoogleSearchUsingSelenoid" time="3.104"/>
  <system-out/>
</testsuite> <!-- Tests.WebTest -->
