<?xml version="1.0" encoding="UTF-8"?>
<!-- Generated by org.testng.reporters.JUnitReportReporter -->
<testsuite hostname="fv-az791-13" failures="0" tests="1" name="Tests.WebTest" time="17.204" errors="0" timestamp="2023-07-10T08:26:49 UTC" skipped="0">
  <testcase classname="Tests.WebTest" name="testGoogleSearchUsingSelenoid" time="17.204"/>
  <system-out/>
</testsuite> <!-- Tests.WebTest -->
