<?xml version="1.0" encoding="UTF-8"?>
<!-- Generated by org.testng.reporters.JUnitReportReporter -->
<testsuite hostname="fv-az1241-211" failures="0" tests="1" name="Tests.WebTest" time="4.098" errors="0" timestamp="2023-09-23T08:13:12 UTC" skipped="0">
  <testcase classname="Tests.WebTest" name="testGoogleSearchUsingSelenoid" time="4.098"/>
  <system-out/>
</testsuite> <!-- Tests.WebTest -->
