<?xml version="1.0" encoding="UTF-8"?>
<!-- Generated by org.testng.reporters.JUnitReportReporter -->
<testsuite hostname="fv-az193-372" failures="0" tests="1" name="Tests.WebTest" time="3.448" errors="0" timestamp="2022-09-22T08:22:08 UTC" skipped="0">
  <testcase classname="Tests.WebTest" name="testGoogleSearchUsingSelenoid" time="3.448"/>
  <system-out/>
</testsuite> <!-- Tests.WebTest -->
