<?xml version="1.0" encoding="UTF-8"?>
<!-- Generated by org.testng.reporters.JUnitReportReporter -->
<testsuite hostname="fv-az558-954" failures="0" tests="1" name="Tests.WebTest" time="10.109" errors="0" timestamp="2023-10-31T08:22:03 UTC" skipped="0">
  <testcase classname="Tests.WebTest" name="testGoogleSearchUsingSelenoid" time="10.109"/>
  <system-out/>
</testsuite> <!-- Tests.WebTest -->
