<?xml version="1.0" encoding="UTF-8"?>
<!-- Generated by org.testng.reporters.JUnitReportReporter -->
<testsuite hostname="fv-az934-274" failures="0" tests="1" name="Tests.WebTest" time="3.607" errors="0" timestamp="2023-06-27T08:16:36 UTC" skipped="0">
  <testcase classname="Tests.WebTest" name="testGoogleSearchUsingSelenoid" time="3.607"/>
  <system-out/>
</testsuite> <!-- Tests.WebTest -->
