<?xml version="1.0" encoding="UTF-8"?>
<!-- Generated by org.testng.reporters.JUnitReportReporter -->
<testsuite hostname="fv-az213-499" failures="0" tests="1" name="Tests.WebTest" time="2.879" errors="0" timestamp="2022-09-19T08:25:19 UTC" skipped="0">
  <testcase classname="Tests.WebTest" name="testGoogleSearchUsingSelenoid" time="2.879"/>
  <system-out/>
</testsuite> <!-- Tests.WebTest -->
