<?xml version="1.0" encoding="UTF-8"?>
<!-- Generated by org.testng.reporters.JUnitReportReporter -->
<testsuite hostname="fv-az241-479" failures="0" tests="1" name="Tests.WebTest" time="3.562" errors="0" timestamp="2022-08-14T02:29:47 UTC" skipped="0">
  <testcase classname="Tests.WebTest" name="testGoogleSearchUsingSelenoid" time="3.562"/>
  <system-out/>
</testsuite> <!-- Tests.WebTest -->
