<?xml version="1.0" encoding="UTF-8"?>
<!-- Generated by org.testng.reporters.JUnitReportReporter -->
<testsuite skipped="0" hostname="OF011DT3NSMD6NI" name="Tests.TestNGTestListener" tests="1" failures="0" timestamp="2022-04-23T07:34:29 CDT" time="0.006" errors="0">
  <testcase name="testMethod" time="0.006" classname="Tests.TestNGTestListener"/>
  <system-out/>
</testsuite> <!-- Tests.TestNGTestListener -->
