<?xml version="1.0" encoding="UTF-8"?>
<!-- Generated by org.testng.reporters.JUnitReportReporter -->
<testsuite hostname="fv-az218-98" failures="0" tests="1" name="Tests.WebTest" time="4.304" errors="0" timestamp="2022-12-12T08:26:40 UTC" skipped="0">
  <testcase classname="Tests.WebTest" name="testGoogleSearchUsingSelenoid" time="4.304"/>
  <system-out/>
</testsuite> <!-- Tests.WebTest -->
