<?xml version="1.0" encoding="UTF-8"?>
<!-- Generated by org.testng.reporters.JUnitReportReporter -->
<testsuite hostname="fv-az205-296" failures="0" tests="1" name="Tests.WebTest" time="8.081" errors="0" timestamp="2022-08-24T12:03:48 UTC" skipped="0">
  <testcase classname="Tests.WebTest" name="testGoogleSearchUsingSelenoid" time="8.081"/>
  <system-out/>
</testsuite> <!-- Tests.WebTest -->
