<?xml version="1.0" encoding="UTF-8"?>
<!-- Generated by org.testng.reporters.JUnitReportReporter -->
<testsuite hostname="fv-az408-92" failures="0" tests="1" name="Tests.WebTest" time="18.630" errors="0" timestamp="2023-08-04T08:21:28 UTC" skipped="0">
  <testcase classname="Tests.WebTest" name="testGoogleSearchUsingSelenoid" time="18.630"/>
  <system-out/>
</testsuite> <!-- Tests.WebTest -->
