<?xml version="1.0" encoding="UTF-8"?>
<!-- Generated by org.testng.reporters.JUnitReportReporter -->
<testsuite hostname="fv-az162-488" failures="0" tests="1" name="Tests.WebTest" time="3.669" errors="0" timestamp="2023-04-15T08:13:58 UTC" skipped="0">
  <testcase classname="Tests.WebTest" name="testGoogleSearchUsingSelenoid" time="3.669"/>
  <system-out/>
</testsuite> <!-- Tests.WebTest -->
