<?xml version="1.0" encoding="UTF-8"?>
<!-- Generated by org.testng.reporters.JUnitReportReporter -->
<testsuite skipped="0" hostname="OF011DT3NSMD6NI" name="aws.SampleTest" tests="2" failures="0" timestamp="2022-07-28T15:48:44 IST" time="11.181" errors="0">
  <testcase name="setup" time="6.181" classname="aws.SampleTest"/>
  <system-out/>
  <testcase name="setup" time="5.000" classname="aws.SampleTest"/>
  <system-out/>
</testsuite> <!-- aws.SampleTest -->
