<?xml version="1.0" encoding="UTF-8"?>
<!-- Generated by org.testng.reporters.JUnitReportReporter -->
<testsuite hostname="fv-az532-324" failures="0" tests="1" name="Tests.WebTest" time="5.129" errors="0" timestamp="2023-11-05T08:19:49 UTC" skipped="0">
  <testcase classname="Tests.WebTest" name="testGoogleSearchUsingSelenoid" time="5.129"/>
  <system-out/>
</testsuite> <!-- Tests.WebTest -->
