<?xml version="1.0" encoding="UTF-8"?>
<!-- Generated by org.testng.reporters.JUnitReportReporter -->
<testsuite hostname="fv-az1102-377" failures="0" tests="1" name="Tests.WebTest" time="4.521" errors="0" timestamp="2023-10-18T08:15:42 UTC" skipped="0">
  <testcase classname="Tests.WebTest" name="testGoogleSearchUsingSelenoid" time="4.521"/>
  <system-out/>
</testsuite> <!-- Tests.WebTest -->
