<?xml version="1.0" encoding="UTF-8"?>
<!-- Generated by org.testng.reporters.JUnitReportReporter -->
<testsuite hostname="fv-az1116-853" failures="0" tests="1" name="Tests.WebTest" time="7.541" errors="0" timestamp="2023-11-12T08:19:55 UTC" skipped="0">
  <testcase classname="Tests.WebTest" name="testGoogleSearchUsingSelenoid" time="7.541"/>
  <system-out/>
</testsuite> <!-- Tests.WebTest -->
