<?xml version="1.0" encoding="UTF-8"?>
<!-- Generated by org.testng.reporters.JUnitReportReporter -->
<testsuite hostname="fv-az301-284" failures="0" tests="1" name="Tests.WebTest" time="3.954" errors="0" timestamp="2023-06-07T08:15:34 UTC" skipped="0">
  <testcase classname="Tests.WebTest" name="testGoogleSearchUsingSelenoid" time="3.954"/>
  <system-out/>
</testsuite> <!-- Tests.WebTest -->
