<?xml version="1.0" encoding="UTF-8"?>
<!-- Generated by org.testng.reporters.JUnitReportReporter -->
<testsuite hostname="fv-az361-657" failures="0" tests="1" name="Tests.WebTest" time="5.672" errors="0" timestamp="2023-06-22T08:21:17 UTC" skipped="0">
  <testcase classname="Tests.WebTest" name="testGoogleSearchUsingSelenoid" time="5.672"/>
  <system-out/>
</testsuite> <!-- Tests.WebTest -->
