<?xml version="1.0" encoding="UTF-8"?>
<!-- Generated by org.testng.reporters.JUnitReportReporter -->
<testsuite hostname="fv-az564-719" failures="0" tests="1" name="Tests.WebTest" time="3.269" errors="0" timestamp="2023-05-07T08:13:19 UTC" skipped="0">
  <testcase classname="Tests.WebTest" name="testGoogleSearchUsingSelenoid" time="3.269"/>
  <system-out/>
</testsuite> <!-- Tests.WebTest -->
