<?xml version="1.0" encoding="UTF-8"?>
<!-- Generated by org.testng.reporters.JUnitReportReporter -->
<testsuite hostname="fv-az444-949" failures="0" tests="1" name="Tests.WebTest" time="5.702" errors="0" timestamp="2023-01-24T08:24:13 UTC" skipped="0">
  <testcase classname="Tests.WebTest" name="testGoogleSearchUsingSelenoid" time="5.702"/>
  <system-out/>
</testsuite> <!-- Tests.WebTest -->
