<?xml version="1.0" encoding="UTF-8"?>
<!-- Generated by org.testng.reporters.JUnitReportReporter -->
<testsuite hostname="fv-az39-822" failures="0" tests="1" name="Tests.WebTest" time="4.269" errors="0" timestamp="2022-11-02T08:21:11 UTC" skipped="0">
  <testcase classname="Tests.WebTest" name="testGoogleSearchUsingSelenoid" time="4.269"/>
  <system-out/>
</testsuite> <!-- Tests.WebTest -->
