<?xml version="1.0" encoding="UTF-8"?>
<!-- Generated by org.testng.reporters.JUnitReportReporter -->
<testsuite hostname="fv-az570-374" failures="0" tests="1" name="Tests.WebTest" time="16.499" errors="0" timestamp="2023-04-14T08:22:38 UTC" skipped="0">
  <testcase classname="Tests.WebTest" name="testGoogleSearchUsingSelenoid" time="16.499"/>
  <system-out/>
</testsuite> <!-- Tests.WebTest -->
