<?xml version="1.0" encoding="UTF-8"?>
<!-- Generated by org.testng.reporters.JUnitReportReporter -->
<testsuite hostname="fv-az615-519" failures="0" tests="1" name="Tests.WebTest" time="3.811" errors="0" timestamp="2023-08-18T08:13:50 UTC" skipped="0">
  <testcase classname="Tests.WebTest" name="testGoogleSearchUsingSelenoid" time="3.811"/>
  <system-out/>
</testsuite> <!-- Tests.WebTest -->
