<?xml version="1.0" encoding="UTF-8"?>
<!-- Generated by org.testng.reporters.JUnitReportReporter -->
<testsuite hostname="fv-az248-633" failures="0" tests="1" name="Tests.WebTest" time="5.180" errors="0" timestamp="2022-12-27T08:23:50 UTC" skipped="0">
  <testcase classname="Tests.WebTest" name="testGoogleSearchUsingSelenoid" time="5.180"/>
  <system-out/>
</testsuite> <!-- Tests.WebTest -->
