<?xml version="1.0" encoding="UTF-8"?>
<!-- Generated by org.testng.reporters.JUnitReportReporter -->
<testsuite hostname="fv-az407-994" failures="0" tests="1" name="Tests.WebTest" time="3.693" errors="0" timestamp="2023-02-07T08:24:31 UTC" skipped="0">
  <testcase classname="Tests.WebTest" name="testGoogleSearchUsingSelenoid" time="3.693"/>
  <system-out/>
</testsuite> <!-- Tests.WebTest -->
