<?xml version="1.0" encoding="UTF-8"?>
<!-- Generated by org.testng.reporters.JUnitReportReporter -->
<testsuite hostname="fv-az313-352" failures="0" tests="1" name="Tests.WebTest" time="4.058" errors="0" timestamp="2023-05-22T08:22:40 UTC" skipped="0">
  <testcase classname="Tests.WebTest" name="testGoogleSearchUsingSelenoid" time="4.058"/>
  <system-out/>
</testsuite> <!-- Tests.WebTest -->
