<?xml version="1.0" encoding="UTF-8"?>
<!-- Generated by org.testng.reporters.JUnitReportReporter -->
<testsuite hostname="fv-az617-491" failures="0" tests="1" name="Tests.WebTest" time="17.584" errors="0" timestamp="2023-06-10T08:20:40 UTC" skipped="0">
  <testcase classname="Tests.WebTest" name="testGoogleSearchUsingSelenoid" time="17.584"/>
  <system-out/>
</testsuite> <!-- Tests.WebTest -->
