<?xml version="1.0" encoding="UTF-8"?>
<!-- Generated by org.testng.reporters.JUnitReportReporter -->
<testsuite hostname="fv-az1542-401" failures="0" tests="1" name="Tests.WebTest" time="9.079" errors="0" timestamp="2023-11-24T08:21:35 UTC" skipped="0">
  <testcase classname="Tests.WebTest" name="testGoogleSearchUsingSelenoid" time="9.079"/>
  <system-out/>
</testsuite> <!-- Tests.WebTest -->
