<?xml version="1.0" encoding="UTF-8"?>
<!-- Generated by org.testng.reporters.JUnitReportReporter -->
<testsuite hostname="fv-az583-710" failures="0" tests="1" name="Tests.WebTest" time="6.685" errors="0" timestamp="2023-07-17T08:25:44 UTC" skipped="0">
  <testcase classname="Tests.WebTest" name="testGoogleSearchUsingSelenoid" time="6.685"/>
  <system-out/>
</testsuite> <!-- Tests.WebTest -->
