<?xml version="1.0" encoding="UTF-8"?>
<!-- Generated by org.testng.reporters.JUnitReportReporter -->
<testsuite hostname="fv-az404-273" failures="0" tests="1" name="Tests.WebTest" time="2.839" errors="0" timestamp="2022-12-14T08:16:52 UTC" skipped="0">
  <testcase classname="Tests.WebTest" name="testGoogleSearchUsingSelenoid" time="2.839"/>
  <system-out/>
</testsuite> <!-- Tests.WebTest -->
