<?xml version="1.0" encoding="UTF-8"?>
<!-- Generated by org.testng.reporters.JUnitReportReporter -->
<testsuite hostname="fv-az934-410" failures="0" tests="1" name="Tests.WebTest" time="7.675" errors="0" timestamp="2023-09-20T08:21:58 UTC" skipped="0">
  <testcase classname="Tests.WebTest" name="testGoogleSearchUsingSelenoid" time="7.675"/>
  <system-out/>
</testsuite> <!-- Tests.WebTest -->
