<?xml version="1.0" encoding="UTF-8"?>
<!-- Generated by org.testng.reporters.JUnitReportReporter -->
<testsuite hostname="fv-az452-291" failures="0" tests="1" name="Tests.WebTest" time="16.748" errors="0" timestamp="2023-04-24T08:24:01 UTC" skipped="0">
  <testcase classname="Tests.WebTest" name="testGoogleSearchUsingSelenoid" time="16.748"/>
  <system-out/>
</testsuite> <!-- Tests.WebTest -->
