<?xml version="1.0" encoding="UTF-8"?>
<!-- Generated by org.testng.reporters.JUnitReportReporter -->
<testsuite hostname="fv-az613-312" failures="0" tests="1" name="Tests.WebTest" time="12.644" errors="0" timestamp="2023-02-18T08:23:52 UTC" skipped="0">
  <testcase classname="Tests.WebTest" name="testGoogleSearchUsingSelenoid" time="12.644"/>
  <system-out/>
</testsuite> <!-- Tests.WebTest -->
