<?xml version="1.0" encoding="UTF-8"?>
<!-- Generated by org.testng.reporters.JUnitReportReporter -->
<testsuite hostname="fv-az193-207" failures="0" tests="1" name="Tests.WebTest" time="3.394" errors="0" timestamp="2022-09-30T08:29:13 UTC" skipped="0">
  <testcase classname="Tests.WebTest" name="testGoogleSearchUsingSelenoid" time="3.394"/>
  <system-out/>
</testsuite> <!-- Tests.WebTest -->
