<?xml version="1.0" encoding="UTF-8"?>
<!-- Generated by org.testng.reporters.JUnitReportReporter -->
<testsuite hostname="fv-az478-796" failures="0" tests="1" name="Tests.WebTest" time="3.263" errors="0" timestamp="2023-10-15T08:13:38 UTC" skipped="0">
  <testcase classname="Tests.WebTest" name="testGoogleSearchUsingSelenoid" time="3.263"/>
  <system-out/>
</testsuite> <!-- Tests.WebTest -->
