<?xml version="1.0" encoding="UTF-8"?>
<!-- Generated by org.testng.reporters.JUnitReportReporter -->
<testsuite hostname="fv-az260-355" failures="0" tests="1" name="Tests.WebTest" time="18.186" errors="0" timestamp="2022-09-11T13:54:46 UTC" skipped="0">
  <testcase classname="Tests.WebTest" name="testGoogleSearchUsingSelenoid" time="18.186"/>
  <system-out/>
</testsuite> <!-- Tests.WebTest -->
