<?xml version="1.0" encoding="UTF-8"?>
<!-- Generated by org.testng.reporters.JUnitReportReporter -->
<testsuite hostname="fv-az573-760" failures="0" tests="1" name="Tests.WebTest" time="16.965" errors="0" timestamp="2022-10-16T08:33:57 UTC" skipped="0">
  <testcase classname="Tests.WebTest" name="testGoogleSearchUsingSelenoid" time="16.965"/>
  <system-out/>
</testsuite> <!-- Tests.WebTest -->
