<?xml version="1.0" encoding="UTF-8"?>
<!-- Generated by org.testng.reporters.JUnitReportReporter -->
<testsuite hostname="fv-az795-748" failures="0" tests="1" name="Tests.WebTest" time="4.292" errors="0" timestamp="2023-10-24T08:22:23 UTC" skipped="0">
  <testcase classname="Tests.WebTest" name="testGoogleSearchUsingSelenoid" time="4.292"/>
  <system-out/>
</testsuite> <!-- Tests.WebTest -->
