<?xml version="1.0" encoding="UTF-8"?>
<!-- Generated by org.testng.reporters.JUnitReportReporter -->
<testsuite hostname="fv-az309-857" failures="0" tests="1" name="Tests.WebTest" time="3.099" errors="0" timestamp="2023-10-01T08:13:29 UTC" skipped="0">
  <testcase classname="Tests.WebTest" name="testGoogleSearchUsingSelenoid" time="3.099"/>
  <system-out/>
</testsuite> <!-- Tests.WebTest -->
