<?xml version="1.0" encoding="UTF-8"?>
<!-- Generated by org.testng.reporters.JUnitReportReporter -->
<testsuite hostname="fv-az459-458" failures="0" tests="1" name="Tests.WebTest" time="3.165" errors="0" timestamp="2023-01-12T08:17:10 UTC" skipped="0">
  <testcase classname="Tests.WebTest" name="testGoogleSearchUsingSelenoid" time="3.165"/>
  <system-out/>
</testsuite> <!-- Tests.WebTest -->
