<?xml version="1.0" encoding="UTF-8"?>
<!-- Generated by org.testng.reporters.JUnitReportReporter -->
<testsuite hostname="fv-az180-136" failures="0" tests="1" name="Tests.WebTest" time="3.105" errors="0" timestamp="2022-09-25T08:19:53 UTC" skipped="0">
  <testcase classname="Tests.WebTest" name="testGoogleSearchUsingSelenoid" time="3.105"/>
  <system-out/>
</testsuite> <!-- Tests.WebTest -->
