<?xml version="1.0" encoding="UTF-8"?>
<!-- Generated by org.testng.reporters.JUnitReportReporter -->
<testsuite hostname="fv-az257-146" failures="0" tests="1" name="Tests.WebTest" time="15.575" errors="0" timestamp="2022-12-05T08:27:19 UTC" skipped="0">
  <testcase classname="Tests.WebTest" name="testGoogleSearchUsingSelenoid" time="15.575"/>
  <system-out/>
</testsuite> <!-- Tests.WebTest -->
