<?xml version="1.0" encoding="UTF-8"?>
<!-- Generated by org.testng.reporters.JUnitReportReporter -->
<testsuite hostname="fv-az354-685" failures="0" tests="1" name="Tests.WebTest" time="3.507" errors="0" timestamp="2023-09-27T08:15:26 UTC" skipped="0">
  <testcase classname="Tests.WebTest" name="testGoogleSearchUsingSelenoid" time="3.507"/>
  <system-out/>
</testsuite> <!-- Tests.WebTest -->
