<?xml version="1.0" encoding="UTF-8"?>
<!-- Generated by org.testng.reporters.JUnitReportReporter -->
<testsuite skipped="0" hostname="OF011DT3NSMD6NI" name="ExtentReports.TestExtentReports1" tests="1" failures="0" timestamp="2022-05-03T08:17:53 CDT" time="0.441" errors="0">
  <testcase name="f" time="0.441" classname="ExtentReports.TestExtentReports1"/>
  <system-out/>
</testsuite> <!-- ExtentReports.TestExtentReports1 -->
