<?xml version="1.0" encoding="UTF-8"?>
<!-- Generated by org.testng.reporters.JUnitReportReporter -->
<testsuite hostname="fv-az456-318" failures="0" tests="1" name="Tests.WebTest" time="3.543" errors="0" timestamp="2023-04-29T08:13:42 UTC" skipped="0">
  <testcase classname="Tests.WebTest" name="testGoogleSearchUsingSelenoid" time="3.543"/>
  <system-out/>
</testsuite> <!-- Tests.WebTest -->
