<?xml version="1.0" encoding="UTF-8"?>
<!-- Generated by org.testng.reporters.JUnitReportReporter -->
<testsuite hostname="fv-az465-679" failures="0" tests="1" name="Tests.WebTest" time="4.006" errors="0" timestamp="2022-08-11T18:30:45 UTC" skipped="0">
  <testcase classname="Tests.WebTest" name="testGoogleSearchUsingSelenoid" time="4.006"/>
  <system-out/>
</testsuite> <!-- Tests.WebTest -->
