<?xml version="1.0" encoding="UTF-8"?>
<!-- Generated by org.testng.reporters.JUnitReportReporter -->
<testsuite hostname="fv-az246-340" failures="0" tests="1" name="Tests.WebTest" time="3.193" errors="0" timestamp="2022-09-26T08:21:52 UTC" skipped="0">
  <testcase classname="Tests.WebTest" name="testGoogleSearchUsingSelenoid" time="3.193"/>
  <system-out/>
</testsuite> <!-- Tests.WebTest -->
