<?xml version="1.0" encoding="UTF-8"?>
<!-- Generated by org.testng.reporters.JUnitReportReporter -->
<testsuite hostname="fv-az455-835" failures="0" tests="1" name="Tests.WebTest" time="3.197" errors="0" timestamp="2023-02-17T08:17:07 UTC" skipped="0">
  <testcase classname="Tests.WebTest" name="testGoogleSearchUsingSelenoid" time="3.197"/>
  <system-out/>
</testsuite> <!-- Tests.WebTest -->
