<?xml version="1.0" encoding="UTF-8"?>
<!-- Generated by org.testng.reporters.JUnitReportReporter -->
<testsuite hostname="fv-az370-415" failures="0" tests="1" name="Tests.WebTest" time="3.229" errors="0" timestamp="2022-12-23T08:15:32 UTC" skipped="0">
  <testcase classname="Tests.WebTest" name="testGoogleSearchUsingSelenoid" time="3.229"/>
  <system-out/>
</testsuite> <!-- Tests.WebTest -->
