<?xml version="1.0" encoding="UTF-8"?>
<!-- Generated by org.testng.reporters.JUnitReportReporter -->
<testsuite hostname="fv-az206-16" failures="0" tests="1" name="Tests.WebTest" time="6.627" errors="0" timestamp="2022-09-07T08:31:57 UTC" skipped="0">
  <testcase classname="Tests.WebTest" name="testGoogleSearchUsingSelenoid" time="6.627"/>
  <system-out/>
</testsuite> <!-- Tests.WebTest -->
