<?xml version="1.0" encoding="UTF-8"?>
<!-- Generated by org.testng.reporters.JUnitReportReporter -->
<testsuite hostname="fv-az173-698" failures="0" tests="1" name="Tests.WebTest" time="6.796" errors="0" timestamp="2023-01-10T08:24:59 UTC" skipped="0">
  <testcase classname="Tests.WebTest" name="testGoogleSearchUsingSelenoid" time="6.796"/>
  <system-out/>
</testsuite> <!-- Tests.WebTest -->
