<?xml version="1.0" encoding="UTF-8"?>
<!-- Generated by org.testng.reporters.JUnitReportReporter -->
<testsuite hostname="fv-az77-962" failures="0" tests="1" name="Tests.WebTest" time="3.211" errors="0" timestamp="2022-11-15T08:19:28 UTC" skipped="0">
  <testcase classname="Tests.WebTest" name="testGoogleSearchUsingSelenoid" time="3.211"/>
  <system-out/>
</testsuite> <!-- Tests.WebTest -->
