<?xml version="1.0" encoding="UTF-8"?>
<!-- Generated by org.testng.reporters.JUnitReportReporter -->
<testsuite hostname="fv-az809-683" failures="0" tests="1" name="Tests.WebTest" time="3.081" errors="0" timestamp="2023-06-29T08:16:26 UTC" skipped="0">
  <testcase classname="Tests.WebTest" name="testGoogleSearchUsingSelenoid" time="3.081"/>
  <system-out/>
</testsuite> <!-- Tests.WebTest -->
