<?xml version="1.0" encoding="UTF-8"?>
<!-- Generated by org.testng.reporters.JUnitReportReporter -->
<testsuite hostname="fv-az152-22" failures="0" tests="1" name="Tests.WebTest" time="8.790" errors="0" timestamp="2022-10-19T08:43:04 UTC" skipped="0">
  <testcase classname="Tests.WebTest" name="testGoogleSearchUsingSelenoid" time="8.790"/>
  <system-out/>
</testsuite> <!-- Tests.WebTest -->
