<?xml version="1.0" encoding="UTF-8"?>
<!-- Generated by org.testng.reporters.JUnitReportReporter -->
<testsuite hostname="fv-az121-3" failures="0" tests="1" name="Tests.WebTest" time="3.091" errors="0" timestamp="2022-08-12T13:47:05 UTC" skipped="0">
  <testcase classname="Tests.WebTest" name="testGoogleSearchUsingSelenoid" time="3.091"/>
  <system-out/>
</testsuite> <!-- Tests.WebTest -->
