<?xml version="1.0" encoding="UTF-8"?>
<!-- Generated by org.testng.reporters.JUnitReportReporter -->
<testsuite hostname="fv-az749-580" failures="0" tests="1" name="Tests.WebTest" time="2.937" errors="0" timestamp="2023-02-14T08:17:13 UTC" skipped="0">
  <testcase classname="Tests.WebTest" name="testGoogleSearchUsingSelenoid" time="2.937"/>
  <system-out/>
</testsuite> <!-- Tests.WebTest -->
