<?xml version="1.0" encoding="UTF-8"?>
<!-- Generated by org.testng.reporters.JUnitReportReporter -->
<testsuite hostname="fv-az363-696" failures="0" tests="1" name="Tests.WebTest" time="5.503" errors="0" timestamp="2023-05-09T08:22:40 UTC" skipped="0">
  <testcase classname="Tests.WebTest" name="testGoogleSearchUsingSelenoid" time="5.503"/>
  <system-out/>
</testsuite> <!-- Tests.WebTest -->
