<?xml version="1.0" encoding="UTF-8"?>
<!-- Generated by org.testng.reporters.JUnitReportReporter -->
<testsuite hostname="fv-az306-543" failures="0" tests="1" name="Tests.WebTest" time="5.315" errors="0" timestamp="2023-01-15T08:23:05 UTC" skipped="0">
  <testcase classname="Tests.WebTest" name="testGoogleSearchUsingSelenoid" time="5.315"/>
  <system-out/>
</testsuite> <!-- Tests.WebTest -->
