<?xml version="1.0" encoding="UTF-8"?>
<!-- Generated by org.testng.reporters.JUnitReportReporter -->
<testsuite hostname="fv-az213-728" failures="0" tests="1" name="Tests.WebTest" time="18.682" errors="0" timestamp="2022-10-21T08:38:17 UTC" skipped="0">
  <testcase classname="Tests.WebTest" name="testGoogleSearchUsingSelenoid" time="18.682"/>
  <system-out/>
</testsuite> <!-- Tests.WebTest -->
