<?xml version="1.0" encoding="UTF-8"?>
<!-- Generated by org.testng.reporters.JUnitReportReporter -->
<testsuite hostname="fv-az434-172" failures="0" tests="1" name="Tests.WebTest" time="8.183" errors="0" timestamp="2023-01-07T08:23:42 UTC" skipped="0">
  <testcase classname="Tests.WebTest" name="testGoogleSearchUsingSelenoid" time="8.183"/>
  <system-out/>
</testsuite> <!-- Tests.WebTest -->
