<?xml version="1.0" encoding="UTF-8"?>
<!-- Generated by org.testng.reporters.JUnitReportReporter -->
<testsuite hostname="fv-az566-633" failures="0" tests="1" name="Tests.WebTest" time="14.346" errors="0" timestamp="2023-01-27T08:24:15 UTC" skipped="0">
  <testcase classname="Tests.WebTest" name="testGoogleSearchUsingSelenoid" time="14.346"/>
  <system-out/>
</testsuite> <!-- Tests.WebTest -->
