<?xml version="1.0" encoding="UTF-8"?>
<!-- Generated by org.testng.reporters.JUnitReportReporter -->
<testsuite hostname="fv-az508-584" failures="0" tests="1" name="Tests.WebTest" time="3.927" errors="0" timestamp="2022-09-12T08:21:30 UTC" skipped="0">
  <testcase classname="Tests.WebTest" name="testGoogleSearchUsingSelenoid" time="3.927"/>
  <system-out/>
</testsuite> <!-- Tests.WebTest -->
