<?xml version="1.0" encoding="UTF-8"?>
<!-- Generated by org.testng.reporters.JUnitReportReporter -->
<testsuite hostname="fv-az351-382" failures="0" tests="1" name="Tests.WebTest" time="3.055" errors="0" timestamp="2023-07-19T08:14:44 UTC" skipped="0">
  <testcase classname="Tests.WebTest" name="testGoogleSearchUsingSelenoid" time="3.055"/>
  <system-out/>
</testsuite> <!-- Tests.WebTest -->
