<?xml version="1.0" encoding="UTF-8"?>
<!-- Generated by org.testng.reporters.JUnitReportReporter -->
<testsuite hostname="fv-az343-65" failures="0" tests="1" name="Tests.WebTest" time="4.254" errors="0" timestamp="2023-08-27T08:13:31 UTC" skipped="0">
  <testcase classname="Tests.WebTest" name="testGoogleSearchUsingSelenoid" time="4.254"/>
  <system-out/>
</testsuite> <!-- Tests.WebTest -->
