<?xml version="1.0" encoding="UTF-8"?>
<!-- Generated by org.testng.reporters.JUnitReportReporter -->
<testsuite hostname="fv-az397-2" failures="0" tests="1" name="Tests.WebTest" time="19.346" errors="0" timestamp="2022-09-16T08:31:46 UTC" skipped="0">
  <testcase classname="Tests.WebTest" name="testGoogleSearchUsingSelenoid" time="19.346"/>
  <system-out/>
</testsuite> <!-- Tests.WebTest -->
