<?xml version="1.0" encoding="UTF-8"?>
<!-- Generated by org.testng.reporters.JUnitReportReporter -->
<testsuite hostname="fv-az1025-283" failures="0" tests="1" name="Tests.WebTest" time="6.108" errors="0" timestamp="2023-05-08T08:22:46 UTC" skipped="0">
  <testcase classname="Tests.WebTest" name="testGoogleSearchUsingSelenoid" time="6.108"/>
  <system-out/>
</testsuite> <!-- Tests.WebTest -->
