<?xml version="1.0" encoding="UTF-8"?>
<!-- Generated by org.testng.reporters.JUnitReportReporter -->
<testsuite hostname="fv-az438-498" failures="0" tests="1" name="Tests.WebTest" time="3.230" errors="0" timestamp="2023-02-08T08:17:13 UTC" skipped="0">
  <testcase classname="Tests.WebTest" name="testGoogleSearchUsingSelenoid" time="3.230"/>
  <system-out/>
</testsuite> <!-- Tests.WebTest -->
