<?xml version="1.0" encoding="UTF-8"?>
<!-- Generated by org.testng.reporters.JUnitReportReporter -->
<testsuite hostname="fv-az552-5" failures="0" tests="1" name="Tests.WebTest" time="17.245" errors="0" timestamp="2023-01-17T08:25:28 UTC" skipped="0">
  <testcase classname="Tests.WebTest" name="testGoogleSearchUsingSelenoid" time="17.245"/>
  <system-out/>
</testsuite> <!-- Tests.WebTest -->
