<?xml version="1.0" encoding="UTF-8"?>
<!-- Generated by org.testng.reporters.JUnitReportReporter -->
<testsuite skipped="0" hostname="OF011DT3NSMD6NI" name="ExtentReports.TestExtentReportsUseConfigJSON" tests="1" failures="0" timestamp="2022-05-03T08:31:00 CDT" time="0.827" errors="0">
  <testcase name="f" time="0.827" classname="ExtentReports.TestExtentReportsUseConfigJSON"/>
  <system-out/>
</testsuite> <!-- ExtentReports.TestExtentReportsUseConfigJSON -->
