<?xml version="1.0" encoding="UTF-8"?>
<!-- Generated by org.testng.reporters.JUnitReportReporter -->
<testsuite hostname="fv-az212-586" failures="0" tests="1" name="Tests.WebTest" time="7.287" errors="0" timestamp="2022-09-11T08:28:56 UTC" skipped="0">
  <testcase classname="Tests.WebTest" name="testGoogleSearchUsingSelenoid" time="7.287"/>
  <system-out/>
</testsuite> <!-- Tests.WebTest -->
