<?xml version="1.0" encoding="UTF-8"?>
<!-- Generated by org.testng.reporters.JUnitReportReporter -->
<testsuite hostname="fv-az1028-527" failures="0" tests="1" name="Tests.WebTest" time="14.758" errors="0" timestamp="2023-06-02T08:21:24 UTC" skipped="0">
  <testcase classname="Tests.WebTest" name="testGoogleSearchUsingSelenoid" time="14.758"/>
  <system-out/>
</testsuite> <!-- Tests.WebTest -->
