<?xml version="1.0" encoding="UTF-8"?>
<!-- Generated by org.testng.reporters.JUnitReportReporter -->
<testsuite hostname="fv-az341-509" failures="0" tests="1" name="Tests.WebTest" time="3.715" errors="0" timestamp="2022-10-01T08:22:23 UTC" skipped="0">
  <testcase classname="Tests.WebTest" name="testGoogleSearchUsingSelenoid" time="3.715"/>
  <system-out/>
</testsuite> <!-- Tests.WebTest -->
