<?xml version="1.0" encoding="UTF-8"?>
<!-- Generated by org.testng.reporters.JUnitReportReporter -->
<testsuite hostname="fv-az550-867" failures="0" tests="1" name="Tests.WebTest" time="4.109" errors="0" timestamp="2023-03-30T08:16:45 UTC" skipped="0">
  <testcase classname="Tests.WebTest" name="testGoogleSearchUsingSelenoid" time="4.109"/>
  <system-out/>
</testsuite> <!-- Tests.WebTest -->
