<?xml version="1.0" encoding="UTF-8"?>
<!-- Generated by org.testng.reporters.JUnitReportReporter -->
<testsuite hostname="fv-az189-20" failures="0" tests="1" name="Tests.WebTest" time="7.296" errors="0" timestamp="2023-01-08T08:22:58 UTC" skipped="0">
  <testcase classname="Tests.WebTest" name="testGoogleSearchUsingSelenoid" time="7.296"/>
  <system-out/>
</testsuite> <!-- Tests.WebTest -->
