<?xml version="1.0" encoding="UTF-8"?>
<!-- Generated by org.testng.reporters.JUnitReportReporter -->
<testsuite hostname="fv-az507-228" failures="0" tests="1" name="Tests.WebTest" time="6.494" errors="0" timestamp="2023-09-13T08:22:15 UTC" skipped="0">
  <testcase classname="Tests.WebTest" name="testGoogleSearchUsingSelenoid" time="6.494"/>
  <system-out/>
</testsuite> <!-- Tests.WebTest -->
