<?xml version="1.0" encoding="UTF-8"?>
<!-- Generated by org.testng.reporters.JUnitReportReporter -->
<testsuite hostname="fv-az456-113" failures="0" tests="1" name="Tests.WebTest" time="4.216" errors="0" timestamp="2022-08-12T09:24:16 UTC" skipped="0">
  <testcase classname="Tests.WebTest" name="testGoogleSearchUsingSelenoid" time="4.216"/>
  <system-out/>
</testsuite> <!-- Tests.WebTest -->
