<?xml version="1.0" encoding="UTF-8"?>
<!-- Generated by org.testng.reporters.JUnitReportReporter -->
<testsuite hostname="fv-az548-686" failures="0" tests="1" name="Tests.WebTest" time="4.127" errors="0" timestamp="2023-07-09T08:22:26 UTC" skipped="0">
  <testcase classname="Tests.WebTest" name="testGoogleSearchUsingSelenoid" time="4.127"/>
  <system-out/>
</testsuite> <!-- Tests.WebTest -->
