<?xml version="1.0" encoding="UTF-8"?>
<!-- Generated by org.testng.reporters.JUnitReportReporter -->
<testsuite hostname="fv-az171-392" failures="0" tests="1" name="Tests.WebTest" time="5.717" errors="0" timestamp="2022-12-07T08:25:36 UTC" skipped="0">
  <testcase classname="Tests.WebTest" name="testGoogleSearchUsingSelenoid" time="5.717"/>
  <system-out/>
</testsuite> <!-- Tests.WebTest -->
