<?xml version="1.0" encoding="UTF-8"?>
<!-- Generated by org.testng.reporters.JUnitReportReporter -->
<testsuite skipped="0" hostname="OF011DT3NSMD6NI" name="Tests.TestNGParameters" tests="1" failures="0" timestamp="2022-04-23T06:55:37 CDT" time="0.007" errors="0">
  <testcase name="testMethod" time="0.007" classname="Tests.TestNGParameters"/>
  <system-out/>
</testsuite> <!-- Tests.TestNGParameters -->
