<?xml version="1.0" encoding="UTF-8"?>
<!-- Generated by org.testng.reporters.JUnitReportReporter -->
<testsuite hostname="fv-az203-956" failures="0" tests="1" name="Tests.WebTest" time="7.558" errors="0" timestamp="2022-12-10T08:24:18 UTC" skipped="0">
  <testcase classname="Tests.WebTest" name="testGoogleSearchUsingSelenoid" time="7.558"/>
  <system-out/>
</testsuite> <!-- Tests.WebTest -->
