<?xml version="1.0" encoding="UTF-8"?>
<!-- Generated by org.testng.reporters.JUnitReportReporter -->
<testsuite hostname="fv-az455-915" failures="0" tests="1" name="Tests.WebTest" time="3.686" errors="0" timestamp="2023-03-15T08:17:03 UTC" skipped="0">
  <testcase classname="Tests.WebTest" name="testGoogleSearchUsingSelenoid" time="3.686"/>
  <system-out/>
</testsuite> <!-- Tests.WebTest -->
