<?xml version="1.0" encoding="UTF-8"?>
<!-- Generated by org.testng.reporters.JUnitReportReporter -->
<testsuite hostname="fv-az451-747" failures="0" tests="1" name="Tests.WebTest" time="4.000" errors="0" timestamp="2022-10-12T08:22:05 UTC" skipped="0">
  <testcase classname="Tests.WebTest" name="testGoogleSearchUsingSelenoid" time="4.000"/>
  <system-out/>
</testsuite> <!-- Tests.WebTest -->
