<?xml version="1.0" encoding="UTF-8"?>
<!-- Generated by org.testng.reporters.JUnitReportReporter -->
<testsuite hostname="fv-az1032-62" failures="0" tests="1" name="Tests.WebTest" time="11.837" errors="0" timestamp="2023-10-05T08:22:50 UTC" skipped="0">
  <testcase classname="Tests.WebTest" name="testGoogleSearchUsingSelenoid" time="11.837"/>
  <system-out/>
</testsuite> <!-- Tests.WebTest -->
