<?xml version="1.0" encoding="UTF-8"?>
<!-- Generated by org.testng.reporters.JUnitReportReporter -->
<testsuite hostname="fv-az127-94" failures="0" tests="1" name="Tests.WebTest" time="3.563" errors="0" timestamp="2022-09-13T08:20:39 UTC" skipped="0">
  <testcase classname="Tests.WebTest" name="testGoogleSearchUsingSelenoid" time="3.563"/>
  <system-out/>
</testsuite> <!-- Tests.WebTest -->
