<?xml version="1.0" encoding="UTF-8"?>
<!-- Generated by org.testng.reporters.JUnitReportReporter -->
<testsuite hostname="fv-az586-441" failures="0" tests="1" name="Tests.WebTest" time="4.043" errors="0" timestamp="2023-07-14T08:24:21 UTC" skipped="0">
  <testcase classname="Tests.WebTest" name="testGoogleSearchUsingSelenoid" time="4.043"/>
  <system-out/>
</testsuite> <!-- Tests.WebTest -->
