<?xml version="1.0" encoding="UTF-8"?>
<!-- Generated by org.testng.reporters.JUnitReportReporter -->
<testsuite hostname="fv-az402-505" failures="0" tests="1" name="Tests.WebTest" time="3.092" errors="0" timestamp="2022-12-18T08:14:40 UTC" skipped="0">
  <testcase classname="Tests.WebTest" name="testGoogleSearchUsingSelenoid" time="3.092"/>
  <system-out/>
</testsuite> <!-- Tests.WebTest -->
