<?xml version="1.0" encoding="UTF-8"?>
<!-- Generated by org.testng.reporters.JUnitReportReporter -->
<testsuite hostname="fv-az1234-678" failures="0" tests="1" name="Tests.WebTest" time="2.979" errors="0" timestamp="2023-04-17T08:15:56 UTC" skipped="0">
  <testcase classname="Tests.WebTest" name="testGoogleSearchUsingSelenoid" time="2.979"/>
  <system-out/>
</testsuite> <!-- Tests.WebTest -->
