<?xml version="1.0" encoding="UTF-8"?>
<!-- Generated by org.testng.reporters.JUnitReportReporter -->
<testsuite hostname="fv-az254-348" failures="0" tests="1" name="Tests.WebTest" time="9.813" errors="0" timestamp="2022-12-08T08:25:48 UTC" skipped="0">
  <testcase classname="Tests.WebTest" name="testGoogleSearchUsingSelenoid" time="9.813"/>
  <system-out/>
</testsuite> <!-- Tests.WebTest -->
