<?xml version="1.0" encoding="UTF-8"?>
<!-- Generated by org.testng.reporters.JUnitReportReporter -->
<testsuite hostname="fv-az717-754" failures="0" tests="1" name="Tests.WebTest" time="3.427" errors="0" timestamp="2023-08-25T08:14:23 UTC" skipped="0">
  <testcase classname="Tests.WebTest" name="testGoogleSearchUsingSelenoid" time="3.427"/>
  <system-out/>
</testsuite> <!-- Tests.WebTest -->
