<?xml version="1.0" encoding="UTF-8"?>
<!-- Generated by org.testng.reporters.JUnitReportReporter -->
<testsuite hostname="fv-az358-556" failures="0" tests="1" name="Tests.WebTest" time="6.743" errors="0" timestamp="2023-02-04T08:22:52 UTC" skipped="0">
  <testcase classname="Tests.WebTest" name="testGoogleSearchUsingSelenoid" time="6.743"/>
  <system-out/>
</testsuite> <!-- Tests.WebTest -->
