<?xml version="1.0" encoding="UTF-8"?>
<!-- Generated by org.testng.reporters.JUnitReportReporter -->
<testsuite hostname="fv-az409-76" failures="0" tests="1" name="Tests.WebTest" time="3.034" errors="0" timestamp="2023-02-10T08:16:50 UTC" skipped="0">
  <testcase classname="Tests.WebTest" name="testGoogleSearchUsingSelenoid" time="3.034"/>
  <system-out/>
</testsuite> <!-- Tests.WebTest -->
