<?xml version="1.0" encoding="UTF-8"?>
<!-- Generated by org.testng.reporters.JUnitReportReporter -->
<testsuite hostname="fv-az616-317" failures="0" tests="1" name="Tests.WebTest" time="5.525" errors="0" timestamp="2023-05-15T08:21:56 UTC" skipped="0">
  <testcase classname="Tests.WebTest" name="testGoogleSearchUsingSelenoid" time="5.525"/>
  <system-out/>
</testsuite> <!-- Tests.WebTest -->
