<?xml version="1.0" encoding="UTF-8"?>
<!-- Generated by org.testng.reporters.JUnitReportReporter -->
<testsuite hostname="fv-az572-575" failures="0" tests="1" name="Tests.WebTest" time="4.273" errors="0" timestamp="2022-11-19T08:18:16 UTC" skipped="0">
  <testcase classname="Tests.WebTest" name="testGoogleSearchUsingSelenoid" time="4.273"/>
  <system-out/>
</testsuite> <!-- Tests.WebTest -->
