<?xml version="1.0" encoding="UTF-8"?>
<!-- Generated by org.testng.reporters.JUnitReportReporter -->
<testsuite hostname="fv-az451-525" failures="0" tests="1" name="Tests.WebTest" time="3.555" errors="0" timestamp="2023-08-19T08:12:57 UTC" skipped="0">
  <testcase classname="Tests.WebTest" name="testGoogleSearchUsingSelenoid" time="3.555"/>
  <system-out/>
</testsuite> <!-- Tests.WebTest -->
