<?xml version="1.0" encoding="UTF-8"?>
<!-- Generated by org.testng.reporters.JUnitReportReporter -->
<testsuite hostname="fv-az502-415" failures="0" tests="1" name="Tests.WebTest" time="17.955" errors="0" timestamp="2023-02-23T08:26:07 UTC" skipped="0">
  <testcase classname="Tests.WebTest" name="testGoogleSearchUsingSelenoid" time="17.955"/>
  <system-out/>
</testsuite> <!-- Tests.WebTest -->
