<?xml version="1.0" encoding="UTF-8"?>
<!-- Generated by org.testng.reporters.JUnitReportReporter -->
<testsuite hostname="fv-az413-723" failures="0" tests="1" name="Tests.WebTest" time="7.529" errors="0" timestamp="2023-03-02T08:26:32 UTC" skipped="0">
  <testcase classname="Tests.WebTest" name="testGoogleSearchUsingSelenoid" time="7.529"/>
  <system-out/>
</testsuite> <!-- Tests.WebTest -->
