<?xml version="1.0" encoding="UTF-8"?>
<!-- Generated by org.testng.reporters.JUnitReportReporter -->
<testsuite hostname="fv-az96-434" failures="0" tests="1" name="Tests.WebTest" time="8.946" errors="0" timestamp="2022-09-05T08:28:45 UTC" skipped="0">
  <testcase classname="Tests.WebTest" name="testGoogleSearchUsingSelenoid" time="8.946"/>
  <system-out/>
</testsuite> <!-- Tests.WebTest -->
