<?xml version="1.0" encoding="UTF-8"?>
<!-- Generated by org.testng.reporters.JUnitReportReporter -->
<testsuite hostname="fv-az445-150" failures="0" tests="1" name="Tests.WebTest" time="15.548" errors="0" timestamp="2023-10-01T08:20:21 UTC" skipped="0">
  <testcase classname="Tests.WebTest" name="testGoogleSearchUsingSelenoid" time="15.548"/>
  <system-out/>
</testsuite> <!-- Tests.WebTest -->
