<?xml version="1.0" encoding="UTF-8"?>
<!-- Generated by org.testng.reporters.JUnitReportReporter -->
<testsuite hostname="fv-az447-775" failures="0" tests="1" name="Tests.WebTest" time="7.068" errors="0" timestamp="2023-09-02T08:19:39 UTC" skipped="0">
  <testcase classname="Tests.WebTest" name="testGoogleSearchUsingSelenoid" time="7.068"/>
  <system-out/>
</testsuite> <!-- Tests.WebTest -->
