<?xml version="1.0" encoding="UTF-8"?>
<!-- Generated by org.testng.reporters.JUnitReportReporter -->
<testsuite hostname="fv-az257-447" failures="0" tests="1" name="Tests.WebTest" time="5.263" errors="0" timestamp="2023-11-06T08:16:00 UTC" skipped="0">
  <testcase classname="Tests.WebTest" name="testGoogleSearchUsingSelenoid" time="5.263"/>
  <system-out/>
</testsuite> <!-- Tests.WebTest -->
