<?xml version="1.0" encoding="UTF-8"?>
<!-- Generated by org.testng.reporters.JUnitReportReporter -->
<testsuite hostname="fv-az337-532" failures="0" tests="1" name="Tests.WebTest" time="3.025" errors="0" timestamp="2023-05-31T08:14:29 UTC" skipped="0">
  <testcase classname="Tests.WebTest" name="testGoogleSearchUsingSelenoid" time="3.025"/>
  <system-out/>
</testsuite> <!-- Tests.WebTest -->
