<?xml version="1.0" encoding="UTF-8"?>
<!-- Generated by org.testng.reporters.JUnitReportReporter -->
<testsuite hostname="fv-az168-405" failures="0" tests="1" name="Tests.WebTest" time="3.020" errors="0" timestamp="2022-11-30T08:18:07 UTC" skipped="0">
  <testcase classname="Tests.WebTest" name="testGoogleSearchUsingSelenoid" time="3.020"/>
  <system-out/>
</testsuite> <!-- Tests.WebTest -->
