<?xml version="1.0" encoding="UTF-8"?>
<!-- Generated by org.testng.reporters.JUnitReportReporter -->
<testsuite hostname="fv-az290-357" failures="0" tests="1" name="Tests.WebTest" time="4.013" errors="0" timestamp="2022-09-04T08:18:16 UTC" skipped="0">
  <testcase classname="Tests.WebTest" name="testGoogleSearchUsingSelenoid" time="4.013"/>
  <system-out/>
</testsuite> <!-- Tests.WebTest -->
