<?xml version="1.0" encoding="UTF-8"?>
<!-- Generated by org.testng.reporters.JUnitReportReporter -->
<testsuite hostname="fv-az551-187" failures="0" tests="1" name="Tests.WebTest" time="15.400" errors="0" timestamp="2022-12-01T08:27:48 UTC" skipped="0">
  <testcase classname="Tests.WebTest" name="testGoogleSearchUsingSelenoid" time="15.400"/>
  <system-out/>
</testsuite> <!-- Tests.WebTest -->
