<?xml version="1.0" encoding="UTF-8"?>
<!-- Generated by org.testng.reporters.JUnitReportReporter -->
<testsuite hostname="fv-az447-780" failures="0" tests="1" name="Tests.WebTest" time="3.346" errors="0" timestamp="2023-03-23T08:15:47 UTC" skipped="0">
  <testcase classname="Tests.WebTest" name="testGoogleSearchUsingSelenoid" time="3.346"/>
  <system-out/>
</testsuite> <!-- Tests.WebTest -->
