<?xml version="1.0" encoding="UTF-8"?>
<!-- Generated by org.testng.reporters.JUnitReportReporter -->
<testsuite hostname="fv-az254-731" failures="0" tests="1" name="Tests.WebTest" time="8.373" errors="0" timestamp="2022-11-29T08:27:47 UTC" skipped="0">
  <testcase classname="Tests.WebTest" name="testGoogleSearchUsingSelenoid" time="8.373"/>
  <system-out/>
</testsuite> <!-- Tests.WebTest -->
