<?xml version="1.0" encoding="UTF-8"?>
<!-- Generated by org.testng.reporters.JUnitReportReporter -->
<testsuite hostname="fv-az221-324" failures="0" tests="1" name="Tests.WebTest" time="16.708" errors="0" timestamp="2022-12-23T08:24:19 UTC" skipped="0">
  <testcase classname="Tests.WebTest" name="testGoogleSearchUsingSelenoid" time="16.708"/>
  <system-out/>
</testsuite> <!-- Tests.WebTest -->
