<?xml version="1.0" encoding="UTF-8"?>
<!-- Generated by org.testng.reporters.JUnitReportReporter -->
<testsuite hostname="fv-az360-695" failures="0" tests="1" name="Tests.WebTest" time="15.961" errors="0" timestamp="2023-03-03T08:25:18 UTC" skipped="0">
  <testcase classname="Tests.WebTest" name="testGoogleSearchUsingSelenoid" time="15.961"/>
  <system-out/>
</testsuite> <!-- Tests.WebTest -->
