<?xml version="1.0" encoding="UTF-8"?>
<!-- Generated by org.testng.reporters.JUnitReportReporter -->
<testsuite hostname="fv-az810-928" failures="0" tests="1" name="Tests.WebTest" time="3.408" errors="0" timestamp="2023-11-10T08:14:29 UTC" skipped="0">
  <testcase classname="Tests.WebTest" name="testGoogleSearchUsingSelenoid" time="3.408"/>
  <system-out/>
</testsuite> <!-- Tests.WebTest -->
