<?xml version="1.0" encoding="UTF-8"?>
<!-- Generated by org.testng.reporters.JUnitReportReporter -->
<testsuite hostname="fv-az1251-104" failures="0" tests="1" name="Tests.WebTest" time="2.633" errors="0" timestamp="2023-11-26T08:13:47 UTC" skipped="0">
  <testcase classname="Tests.WebTest" name="testGoogleSearchUsingSelenoid" time="2.633"/>
  <system-out/>
</testsuite> <!-- Tests.WebTest -->
