<?xml version="1.0" encoding="UTF-8"?>
<!-- Generated by org.testng.reporters.JUnitReportReporter -->
<testsuite hostname="fv-az1028-215" failures="0" tests="1" name="Tests.WebTest" time="16.928" errors="0" timestamp="2023-10-07T08:20:03 UTC" skipped="0">
  <testcase classname="Tests.WebTest" name="testGoogleSearchUsingSelenoid" time="16.928"/>
  <system-out/>
</testsuite> <!-- Tests.WebTest -->
