<?xml version="1.0" encoding="UTF-8"?>
<!-- Generated by org.testng.reporters.JUnitReportReporter -->
<testsuite hostname="fv-az336-382" failures="0" tests="1" name="Tests.WebTest" time="15.764" errors="0" timestamp="2023-05-03T08:22:00 UTC" skipped="0">
  <testcase classname="Tests.WebTest" name="testGoogleSearchUsingSelenoid" time="15.764"/>
  <system-out/>
</testsuite> <!-- Tests.WebTest -->
