<?xml version="1.0" encoding="UTF-8"?>
<!-- Generated by org.testng.reporters.JUnitReportReporter -->
<testsuite hostname="fv-az298-939" failures="0" tests="1" name="Tests.WebTest" time="12.889" errors="0" timestamp="2023-07-24T08:23:25 UTC" skipped="0">
  <testcase classname="Tests.WebTest" name="testGoogleSearchUsingSelenoid" time="12.889"/>
  <system-out/>
</testsuite> <!-- Tests.WebTest -->
