<?xml version="1.0" encoding="UTF-8"?>
<!-- Generated by org.testng.reporters.JUnitReportReporter -->
<testsuite hostname="fv-az371-396" failures="0" tests="1" name="Tests.WebTest" time="5.434" errors="0" timestamp="2022-08-29T08:30:13 UTC" skipped="0">
  <testcase classname="Tests.WebTest" name="testGoogleSearchUsingSelenoid" time="5.434"/>
  <system-out/>
</testsuite> <!-- Tests.WebTest -->
