<?xml version="1.0" encoding="UTF-8"?>
<!-- Generated by org.testng.reporters.JUnitReportReporter -->
<testsuite hostname="fv-az338-519" failures="0" tests="1" name="Tests.WebTest" time="3.305" errors="0" timestamp="2023-06-11T08:13:42 UTC" skipped="0">
  <testcase classname="Tests.WebTest" name="testGoogleSearchUsingSelenoid" time="3.305"/>
  <system-out/>
</testsuite> <!-- Tests.WebTest -->
