<?xml version="1.0" encoding="UTF-8"?>
<!-- Generated by org.testng.reporters.JUnitReportReporter -->
<testsuite hostname="fv-az173-991" failures="0" tests="1" name="Tests.WebTest" time="7.039" errors="0" timestamp="2023-04-23T08:20:58 UTC" skipped="0">
  <testcase classname="Tests.WebTest" name="testGoogleSearchUsingSelenoid" time="7.039"/>
  <system-out/>
</testsuite> <!-- Tests.WebTest -->
