<?xml version="1.0" encoding="UTF-8"?>
<!-- Generated by org.testng.reporters.JUnitReportReporter -->
<testsuite hostname="fv-az548-493" failures="0" tests="1" name="Tests.WebTest" time="7.890" errors="0" timestamp="2023-02-01T08:24:38 UTC" skipped="0">
  <testcase classname="Tests.WebTest" name="testGoogleSearchUsingSelenoid" time="7.890"/>
  <system-out/>
</testsuite> <!-- Tests.WebTest -->
