<?xml version="1.0" encoding="UTF-8"?>
<!-- Generated by org.testng.reporters.JUnitReportReporter -->
<testsuite hostname="fv-az837-992" failures="0" tests="1" name="Tests.WebTest" time="7.356" errors="0" timestamp="2023-11-16T08:22:22 UTC" skipped="0">
  <testcase classname="Tests.WebTest" name="testGoogleSearchUsingSelenoid" time="7.356"/>
  <system-out/>
</testsuite> <!-- Tests.WebTest -->
