<?xml version="1.0" encoding="UTF-8"?>
<!-- Generated by org.testng.reporters.JUnitReportReporter -->
<testsuite hostname="fv-az577-887" failures="0" tests="1" name="Tests.WebTest" time="5.061" errors="0" timestamp="2022-12-30T08:23:30 UTC" skipped="0">
  <testcase classname="Tests.WebTest" name="testGoogleSearchUsingSelenoid" time="5.061"/>
  <system-out/>
</testsuite> <!-- Tests.WebTest -->
