<?xml version="1.0" encoding="UTF-8"?>
<!-- Generated by org.testng.reporters.JUnitReportReporter -->
<testsuite hostname="fv-az301-405" failures="0" tests="1" name="Tests.WebTest" time="5.990" errors="0" timestamp="2023-01-21T08:23:14 UTC" skipped="0">
  <testcase classname="Tests.WebTest" name="testGoogleSearchUsingSelenoid" time="5.990"/>
  <system-out/>
</testsuite> <!-- Tests.WebTest -->
