<?xml version="1.0" encoding="UTF-8"?>
<!-- Generated by org.testng.reporters.JUnitReportReporter -->
<testsuite hostname="fv-az575-716" failures="0" tests="1" name="Tests.WebTest" time="8.529" errors="0" timestamp="2023-11-14T08:21:27 UTC" skipped="0">
  <testcase classname="Tests.WebTest" name="testGoogleSearchUsingSelenoid" time="8.529"/>
  <system-out/>
</testsuite> <!-- Tests.WebTest -->
