<?xml version="1.0" encoding="UTF-8"?>
<!-- Generated by org.testng.reporters.JUnitReportReporter -->
<testsuite hostname="fv-az364-263" failures="0" tests="1" name="Tests.WebTest" time="12.669" errors="0" timestamp="2023-02-17T08:25:55 UTC" skipped="0">
  <testcase classname="Tests.WebTest" name="testGoogleSearchUsingSelenoid" time="12.669"/>
  <system-out/>
</testsuite> <!-- Tests.WebTest -->
