<?xml version="1.0" encoding="UTF-8"?>
<!-- Generated by org.testng.reporters.JUnitReportReporter -->
<testsuite hostname="fv-az292-658" failures="0" tests="1" name="Tests.WebTest" time="7.220" errors="0" timestamp="2022-09-30T08:40:07 UTC" skipped="0">
  <testcase classname="Tests.WebTest" name="testGoogleSearchUsingSelenoid" time="7.220"/>
  <system-out/>
</testsuite> <!-- Tests.WebTest -->
