<?xml version="1.0" encoding="UTF-8"?>
<!-- Generated by org.testng.reporters.JUnitReportReporter -->
<testsuite hostname="fv-az257-415" failures="0" tests="1" name="Tests.WebTest" time="18.161" errors="0" timestamp="2023-06-16T08:21:47 UTC" skipped="0">
  <testcase classname="Tests.WebTest" name="testGoogleSearchUsingSelenoid" time="18.161"/>
  <system-out/>
</testsuite> <!-- Tests.WebTest -->
