<?xml version="1.0" encoding="UTF-8"?>
<!-- Generated by org.testng.reporters.JUnitReportReporter -->
<testsuite hostname="fv-az210-182" failures="0" tests="1" name="Tests.WebTest" time="5.466" errors="0" timestamp="2023-02-20T08:26:42 UTC" skipped="0">
  <testcase classname="Tests.WebTest" name="testGoogleSearchUsingSelenoid" time="5.466"/>
  <system-out/>
</testsuite> <!-- Tests.WebTest -->
