<?xml version="1.0" encoding="UTF-8"?>
<!-- Generated by org.testng.reporters.JUnitReportReporter -->
<testsuite hostname="fv-az305-681" failures="0" tests="1" name="Tests.WebTest" time="2.952" errors="0" timestamp="2023-08-05T08:12:41 UTC" skipped="0">
  <testcase classname="Tests.WebTest" name="testGoogleSearchUsingSelenoid" time="2.952"/>
  <system-out/>
</testsuite> <!-- Tests.WebTest -->
