<?xml version="1.0" encoding="UTF-8"?>
<!-- Generated by org.testng.reporters.JUnitReportReporter -->
<testsuite hostname="fv-az436-685" failures="0" tests="1" name="Tests.WebTest" time="8.785" errors="0" timestamp="2022-12-24T08:22:51 UTC" skipped="0">
  <testcase classname="Tests.WebTest" name="testGoogleSearchUsingSelenoid" time="8.785"/>
  <system-out/>
</testsuite> <!-- Tests.WebTest -->
