<?xml version="1.0" encoding="UTF-8"?>
<!-- Generated by org.testng.reporters.JUnitReportReporter -->
<testsuite hostname="fv-az174-418" failures="0" tests="1" name="Tests.WebTest" time="4.378" errors="0" timestamp="2023-10-17T08:22:43 UTC" skipped="0">
  <testcase classname="Tests.WebTest" name="testGoogleSearchUsingSelenoid" time="4.378"/>
  <system-out/>
</testsuite> <!-- Tests.WebTest -->
