<?xml version="1.0" encoding="UTF-8"?>
<!-- Generated by org.testng.reporters.JUnitReportReporter -->
<testsuite hostname="fv-az576-392" failures="0" tests="1" name="Tests.WebTest" time="16.382" errors="0" timestamp="2023-05-31T08:22:13 UTC" skipped="0">
  <testcase classname="Tests.WebTest" name="testGoogleSearchUsingSelenoid" time="16.382"/>
  <system-out/>
</testsuite> <!-- Tests.WebTest -->
