<?xml version="1.0" encoding="UTF-8"?>
<!-- Generated by org.testng.reporters.JUnitReportReporter -->
<testsuite hostname="fv-az308-785" failures="0" tests="1" name="Tests.WebTest" time="4.003" errors="0" timestamp="2022-10-27T08:21:02 UTC" skipped="0">
  <testcase classname="Tests.WebTest" name="testGoogleSearchUsingSelenoid" time="4.003"/>
  <system-out/>
</testsuite> <!-- Tests.WebTest -->
