<?xml version="1.0" encoding="UTF-8"?>
<!-- Generated by org.testng.reporters.JUnitReportReporter -->
<testsuite hostname="fv-az278-719" failures="0" tests="1" name="Tests.WebTest" time="3.846" errors="0" timestamp="2022-11-12T08:28:51 UTC" skipped="0">
  <testcase classname="Tests.WebTest" name="testGoogleSearchUsingSelenoid" time="3.846"/>
  <system-out/>
</testsuite> <!-- Tests.WebTest -->
