<?xml version="1.0" encoding="UTF-8"?>
<!-- Generated by org.testng.reporters.JUnitReportReporter -->
<testsuite hostname="fv-az255-591" failures="0" tests="1" name="Tests.WebTest" time="4.057" errors="0" timestamp="2023-01-16T08:17:17 UTC" skipped="0">
  <testcase classname="Tests.WebTest" name="testGoogleSearchUsingSelenoid" time="4.057"/>
  <system-out/>
</testsuite> <!-- Tests.WebTest -->
