<?xml version="1.0" encoding="UTF-8"?>
<!-- Generated by org.testng.reporters.JUnitReportReporter -->
<testsuite hostname="fv-az436-565" failures="0" tests="1" name="Tests.WebTest" time="7.431" errors="0" timestamp="2023-01-31T08:24:30 UTC" skipped="0">
  <testcase classname="Tests.WebTest" name="testGoogleSearchUsingSelenoid" time="7.431"/>
  <system-out/>
</testsuite> <!-- Tests.WebTest -->
