<?xml version="1.0" encoding="UTF-8"?>
<!-- Generated by org.testng.reporters.JUnitReportReporter -->
<testsuite hostname="fv-az578-728" failures="0" tests="1" name="Tests.WebTest" time="3.525" errors="0" timestamp="2023-02-05T08:14:58 UTC" skipped="0">
  <testcase classname="Tests.WebTest" name="testGoogleSearchUsingSelenoid" time="3.525"/>
  <system-out/>
</testsuite> <!-- Tests.WebTest -->
