<?xml version="1.0" encoding="UTF-8"?>
<!-- Generated by org.testng.reporters.JUnitReportReporter -->
<testsuite hostname="fv-az617-982" failures="0" tests="1" name="Tests.WebTest" time="2.982" errors="0" timestamp="2022-11-17T08:20:15 UTC" skipped="0">
  <testcase classname="Tests.WebTest" name="testGoogleSearchUsingSelenoid" time="2.982"/>
  <system-out/>
</testsuite> <!-- Tests.WebTest -->
