<?xml version="1.0" encoding="UTF-8"?>
<!-- Generated by org.testng.reporters.JUnitReportReporter -->
<testsuite hostname="fv-az575-171" failures="0" tests="1" name="Tests.WebTest" time="12.176" errors="0" timestamp="2023-05-11T08:22:29 UTC" skipped="0">
  <testcase classname="Tests.WebTest" name="testGoogleSearchUsingSelenoid" time="12.176"/>
  <system-out/>
</testsuite> <!-- Tests.WebTest -->
