<?xml version="1.0" encoding="UTF-8"?>
<!-- Generated by org.testng.reporters.JUnitReportReporter -->
<testsuite hostname="fv-az280-749" failures="0" tests="1" name="Tests.WebTest" time="16.469" errors="0" timestamp="2023-04-05T08:25:24 UTC" skipped="0">
  <testcase classname="Tests.WebTest" name="testGoogleSearchUsingSelenoid" time="16.469"/>
  <system-out/>
</testsuite> <!-- Tests.WebTest -->
