<?xml version="1.0" encoding="UTF-8"?>
<!-- Generated by org.testng.reporters.JUnitReportReporter -->
<testsuite hostname="fv-az380-990" failures="0" tests="1" name="Tests.WebTest" time="4.067" errors="0" timestamp="2022-08-25T08:20:53 UTC" skipped="0">
  <testcase classname="Tests.WebTest" name="testGoogleSearchUsingSelenoid" time="4.067"/>
  <system-out/>
</testsuite> <!-- Tests.WebTest -->
