<?xml version="1.0" encoding="UTF-8"?>
<!-- Generated by org.testng.reporters.JUnitReportReporter -->
<testsuite hostname="fv-az254-483" failures="0" tests="1" name="Tests.WebTest" time="16.380" errors="0" timestamp="2023-08-24T08:21:16 UTC" skipped="0">
  <testcase classname="Tests.WebTest" name="testGoogleSearchUsingSelenoid" time="16.380"/>
  <system-out/>
</testsuite> <!-- Tests.WebTest -->
