<?xml version="1.0" encoding="UTF-8"?>
<!-- Generated by org.testng.reporters.JUnitReportReporter -->
<testsuite hostname="fv-az198-62" failures="0" tests="1" name="Tests.WebTest" time="5.970" errors="0" timestamp="2022-09-22T08:33:54 UTC" skipped="0">
  <testcase classname="Tests.WebTest" name="testGoogleSearchUsingSelenoid" time="5.970"/>
  <system-out/>
</testsuite> <!-- Tests.WebTest -->
