<?xml version="1.0" encoding="UTF-8"?>
<!-- Generated by org.testng.reporters.JUnitReportReporter -->
<testsuite hostname="fv-az951-569" failures="0" tests="1" name="Tests.WebTest" time="3.968" errors="0" timestamp="2023-09-14T08:15:03 UTC" skipped="0">
  <testcase classname="Tests.WebTest" name="testGoogleSearchUsingSelenoid" time="3.968"/>
  <system-out/>
</testsuite> <!-- Tests.WebTest -->
