<?xml version="1.0" encoding="UTF-8"?>
<!-- Generated by org.testng.reporters.JUnitReportReporter -->
<testsuite hostname="fv-az489-1" failures="0" tests="1" name="Tests.WebTest" time="6.329" errors="0" timestamp="2022-09-15T08:35:18 UTC" skipped="0">
  <testcase classname="Tests.WebTest" name="testGoogleSearchUsingSelenoid" time="6.329"/>
  <system-out/>
</testsuite> <!-- Tests.WebTest -->
