<?xml version="1.0" encoding="UTF-8"?>
<!-- Generated by org.testng.reporters.JUnitReportReporter -->
<testsuite hostname="fv-az443-829" failures="0" tests="1" name="Tests.WebTest" time="3.139" errors="0" timestamp="2022-10-21T08:25:02 UTC" skipped="0">
  <testcase classname="Tests.WebTest" name="testGoogleSearchUsingSelenoid" time="3.139"/>
  <system-out/>
</testsuite> <!-- Tests.WebTest -->
