<?xml version="1.0" encoding="UTF-8"?>
<!-- Generated by org.testng.reporters.JUnitReportReporter -->
<testsuite hostname="fv-az488-126" failures="0" tests="1" name="Tests.WebTest" time="3.213" errors="0" timestamp="2023-05-20T08:13:21 UTC" skipped="0">
  <testcase classname="Tests.WebTest" name="testGoogleSearchUsingSelenoid" time="3.213"/>
  <system-out/>
</testsuite> <!-- Tests.WebTest -->
