<?xml version="1.0" encoding="UTF-8"?>
<!-- Generated by org.testng.reporters.JUnitReportReporter -->
<testsuite hostname="fv-az478-946" failures="0" tests="1" name="Tests.WebTest" time="4.243" errors="0" timestamp="2023-02-27T08:26:58 UTC" skipped="0">
  <testcase classname="Tests.WebTest" name="testGoogleSearchUsingSelenoid" time="4.243"/>
  <system-out/>
</testsuite> <!-- Tests.WebTest -->
