<?xml version="1.0" encoding="UTF-8"?>
<!-- Generated by org.testng.reporters.JUnitReportReporter -->
<testsuite hostname="fv-az620-333" failures="0" tests="1" name="Tests.WebTest" time="8.132" errors="0" timestamp="2023-11-01T08:22:30 UTC" skipped="0">
  <testcase classname="Tests.WebTest" name="testGoogleSearchUsingSelenoid" time="8.132"/>
  <system-out/>
</testsuite> <!-- Tests.WebTest -->
