<?xml version="1.0" encoding="UTF-8"?>
<!-- Generated by org.testng.reporters.JUnitReportReporter -->
<testsuite hostname="fv-az612-593" failures="0" tests="1" name="Tests.WebTest" time="14.425" errors="0" timestamp="2023-10-19T08:22:51 UTC" skipped="0">
  <testcase classname="Tests.WebTest" name="testGoogleSearchUsingSelenoid" time="14.425"/>
  <system-out/>
</testsuite> <!-- Tests.WebTest -->
