<?xml version="1.0" encoding="UTF-8"?>
<!-- Generated by org.testng.reporters.JUnitReportReporter -->
<testsuite hostname="fv-az573-58" failures="0" tests="1" name="Tests.WebTest" time="4.941" errors="0" timestamp="2022-10-30T08:29:44 UTC" skipped="0">
  <testcase classname="Tests.WebTest" name="testGoogleSearchUsingSelenoid" time="4.941"/>
  <system-out/>
</testsuite> <!-- Tests.WebTest -->
