<?xml version="1.0" encoding="UTF-8"?>
<!-- Generated by org.testng.reporters.JUnitReportReporter -->
<testsuite hostname="fv-az174-975" failures="0" tests="1" name="Tests.WebTest" time="14.059" errors="0" timestamp="2023-08-08T08:21:48 UTC" skipped="0">
  <testcase classname="Tests.WebTest" name="testGoogleSearchUsingSelenoid" time="14.059"/>
  <system-out/>
</testsuite> <!-- Tests.WebTest -->
