<?xml version="1.0" encoding="UTF-8"?>
<!-- Generated by org.testng.reporters.JUnitReportReporter -->
<testsuite hostname="fv-az262-661" failures="0" tests="1" name="Tests.WebTest" time="17.613" errors="0" timestamp="2022-11-26T08:26:17 UTC" skipped="0">
  <testcase classname="Tests.WebTest" name="testGoogleSearchUsingSelenoid" time="17.613"/>
  <system-out/>
</testsuite> <!-- Tests.WebTest -->
