<?xml version="1.0" encoding="UTF-8"?>
<!-- Generated by org.testng.reporters.JUnitReportReporter -->
<testsuite hostname="fv-az659-361" failures="0" tests="1" name="Tests.WebTest" time="2.464" errors="0" timestamp="2023-11-14T08:14:33 UTC" skipped="0">
  <testcase classname="Tests.WebTest" name="testGoogleSearchUsingSelenoid" time="2.464"/>
  <system-out/>
</testsuite> <!-- Tests.WebTest -->
