<?xml version="1.0" encoding="UTF-8"?>
<!-- Generated by org.testng.reporters.JUnitReportReporter -->
<testsuite hostname="fv-az339-164" failures="0" tests="1" name="Tests.WebTest" time="3.802" errors="0" timestamp="2023-09-19T08:22:25 UTC" skipped="0">
  <testcase classname="Tests.WebTest" name="testGoogleSearchUsingSelenoid" time="3.802"/>
  <system-out/>
</testsuite> <!-- Tests.WebTest -->
