<?xml version="1.0" encoding="UTF-8"?>
<!-- Generated by org.testng.reporters.JUnitReportReporter -->
<testsuite hostname="fv-az183-630" failures="0" tests="1" name="Tests.WebTest" time="6.474" errors="0" timestamp="2022-11-13T08:28:34 UTC" skipped="0">
  <testcase classname="Tests.WebTest" name="testGoogleSearchUsingSelenoid" time="6.474"/>
  <system-out/>
</testsuite> <!-- Tests.WebTest -->
