<?xml version="1.0" encoding="UTF-8"?>
<!-- Generated by org.testng.reporters.JUnitReportReporter -->
<testsuite hostname="fv-az471-826" failures="0" tests="1" name="Tests.WebTest" time="18.229" errors="0" timestamp="2023-02-08T08:26:04 UTC" skipped="0">
  <testcase classname="Tests.WebTest" name="testGoogleSearchUsingSelenoid" time="18.229"/>
  <system-out/>
</testsuite> <!-- Tests.WebTest -->
