<?xml version="1.0" encoding="UTF-8"?>
<!-- Generated by org.testng.reporters.JUnitReportReporter -->
<testsuite hostname="fv-az193-672" failures="0" tests="1" name="Tests.WebTest" time="6.984" errors="0" timestamp="2022-11-01T08:31:41 UTC" skipped="0">
  <testcase classname="Tests.WebTest" name="testGoogleSearchUsingSelenoid" time="6.984"/>
  <system-out/>
</testsuite> <!-- Tests.WebTest -->
