<?xml version="1.0" encoding="UTF-8"?>
<!-- Generated by org.testng.reporters.JUnitReportReporter -->
<testsuite hostname="fv-az177-113" failures="0" tests="1" name="Tests.WebTest" time="3.925" errors="0" timestamp="2023-10-24T08:15:28 UTC" skipped="0">
  <testcase classname="Tests.WebTest" name="testGoogleSearchUsingSelenoid" time="3.925"/>
  <system-out/>
</testsuite> <!-- Tests.WebTest -->
