<?xml version="1.0" encoding="UTF-8"?>
<!-- Generated by org.testng.reporters.JUnitReportReporter -->
<testsuite skipped="0" hostname="srirams-MBP" name="FrameworkWithoutPageFactory.Testcase1" tests="2" failures="0" timestamp="2022-09-12T12:10:50 IST" time="6.096" errors="0">
  <testcase name="testEcommerceNegative" time="5.457" classname="FrameworkWithoutPageFactory.Testcase1"/>
  <system-out/>
  <testcase name="testEcommercePositive" time="0.639" classname="FrameworkWithoutPageFactory.Testcase1"/>
  <system-out/>
</testsuite> <!-- FrameworkWithoutPageFactory.Testcase1 -->
