<?xml version="1.0" encoding="UTF-8"?>
<!-- Generated by org.testng.reporters.JUnitReportReporter -->
<testsuite skipped="0" hostname="srirams-MBP" name="FrameworkWithoutPageFactoryParallelMethods.TestCaseParallelMethods2" tests="2" failures="0" timestamp="2022-09-13T09:01:15 IST" time="22.417" errors="0">
  <testcase name="test4" time="11.228" classname="FrameworkWithoutPageFactoryParallelMethods.TestCaseParallelMethods2"/>
  <system-out/>
  <testcase name="test3" time="11.189" classname="FrameworkWithoutPageFactoryParallelMethods.TestCaseParallelMethods2"/>
  <system-out/>
</testsuite> <!-- FrameworkWithoutPageFactoryParallelMethods.TestCaseParallelMethods2 -->
