<?xml version="1.0" encoding="UTF-8"?>
<!-- Generated by org.testng.reporters.JUnitReportReporter -->
<testsuite skipped="0" hostname="srirams-MBP" name="FrameworkWithoutPageFactory.Testcase1" tests="4" failures="0" timestamp="2022-09-12T11:31:07 IST" time="15.229" errors="0">
  <testcase name="testEcommercePositive" time="1.079" classname="FrameworkWithoutPageFactory.Testcase1"/>
  <system-out/>
  <testcase name="testEcommerceNegative" time="6.582" classname="FrameworkWithoutPageFactory.Testcase1"/>
  <system-out/>
  <testcase name="testEcommercePositive" time="0.707" classname="FrameworkWithoutPageFactory.Testcase1"/>
  <system-out/>
  <testcase name="testEcommerceNegative" time="6.861" classname="FrameworkWithoutPageFactory.Testcase1"/>
  <system-out/>
</testsuite> <!-- FrameworkWithoutPageFactory.Testcase1 -->
