<?xml version="1.0" encoding="UTF-8"?>
<!-- Generated by org.testng.reporters.JUnitReportReporter -->
<testsuite skipped="0" hostname="in-sriramku.local" name="Tests.LoginTest" tests="2" failures="0" timestamp="25 Jun 2018 12:07:59 GMT" time="27.904" errors="0">
  <testcase name="loginTest_InValidCase" time="25.477" classname="Tests.LoginTest"/>
  <testcase name="loginTest_ValidCase" time="2.427" classname="Tests.LoginTest"/>
</testsuite> <!-- Tests.LoginTest -->
