<?xml version="1.0" encoding="UTF-8"?>
<!-- Generated by org.testng.reporters.JUnitReportReporter -->
<testsuite skipped="0" hostname="OF011DT3NSMD6NI" name="Tests.AzureTest1" tests="1" failures="0" timestamp="2022-05-01T09:17:38 CDT" time="4.298" errors="0">
  <testcase name="test1" time="4.298" classname="Tests.AzureTest1"/>
  <system-out/>
</testsuite> <!-- Tests.AzureTest1 -->
