<?xml version="1.0" encoding="UTF-8"?>
<!-- Generated by org.testng.reporters.JUnitReportReporter -->
<testsuite skipped="0" hostname="srirams-MBP" name="FrameworkWithoutPageFactoryParallelMethods.Testcase2" tests="2" failures="0" timestamp="2022-09-12T22:40:50 IST" time="19.661" errors="0">
  <testcase name="testAmazon" time="11.655" classname="FrameworkWithoutPageFactoryParallelMethods.Testcase2"/>
  <system-out/>
  <testcase name="testGoogle" time="8.006" classname="FrameworkWithoutPageFactoryParallelMethods.Testcase2"/>
  <system-out/>
</testsuite> <!-- FrameworkWithoutPageFactoryParallelMethods.Testcase2 -->
