<?xml version="1.0" encoding="UTF-8"?>
<!-- Generated by org.testng.reporters.JUnitReportReporter -->
<testsuite skipped="0" hostname="srirams-MBP" name="FrameworkWithoutPageFactory.Testcase3Parallel" tests="2" failures="0" timestamp="2022-09-12T09:58:12 IST" time="10.731" errors="0">
  <testcase name="testPositive" time="6.343" classname="FrameworkWithoutPageFactory.Testcase3Parallel"/>
  <system-out/>
  <testcase name="testNegative" time="4.388" classname="FrameworkWithoutPageFactory.Testcase3Parallel"/>
  <system-out/>
</testsuite> <!-- FrameworkWithoutPageFactory.Testcase3Parallel -->
