<?xml version="1.0" encoding="UTF-8"?>
<!-- Generated by org.testng.reporters.JUnitReportReporter -->
<testsuite skipped="0" hostname="OF011DT3NSMD6NI" name="SeleniumGrid.Two" tests="1" failures="0" timestamp="2022-01-30T08:13:43 CST" time="17.603" errors="0">
  <testcase name="testTwo" time="17.603" classname="SeleniumGrid.Two"/>
  <system-out/>
</testsuite> <!-- SeleniumGrid.Two -->
