<?xml version="1.0" encoding="UTF-8"?>
<!-- Generated by org.testng.reporters.JUnitReportReporter -->
<testsuite skipped="0" hostname="OF011DT3NSMD6NI" name="Tests.DataProvider_Example" tests="2" failures="0" timestamp="2022-04-23T06:11:14 CDT" time="0.006" errors="0">
  <testcase name="testDataProvider" time="0.001" classname="Tests.DataProvider_Example"/>
  <system-out/>
  <testcase name="testDataProvider" time="0.005" classname="Tests.DataProvider_Example"/>
  <system-out/>
</testsuite> <!-- Tests.DataProvider_Example -->
