<?xml version="1.0" encoding="UTF-8"?>
<!-- Generated by org.testng.reporters.JUnitReportReporter -->
<testsuite skipped="0" hostname="srirams-MBP" name="PDFExamples.NewTest" tests="1" failures="0" timestamp="2022-09-07T11:46:15 IST" time="0.901" errors="0">
  <testcase name="f" time="0.901" classname="PDFExamples.NewTest"/>
  <system-out/>
</testsuite> <!-- PDFExamples.NewTest -->
