<?xml version="1.0" encoding="UTF-8"?>
<!-- Generated by org.testng.reporters.JUnitReportReporter -->
<testsuite skipped="0" hostname="srirams-MBP" name="FrameworkWithoutPageFactoryParallelMethods.TestCaseParallelMethods" tests="4" failures="0" timestamp="2022-09-12T22:55:46 IST" time="45.486" errors="0">
  <testcase name="test" time="12.990" classname="FrameworkWithoutPageFactoryParallelMethods.TestCaseParallelMethods"/>
  <system-out/>
  <testcase name="test1" time="13.229" classname="FrameworkWithoutPageFactoryParallelMethods.TestCaseParallelMethods"/>
  <system-out/>
  <testcase name="test1" time="9.791" classname="FrameworkWithoutPageFactoryParallelMethods.TestCaseParallelMethods"/>
  <system-out/>
  <testcase name="test" time="9.476" classname="FrameworkWithoutPageFactoryParallelMethods.TestCaseParallelMethods"/>
  <system-out/>
</testsuite> <!-- FrameworkWithoutPageFactoryParallelMethods.TestCaseParallelMethods -->
