<?xml version="1.0" encoding="UTF-8"?>
<!-- Generated by org.testng.reporters.JUnitReportReporter -->
<testsuite skipped="0" hostname="srirams-MBP" name="FrameworkWithoutPageFactoryParallelMethods.TestCaseParallelMethods" tests="2" failures="0" timestamp="2022-09-13T09:01:15 IST" time="22.397" errors="0">
  <testcase name="test2" time="11.180" classname="FrameworkWithoutPageFactoryParallelMethods.TestCaseParallelMethods"/>
  <system-out/>
  <testcase name="test1" time="11.217" classname="FrameworkWithoutPageFactoryParallelMethods.TestCaseParallelMethods"/>
  <system-out/>
</testsuite> <!-- FrameworkWithoutPageFactoryParallelMethods.TestCaseParallelMethods -->
