<?xml version="1.0" encoding="UTF-8"?>
<!-- Generated by org.testng.reporters.JUnitReportReporter -->
<testsuite skipped="0" hostname="in-sriramku.local" name="Selenium4.WebDriverManagerExample" tests="1" failures="0" timestamp="08 Jun 2020 12:22:20 GMT" time="5.791" errors="0">
  <testcase name="testFunction" time="5.791" classname="Selenium4.WebDriverManagerExample"/>
</testsuite> <!-- Selenium4.WebDriverManagerExample -->
