<?xml version="1.0" encoding="UTF-8"?>
<!-- Generated by org.testng.reporters.JUnitReportReporter -->
<testsuite skipped="0" hostname="srirams-MBP" name="FrameworkWithoutPageFactoryParallelMethods.TestCaseParallelMethods" tests="4" failures="0" timestamp="2022-10-20T15:36:54 IST" time="42.910" errors="0">
  <testcase name="test1" time="8.897" classname="FrameworkWithoutPageFactoryParallelMethods.TestCaseParallelMethods"/>
  <system-out/>
  <testcase name="test2" time="8.917" classname="FrameworkWithoutPageFactoryParallelMethods.TestCaseParallelMethods"/>
  <system-out/>
  <testcase name="test1" time="12.331" classname="FrameworkWithoutPageFactoryParallelMethods.TestCaseParallelMethods"/>
  <system-out/>
  <testcase name="test2" time="12.765" classname="FrameworkWithoutPageFactoryParallelMethods.TestCaseParallelMethods"/>
  <system-out/>
</testsuite> <!-- FrameworkWithoutPageFactoryParallelMethods.TestCaseParallelMethods -->
