<?xml version="1.0" encoding="UTF-8"?>
<!-- Generated by org.testng.reporters.JUnitReportReporter -->
<testsuite skipped="0" hostname="srirams-MBP" name="FrameworkWithoutPageFactory.Testcase2" tests="4" failures="0" timestamp="2022-09-12T11:31:07 IST" time="16.613" errors="0">
  <testcase name="testAmazon" time="4.181" classname="FrameworkWithoutPageFactory.Testcase2"/>
  <system-out/>
  <testcase name="testGoogle" time="3.744" classname="FrameworkWithoutPageFactory.Testcase2"/>
  <system-out/>
  <testcase name="testAmazon" time="3.614" classname="FrameworkWithoutPageFactory.Testcase2"/>
  <system-out/>
  <testcase name="testGoogle" time="5.074" classname="FrameworkWithoutPageFactory.Testcase2"/>
  <system-out/>
</testsuite> <!-- FrameworkWithoutPageFactory.Testcase2 -->
