<?xml version="1.0" encoding="UTF-8"?>
<!-- Generated by org.testng.reporters.JUnitReportReporter -->
<testsuite skipped="0" hostname="in-sriramku.local" name="Tests.FullPageScreenshot_Example" tests="1" failures="0" timestamp="24 May 2020 08:10:28 GMT" time="12.172" errors="0">
  <testcase name="testFunction" time="12.172" classname="Tests.FullPageScreenshot_Example"/>
</testsuite> <!-- Tests.FullPageScreenshot_Example -->
