<?xml version="1.0" encoding="UTF-8"?>
<!-- Generated by org.testng.reporters.JUnitReportReporter -->
<testsuite skipped="0" hostname="srirams-MBP" name="FrameworkWithoutPageFactory.Testcase2" tests="2" failures="0" timestamp="2022-09-12T12:10:50 IST" time="5.829" errors="0">
  <testcase name="testAmazon" time="2.369" classname="FrameworkWithoutPageFactory.Testcase2"/>
  <system-out/>
  <testcase name="testGoogle" time="3.460" classname="FrameworkWithoutPageFactory.Testcase2"/>
  <system-out/>
</testsuite> <!-- FrameworkWithoutPageFactory.Testcase2 -->
