<?xml version="1.0" encoding="UTF-8"?>
<!-- Generated by org.testng.reporters.JUnitReportReporter -->
<testsuite skipped="0" hostname="in-sriramku.local" name="Tests.SeleniumChromeExtension" tests="1" failures="0" timestamp="17 May 2020 13:54:51 GMT" time="2.967" errors="0">
  <testcase name="chromeExtension" time="2.967" classname="Tests.SeleniumChromeExtension"/>
</testsuite> <!-- Tests.SeleniumChromeExtension -->
