<?xml version="1.0" encoding="UTF-8"?>
<!-- Generated by org.testng.reporters.JUnitReportReporter -->
<testsuite hostname="22648-MacBook-Prolocal.local" failures="0" tests="1" name="Tests.WebTest" time="5.413" errors="0" timestamp="2023-12-30T21:20:02 IST" skipped="0">
  <testcase classname="Tests.WebTest" name="testGoogleSearchUsingSelenoid" time="5.413"/>
  <system-out/>
</testsuite> <!-- Tests.WebTest -->
