<?xml version="1.0" encoding="UTF-8"?>
<!-- Generated by org.testng.reporters.JUnitReportReporter -->
<testsuite skipped="0" hostname="srirams-MBP" name="FrameworkWithoutPageFactory.Testcase2continued" tests="4" failures="0" timestamp="2022-09-12T11:31:07 IST" time="9.689" errors="0">
  <testcase name="testFacebook" time="2.727" classname="FrameworkWithoutPageFactory.Testcase2continued"/>
  <system-out/>
  <testcase name="testLinkedin" time="1.292" classname="FrameworkWithoutPageFactory.Testcase2continued"/>
  <system-out/>
  <testcase name="testLinkedin" time="2.892" classname="FrameworkWithoutPageFactory.Testcase2continued"/>
  <system-out/>
  <testcase name="testFacebook" time="2.778" classname="FrameworkWithoutPageFactory.Testcase2continued"/>
  <system-out/>
</testsuite> <!-- FrameworkWithoutPageFactory.Testcase2continued -->
