<?xml version="1.0" encoding="UTF-8"?>
<!-- Generated by org.testng.reporters.JUnitReportReporter -->
<testsuite skipped="0" hostname="OF011DT3NSMD6NI" name="Selenium4.EmulateSlowNetwork" tests="2" failures="0" timestamp="2022-01-02T01:23:36 CST" time="46.639" errors="0">
  <testcase name="normalNetwork" time="4.019" classname="Selenium4.EmulateSlowNetwork"/>
  <system-out/>
  <testcase name="slowNetwork" time="42.620" classname="Selenium4.EmulateSlowNetwork"/>
  <system-out/>
</testsuite> <!-- Selenium4.EmulateSlowNetwork -->
