<?xml version="1.0" encoding="UTF-8"?>
<!-- Generated by org.testng.reporters.JUnitReportReporter -->
<testsuite skipped="0" hostname="OF011DT3NSMD6NI" name="framework.FrameWorkTestWithBaseClass" tests="1" failures="0" timestamp="2022-04-24T08:22:53 CDT" time="0.348" errors="0">
  <testcase name="test" time="0.348" classname="framework.FrameWorkTestWithBaseClass"/>
  <system-out/>
</testsuite> <!-- framework.FrameWorkTestWithBaseClass -->
