<?xml version="1.0" encoding="UTF-8"?>
<!-- Generated by org.testng.reporters.JUnitReportReporter -->
<testsuite skipped="0" hostname="srirams-MBP" name="FrameworkWithoutPageFactory.Testcase1" tests="2" failures="0" timestamp="2022-09-11T19:21:20 IST" time="6.811" errors="0">
  <testcase name="testNegative" time="5.841" classname="FrameworkWithoutPageFactory.Testcase1"/>
  <system-out/>
  <testcase name="testPositive" time="0.970" classname="FrameworkWithoutPageFactory.Testcase1"/>
  <system-out/>
</testsuite> <!-- FrameworkWithoutPageFactory.Testcase1 -->
