<?xml version="1.0" encoding="UTF-8"?>
<!-- Generated by org.testng.reporters.JUnitReportReporter -->
<testsuite skipped="0" hostname="in-sriramku.local" name="Tests.UpdateProfiles" tests="1" failures="0" timestamp="10 Jul 2018 04:21:28 GMT" time="161.139" errors="0">
  <testcase name="f" time="161.139" classname="Tests.UpdateProfiles"/>
</testsuite> <!-- Tests.UpdateProfiles -->
