<?xml version="1.0" encoding="UTF-8"?>
<!-- Generated by org.testng.reporters.JUnitReportReporter -->
<testsuite skipped="0" hostname="OF011DT3NSMD6NI" name="ExtentReports.TestExtentReportsAttachLogo" tests="1" failures="0" timestamp="2022-05-03T10:07:33 CDT" time="0.792" errors="0">
  <testcase name="f" time="0.792" classname="ExtentReports.TestExtentReportsAttachLogo"/>
  <system-out/>
</testsuite> <!-- ExtentReports.TestExtentReportsAttachLogo -->
