<?xml version="1.0" encoding="UTF-8"?>
<!-- Generated by org.testng.reporters.JUnitReportReporter -->
<testsuite skipped="0" hostname="OF011DT3NSMD6NI" name="SeleniumDocker.AmuthanExample" tests="1" failures="0" timestamp="2022-08-01T09:23:18 IST" time="16.443" errors="0">
  <testcase name="setup" time="16.443" classname="SeleniumDocker.AmuthanExample"/>
  <system-out/>
</testsuite> <!-- SeleniumDocker.AmuthanExample -->
