<?xml version="1.0" encoding="UTF-8"?>
<!-- Generated by org.testng.reporters.JUnitReportReporter -->
<testsuite skipped="0" hostname="in-sriramku.local" name="Tests.DevTools_Launch" tests="1" failures="0" timestamp="17 May 2020 14:18:10 GMT" time="8.223" errors="0">
  <testcase name="chromeExtension" time="8.223" classname="Tests.DevTools_Launch"/>
</testsuite> <!-- Tests.DevTools_Launch -->
