<?xml version="1.0" encoding="UTF-8"?>
<!-- Generated by org.testng.reporters.JUnitReportReporter -->
<testsuite skipped="0" hostname="srirams-MBP" name="FrameworkWithoutPageFactory.Testcase2continued" tests="2" failures="0" timestamp="2022-09-12T12:10:50 IST" time="3.103" errors="0">
  <testcase name="testFacebook" time="1.735" classname="FrameworkWithoutPageFactory.Testcase2continued"/>
  <system-out/>
  <testcase name="testLinkedin" time="1.368" classname="FrameworkWithoutPageFactory.Testcase2continued"/>
  <system-out/>
</testsuite> <!-- FrameworkWithoutPageFactory.Testcase2continued -->
