<?xml version="1.0" encoding="UTF-8"?>
<!-- Generated by org.testng.reporters.JUnitReportReporter -->
<testsuite skipped="0" hostname="srirams-MBP" name="FrameworkWithoutPageFactoryParallelMethods.Testcase2" tests="2" failures="0" timestamp="2022-09-12T11:25:01 IST" time="19.420" errors="0">
  <testcase name="testAmazon" time="9.708" classname="FrameworkWithoutPageFactoryParallelMethods.Testcase2"/>
  <system-out/>
  <testcase name="testGoogle" time="9.712" classname="FrameworkWithoutPageFactoryParallelMethods.Testcase2"/>
  <system-out/>
</testsuite> <!-- FrameworkWithoutPageFactoryParallelMethods.Testcase2 -->
